[2021-04-21 16:28:37,603] {logging_mixin.py:104} INFO - Sending to executor.
[2021-04-21 16:28:37,604] {base_executor.py:82} INFO - Adding to queue: ['airflow', 'tasks', 'run', 'example_bash_operator', 'runme_0', '2015-01-01T00:00:00+00:00', '--local', '--pool', 'default_pool', '--subdir', '/Users/wschrep/FreelanceWork/VIAA/IIIF_newproject/python_env/lib/python3.8/site-packages/airflow/example_dags/example_bash_operator.py']
[2021-04-21 16:28:37,604] {sequential_executor.py:59} INFO - Executing command: ['airflow', 'tasks', 'run', 'example_bash_operator', 'runme_0', '2015-01-01T00:00:00+00:00', '--local', '--pool', 'default_pool', '--subdir', '/Users/wschrep/FreelanceWork/VIAA/IIIF_newproject/python_env/lib/python3.8/site-packages/airflow/example_dags/example_bash_operator.py']
[2021-04-21 16:28:38,949] {taskinstance.py:877} INFO - Dependencies all met for <TaskInstance: example_bash_operator.runme_0 2015-01-01T00:00:00+00:00 [None]>
[2021-04-21 16:28:38,959] {taskinstance.py:877} INFO - Dependencies all met for <TaskInstance: example_bash_operator.runme_0 2015-01-01T00:00:00+00:00 [None]>
[2021-04-21 16:28:38,959] {taskinstance.py:1068} INFO - 
--------------------------------------------------------------------------------
[2021-04-21 16:28:38,959] {taskinstance.py:1069} INFO - Starting attempt 1 of 1
[2021-04-21 16:28:38,959] {taskinstance.py:1070} INFO - 
--------------------------------------------------------------------------------
[2021-04-21 16:28:38,968] {taskinstance.py:1089} INFO - Executing <Task(BashOperator): runme_0> on 2015-01-01T00:00:00+00:00
[2021-04-21 16:28:38,972] {standard_task_runner.py:52} INFO - Started process 68401 to run task
[2021-04-21 16:28:38,982] {standard_task_runner.py:76} INFO - Running: ['airflow', 'tasks', 'run', 'example_bash_operator', 'runme_0', '2015-01-01T00:00:00+00:00', '--job-id', '11', '--pool', 'default_pool', '--raw', '--subdir', '/Users/wschrep/FreelanceWork/VIAA/IIIF_newproject/python_env/lib/python3.8/site-packages/airflow/example_dags/example_bash_operator.py', '--cfg-path', '/var/folders/68/c_pd8_vj55d9mdvv3mvllkh00000gn/T/tmpk1fu0mgv', '--error-file', '/var/folders/68/c_pd8_vj55d9mdvv3mvllkh00000gn/T/tmpuar35vnb']
[2021-04-21 16:28:38,983] {standard_task_runner.py:77} INFO - Job 11: Subtask runme_0
[2021-04-21 16:28:39,029] {logging_mixin.py:104} INFO - Running <TaskInstance: example_bash_operator.runme_0 2015-01-01T00:00:00+00:00 [running]> on host 1.0.0.0.0.0.0.0.0.0.0.0.0.0.0.0.0.0.0.0.0.0.0.0.0.0.0.0.0.0.0.0.ip6.arpa
[2021-04-21 16:28:39,066] {taskinstance.py:1281} INFO - Exporting the following env vars:
AIRFLOW_CTX_DAG_OWNER=airflow
AIRFLOW_CTX_DAG_ID=example_bash_operator
AIRFLOW_CTX_TASK_ID=runme_0
AIRFLOW_CTX_EXECUTION_DATE=2015-01-01T00:00:00+00:00
[2021-04-21 16:28:39,067] {bash.py:135} INFO - Tmp dir root location: 
 /var/folders/68/c_pd8_vj55d9mdvv3mvllkh00000gn/T
[2021-04-21 16:28:39,071] {bash.py:158} INFO - Running command: echo "example_bash_operator__runme_0__20150101" && sleep 1
[2021-04-21 16:28:39,097] {bash.py:169} INFO - Output:
[2021-04-21 16:28:39,110] {bash.py:173} INFO - example_bash_operator__runme_0__20150101
[2021-04-21 16:28:40,129] {bash.py:177} INFO - Command exited with return code 0
[2021-04-21 16:28:40,160] {taskinstance.py:1185} INFO - Marking task as SUCCESS. dag_id=example_bash_operator, task_id=runme_0, execution_date=20150101T000000, start_date=20210421T142838, end_date=20210421T142840
[2021-04-21 16:28:40,227] {local_task_job.py:146} INFO - Task exited with return code 1
