[2021-04-21 16:28:31,399] {taskinstance.py:877} INFO - Dependencies all met for <TaskInstance: example_bash_operator.runme_2 2021-04-20T00:00:00+00:00 [queued]>
[2021-04-21 16:28:31,411] {taskinstance.py:877} INFO - Dependencies all met for <TaskInstance: example_bash_operator.runme_2 2021-04-20T00:00:00+00:00 [queued]>
[2021-04-21 16:28:31,411] {taskinstance.py:1068} INFO - 
--------------------------------------------------------------------------------
[2021-04-21 16:28:31,411] {taskinstance.py:1069} INFO - Starting attempt 1 of 1
[2021-04-21 16:28:31,411] {taskinstance.py:1070} INFO - 
--------------------------------------------------------------------------------
[2021-04-21 16:28:31,421] {taskinstance.py:1089} INFO - Executing <Task(BashOperator): runme_2> on 2021-04-20T00:00:00+00:00
[2021-04-21 16:28:31,423] {standard_task_runner.py:52} INFO - Started process 68337 to run task
[2021-04-21 16:28:31,430] {standard_task_runner.py:76} INFO - Running: ['airflow', 'tasks', 'run', 'example_bash_operator', 'runme_2', '2021-04-20T00:00:00+00:00', '--job-id', '8', '--pool', 'default_pool', '--raw', '--subdir', '/Users/wschrep/FreelanceWork/VIAA/IIIF_newproject/python_env/lib/python3.8/site-packages/airflow/example_dags/example_bash_operator.py', '--cfg-path', '/var/folders/68/c_pd8_vj55d9mdvv3mvllkh00000gn/T/tmpp1hdt60d', '--error-file', '/var/folders/68/c_pd8_vj55d9mdvv3mvllkh00000gn/T/tmp2q9yq0ej']
[2021-04-21 16:28:31,432] {standard_task_runner.py:77} INFO - Job 8: Subtask runme_2
[2021-04-21 16:28:31,484] {logging_mixin.py:104} INFO - Running <TaskInstance: example_bash_operator.runme_2 2021-04-20T00:00:00+00:00 [running]> on host 1.0.0.0.0.0.0.0.0.0.0.0.0.0.0.0.0.0.0.0.0.0.0.0.0.0.0.0.0.0.0.0.ip6.arpa
[2021-04-21 16:28:31,532] {taskinstance.py:1281} INFO - Exporting the following env vars:
AIRFLOW_CTX_DAG_OWNER=airflow
AIRFLOW_CTX_DAG_ID=example_bash_operator
AIRFLOW_CTX_TASK_ID=runme_2
AIRFLOW_CTX_EXECUTION_DATE=2021-04-20T00:00:00+00:00
AIRFLOW_CTX_DAG_RUN_ID=scheduled__2021-04-20T00:00:00+00:00
[2021-04-21 16:28:31,533] {bash.py:135} INFO - Tmp dir root location: 
 /var/folders/68/c_pd8_vj55d9mdvv3mvllkh00000gn/T
[2021-04-21 16:28:31,534] {bash.py:158} INFO - Running command: echo "example_bash_operator__runme_2__20210420" && sleep 1
[2021-04-21 16:28:31,548] {bash.py:169} INFO - Output:
[2021-04-21 16:28:31,554] {bash.py:173} INFO - example_bash_operator__runme_2__20210420
[2021-04-21 16:28:32,559] {bash.py:177} INFO - Command exited with return code 0
[2021-04-21 16:28:32,573] {taskinstance.py:1185} INFO - Marking task as SUCCESS. dag_id=example_bash_operator, task_id=runme_2, execution_date=20210420T000000, start_date=20210421T142831, end_date=20210421T142832
[2021-04-21 16:28:32,593] {taskinstance.py:1246} INFO - 1 downstream tasks scheduled from follow-on schedule check
[2021-04-21 16:28:32,612] {local_task_job.py:146} INFO - Task exited with return code 0
