[2021-04-23 02:35:30,959] {taskinstance.py:877} INFO - Dependencies all met for <TaskInstance: example_bash_operator.runme_1 2021-04-22T00:00:00+00:00 [queued]>
[2021-04-23 02:35:30,969] {taskinstance.py:877} INFO - Dependencies all met for <TaskInstance: example_bash_operator.runme_1 2021-04-22T00:00:00+00:00 [queued]>
[2021-04-23 02:35:30,970] {taskinstance.py:1068} INFO - 
--------------------------------------------------------------------------------
[2021-04-23 02:35:30,970] {taskinstance.py:1069} INFO - Starting attempt 1 of 1
[2021-04-23 02:35:30,970] {taskinstance.py:1070} INFO - 
--------------------------------------------------------------------------------
[2021-04-23 02:35:30,983] {taskinstance.py:1089} INFO - Executing <Task(BashOperator): runme_1> on 2021-04-22T00:00:00+00:00
[2021-04-23 02:35:30,996] {standard_task_runner.py:76} INFO - Running: ['airflow', 'tasks', 'run', 'example_bash_operator', 'runme_1', '2021-04-22T00:00:00+00:00', '--job-id', '19', '--pool', 'default_pool', '--raw', '--subdir', '/Users/wschrep/FreelanceWork/VIAA/IIIF_newproject/python_env/lib/python3.8/site-packages/airflow/example_dags/example_bash_operator.py', '--cfg-path', '/var/folders/68/c_pd8_vj55d9mdvv3mvllkh00000gn/T/tmpm842ljt2', '--error-file', '/var/folders/68/c_pd8_vj55d9mdvv3mvllkh00000gn/T/tmp5ir3rf69']
[2021-04-23 02:35:30,997] {standard_task_runner.py:77} INFO - Job 19: Subtask runme_1
[2021-04-23 02:35:30,988] {standard_task_runner.py:52} INFO - Started process 68520 to run task
[2021-04-23 02:35:31,057] {logging_mixin.py:104} INFO - Running <TaskInstance: example_bash_operator.runme_1 2021-04-22T00:00:00+00:00 [running]> on host 1.0.0.0.0.0.0.0.0.0.0.0.0.0.0.0.0.0.0.0.0.0.0.0.0.0.0.0.0.0.0.0.ip6.arpa
[2021-04-23 02:35:31,114] {taskinstance.py:1281} INFO - Exporting the following env vars:
AIRFLOW_CTX_DAG_OWNER=airflow
AIRFLOW_CTX_DAG_ID=example_bash_operator
AIRFLOW_CTX_TASK_ID=runme_1
AIRFLOW_CTX_EXECUTION_DATE=2021-04-22T00:00:00+00:00
AIRFLOW_CTX_DAG_RUN_ID=scheduled__2021-04-22T00:00:00+00:00
[2021-04-23 02:35:31,115] {bash.py:135} INFO - Tmp dir root location: 
 /var/folders/68/c_pd8_vj55d9mdvv3mvllkh00000gn/T
[2021-04-23 02:35:31,118] {bash.py:158} INFO - Running command: echo "example_bash_operator__runme_1__20210422" && sleep 1
[2021-04-23 02:35:31,139] {bash.py:169} INFO - Output:
[2021-04-23 02:35:31,147] {bash.py:173} INFO - example_bash_operator__runme_1__20210422
[2021-04-23 02:35:32,160] {bash.py:177} INFO - Command exited with return code 0
[2021-04-23 02:35:32,182] {taskinstance.py:1185} INFO - Marking task as SUCCESS. dag_id=example_bash_operator, task_id=runme_1, execution_date=20210422T000000, start_date=20210423T003530, end_date=20210423T003532
[2021-04-23 02:35:32,211] {taskinstance.py:1246} INFO - 0 downstream tasks scheduled from follow-on schedule check
[2021-04-23 02:35:32,241] {local_task_job.py:146} INFO - Task exited with return code 0
