[2021-04-23 02:35:57,304] {scheduler_job.py:182} INFO - Started process (PID=68655) to work on /Users/wschrep/FreelanceWork/VIAA/IIIF_newproject/python_env/lib/python3.8/site-packages/airflow/example_dags/tutorial.py
[2021-04-23 02:35:57,305] {scheduler_job.py:629} INFO - Processing file /Users/wschrep/FreelanceWork/VIAA/IIIF_newproject/python_env/lib/python3.8/site-packages/airflow/example_dags/tutorial.py for tasks to queue
[2021-04-23 02:35:57,305] {logging_mixin.py:104} INFO - [2021-04-23 02:35:57,305] {dagbag.py:451} INFO - Filling up the DagBag from /Users/wschrep/FreelanceWork/VIAA/IIIF_newproject/python_env/lib/python3.8/site-packages/airflow/example_dags/tutorial.py
[2021-04-23 02:35:57,315] {scheduler_job.py:639} INFO - DAG(s) dict_keys(['tutorial']) retrieved from /Users/wschrep/FreelanceWork/VIAA/IIIF_newproject/python_env/lib/python3.8/site-packages/airflow/example_dags/tutorial.py
[2021-04-23 02:35:57,356] {logging_mixin.py:104} INFO - [2021-04-23 02:35:57,356] {dag.py:1824} INFO - Sync 1 DAGs
[2021-04-23 02:35:57,365] {logging_mixin.py:104} INFO - [2021-04-23 02:35:57,364] {dag.py:2280} INFO - Setting next_dagrun for tutorial to 2021-04-21 00:00:00+00:00
[2021-04-23 02:35:57,374] {scheduler_job.py:190} INFO - Processing /Users/wschrep/FreelanceWork/VIAA/IIIF_newproject/python_env/lib/python3.8/site-packages/airflow/example_dags/tutorial.py took 0.071 seconds
[2021-04-23 06:12:00,776] {scheduler_job.py:182} INFO - Started process (PID=69272) to work on /Users/wschrep/FreelanceWork/VIAA/IIIF_newproject/python_env/lib/python3.8/site-packages/airflow/example_dags/tutorial.py
[2021-04-23 06:12:00,778] {scheduler_job.py:629} INFO - Processing file /Users/wschrep/FreelanceWork/VIAA/IIIF_newproject/python_env/lib/python3.8/site-packages/airflow/example_dags/tutorial.py for tasks to queue
[2021-04-23 06:12:00,779] {logging_mixin.py:104} INFO - [2021-04-23 06:12:00,778] {dagbag.py:451} INFO - Filling up the DagBag from /Users/wschrep/FreelanceWork/VIAA/IIIF_newproject/python_env/lib/python3.8/site-packages/airflow/example_dags/tutorial.py
[2021-04-23 06:12:00,787] {scheduler_job.py:639} INFO - DAG(s) dict_keys(['tutorial']) retrieved from /Users/wschrep/FreelanceWork/VIAA/IIIF_newproject/python_env/lib/python3.8/site-packages/airflow/example_dags/tutorial.py
[2021-04-23 06:12:00,832] {logging_mixin.py:104} INFO - [2021-04-23 06:12:00,832] {dag.py:1824} INFO - Sync 1 DAGs
[2021-04-23 06:12:00,844] {logging_mixin.py:104} INFO - [2021-04-23 06:12:00,844] {dag.py:2280} INFO - Setting next_dagrun for tutorial to 2021-04-21 00:00:00+00:00
[2021-04-23 06:12:00,853] {scheduler_job.py:190} INFO - Processing /Users/wschrep/FreelanceWork/VIAA/IIIF_newproject/python_env/lib/python3.8/site-packages/airflow/example_dags/tutorial.py took 0.078 seconds
[2021-04-23 09:48:11,103] {scheduler_job.py:182} INFO - Started process (PID=70127) to work on /Users/wschrep/FreelanceWork/VIAA/IIIF_newproject/python_env/lib/python3.8/site-packages/airflow/example_dags/tutorial.py
[2021-04-23 09:48:11,104] {scheduler_job.py:629} INFO - Processing file /Users/wschrep/FreelanceWork/VIAA/IIIF_newproject/python_env/lib/python3.8/site-packages/airflow/example_dags/tutorial.py for tasks to queue
[2021-04-23 09:48:11,105] {logging_mixin.py:104} INFO - [2021-04-23 09:48:11,105] {dagbag.py:451} INFO - Filling up the DagBag from /Users/wschrep/FreelanceWork/VIAA/IIIF_newproject/python_env/lib/python3.8/site-packages/airflow/example_dags/tutorial.py
[2021-04-23 09:48:11,115] {scheduler_job.py:639} INFO - DAG(s) dict_keys(['tutorial']) retrieved from /Users/wschrep/FreelanceWork/VIAA/IIIF_newproject/python_env/lib/python3.8/site-packages/airflow/example_dags/tutorial.py
[2021-04-23 09:48:11,162] {logging_mixin.py:104} INFO - [2021-04-23 09:48:11,162] {dag.py:1824} INFO - Sync 1 DAGs
[2021-04-23 09:48:11,172] {logging_mixin.py:104} INFO - [2021-04-23 09:48:11,172] {dag.py:2280} INFO - Setting next_dagrun for tutorial to 2021-04-21 00:00:00+00:00
[2021-04-23 09:48:11,182] {scheduler_job.py:190} INFO - Processing /Users/wschrep/FreelanceWork/VIAA/IIIF_newproject/python_env/lib/python3.8/site-packages/airflow/example_dags/tutorial.py took 0.080 seconds
[2021-04-23 10:11:01,659] {scheduler_job.py:182} INFO - Started process (PID=70629) to work on /Users/wschrep/FreelanceWork/VIAA/IIIF_newproject/python_env/lib/python3.8/site-packages/airflow/example_dags/tutorial.py
[2021-04-23 10:11:01,659] {scheduler_job.py:629} INFO - Processing file /Users/wschrep/FreelanceWork/VIAA/IIIF_newproject/python_env/lib/python3.8/site-packages/airflow/example_dags/tutorial.py for tasks to queue
[2021-04-23 10:11:01,660] {logging_mixin.py:104} INFO - [2021-04-23 10:11:01,660] {dagbag.py:451} INFO - Filling up the DagBag from /Users/wschrep/FreelanceWork/VIAA/IIIF_newproject/python_env/lib/python3.8/site-packages/airflow/example_dags/tutorial.py
[2021-04-23 10:11:01,666] {scheduler_job.py:639} INFO - DAG(s) dict_keys(['tutorial']) retrieved from /Users/wschrep/FreelanceWork/VIAA/IIIF_newproject/python_env/lib/python3.8/site-packages/airflow/example_dags/tutorial.py
[2021-04-23 10:11:01,697] {logging_mixin.py:104} INFO - [2021-04-23 10:11:01,697] {dag.py:1824} INFO - Sync 1 DAGs
[2021-04-23 10:11:01,704] {logging_mixin.py:104} INFO - [2021-04-23 10:11:01,704] {dag.py:2280} INFO - Setting next_dagrun for tutorial to 2021-04-21 00:00:00+00:00
[2021-04-23 10:11:01,712] {scheduler_job.py:190} INFO - Processing /Users/wschrep/FreelanceWork/VIAA/IIIF_newproject/python_env/lib/python3.8/site-packages/airflow/example_dags/tutorial.py took 0.054 seconds
[2021-04-23 10:12:11,803] {scheduler_job.py:182} INFO - Started process (PID=71091) to work on /Users/wschrep/FreelanceWork/VIAA/IIIF_newproject/python_env/lib/python3.8/site-packages/airflow/example_dags/tutorial.py
[2021-04-23 10:12:11,805] {scheduler_job.py:629} INFO - Processing file /Users/wschrep/FreelanceWork/VIAA/IIIF_newproject/python_env/lib/python3.8/site-packages/airflow/example_dags/tutorial.py for tasks to queue
[2021-04-23 10:12:11,805] {logging_mixin.py:104} INFO - [2021-04-23 10:12:11,805] {dagbag.py:451} INFO - Filling up the DagBag from /Users/wschrep/FreelanceWork/VIAA/IIIF_newproject/python_env/lib/python3.8/site-packages/airflow/example_dags/tutorial.py
[2021-04-23 10:12:11,814] {scheduler_job.py:639} INFO - DAG(s) dict_keys(['tutorial']) retrieved from /Users/wschrep/FreelanceWork/VIAA/IIIF_newproject/python_env/lib/python3.8/site-packages/airflow/example_dags/tutorial.py
[2021-04-23 10:12:11,845] {logging_mixin.py:104} INFO - [2021-04-23 10:12:11,844] {dag.py:1824} INFO - Sync 1 DAGs
[2021-04-23 10:12:11,852] {logging_mixin.py:104} INFO - [2021-04-23 10:12:11,851] {dag.py:2280} INFO - Setting next_dagrun for tutorial to 2021-04-21 00:00:00+00:00
[2021-04-23 10:12:11,858] {scheduler_job.py:190} INFO - Processing /Users/wschrep/FreelanceWork/VIAA/IIIF_newproject/python_env/lib/python3.8/site-packages/airflow/example_dags/tutorial.py took 0.056 seconds
[2021-04-23 10:13:21,259] {scheduler_job.py:182} INFO - Started process (PID=71479) to work on /Users/wschrep/FreelanceWork/VIAA/IIIF_newproject/python_env/lib/python3.8/site-packages/airflow/example_dags/tutorial.py
[2021-04-23 10:13:21,260] {scheduler_job.py:629} INFO - Processing file /Users/wschrep/FreelanceWork/VIAA/IIIF_newproject/python_env/lib/python3.8/site-packages/airflow/example_dags/tutorial.py for tasks to queue
[2021-04-23 10:13:21,261] {logging_mixin.py:104} INFO - [2021-04-23 10:13:21,261] {dagbag.py:451} INFO - Filling up the DagBag from /Users/wschrep/FreelanceWork/VIAA/IIIF_newproject/python_env/lib/python3.8/site-packages/airflow/example_dags/tutorial.py
[2021-04-23 10:13:21,268] {scheduler_job.py:639} INFO - DAG(s) dict_keys(['tutorial']) retrieved from /Users/wschrep/FreelanceWork/VIAA/IIIF_newproject/python_env/lib/python3.8/site-packages/airflow/example_dags/tutorial.py
[2021-04-23 10:13:21,297] {logging_mixin.py:104} INFO - [2021-04-23 10:13:21,297] {dag.py:1824} INFO - Sync 1 DAGs
[2021-04-23 10:13:21,303] {logging_mixin.py:104} INFO - [2021-04-23 10:13:21,303] {dag.py:2280} INFO - Setting next_dagrun for tutorial to 2021-04-21 00:00:00+00:00
[2021-04-23 10:13:21,310] {scheduler_job.py:190} INFO - Processing /Users/wschrep/FreelanceWork/VIAA/IIIF_newproject/python_env/lib/python3.8/site-packages/airflow/example_dags/tutorial.py took 0.052 seconds
[2021-04-23 10:14:34,264] {scheduler_job.py:182} INFO - Started process (PID=71878) to work on /Users/wschrep/FreelanceWork/VIAA/IIIF_newproject/python_env/lib/python3.8/site-packages/airflow/example_dags/tutorial.py
[2021-04-23 10:14:34,265] {scheduler_job.py:629} INFO - Processing file /Users/wschrep/FreelanceWork/VIAA/IIIF_newproject/python_env/lib/python3.8/site-packages/airflow/example_dags/tutorial.py for tasks to queue
[2021-04-23 10:14:34,266] {logging_mixin.py:104} INFO - [2021-04-23 10:14:34,265] {dagbag.py:451} INFO - Filling up the DagBag from /Users/wschrep/FreelanceWork/VIAA/IIIF_newproject/python_env/lib/python3.8/site-packages/airflow/example_dags/tutorial.py
[2021-04-23 10:14:34,277] {scheduler_job.py:639} INFO - DAG(s) dict_keys(['tutorial']) retrieved from /Users/wschrep/FreelanceWork/VIAA/IIIF_newproject/python_env/lib/python3.8/site-packages/airflow/example_dags/tutorial.py
[2021-04-23 10:14:34,326] {logging_mixin.py:104} INFO - [2021-04-23 10:14:34,325] {dag.py:1824} INFO - Sync 1 DAGs
[2021-04-23 10:14:34,339] {logging_mixin.py:104} INFO - [2021-04-23 10:14:34,339] {dag.py:2280} INFO - Setting next_dagrun for tutorial to 2021-04-21 00:00:00+00:00
[2021-04-23 10:14:34,347] {scheduler_job.py:190} INFO - Processing /Users/wschrep/FreelanceWork/VIAA/IIIF_newproject/python_env/lib/python3.8/site-packages/airflow/example_dags/tutorial.py took 0.084 seconds
[2021-04-23 10:15:20,054] {scheduler_job.py:182} INFO - Started process (PID=72126) to work on /Users/wschrep/FreelanceWork/VIAA/IIIF_newproject/python_env/lib/python3.8/site-packages/airflow/example_dags/tutorial.py
[2021-04-23 10:15:20,055] {scheduler_job.py:629} INFO - Processing file /Users/wschrep/FreelanceWork/VIAA/IIIF_newproject/python_env/lib/python3.8/site-packages/airflow/example_dags/tutorial.py for tasks to queue
[2021-04-23 10:15:20,056] {logging_mixin.py:104} INFO - [2021-04-23 10:15:20,056] {dagbag.py:451} INFO - Filling up the DagBag from /Users/wschrep/FreelanceWork/VIAA/IIIF_newproject/python_env/lib/python3.8/site-packages/airflow/example_dags/tutorial.py
[2021-04-23 10:15:20,065] {scheduler_job.py:639} INFO - DAG(s) dict_keys(['tutorial']) retrieved from /Users/wschrep/FreelanceWork/VIAA/IIIF_newproject/python_env/lib/python3.8/site-packages/airflow/example_dags/tutorial.py
[2021-04-23 10:15:20,118] {logging_mixin.py:104} INFO - [2021-04-23 10:15:20,118] {dag.py:1824} INFO - Sync 1 DAGs
[2021-04-23 10:15:20,132] {logging_mixin.py:104} INFO - [2021-04-23 10:15:20,131] {dag.py:2280} INFO - Setting next_dagrun for tutorial to 2021-04-21 00:00:00+00:00
[2021-04-23 10:15:20,142] {scheduler_job.py:190} INFO - Processing /Users/wschrep/FreelanceWork/VIAA/IIIF_newproject/python_env/lib/python3.8/site-packages/airflow/example_dags/tutorial.py took 0.089 seconds
[2021-04-23 10:16:20,221] {scheduler_job.py:182} INFO - Started process (PID=72463) to work on /Users/wschrep/FreelanceWork/VIAA/IIIF_newproject/python_env/lib/python3.8/site-packages/airflow/example_dags/tutorial.py
[2021-04-23 10:16:20,222] {scheduler_job.py:629} INFO - Processing file /Users/wschrep/FreelanceWork/VIAA/IIIF_newproject/python_env/lib/python3.8/site-packages/airflow/example_dags/tutorial.py for tasks to queue
[2021-04-23 10:16:20,222] {logging_mixin.py:104} INFO - [2021-04-23 10:16:20,222] {dagbag.py:451} INFO - Filling up the DagBag from /Users/wschrep/FreelanceWork/VIAA/IIIF_newproject/python_env/lib/python3.8/site-packages/airflow/example_dags/tutorial.py
[2021-04-23 10:16:20,229] {scheduler_job.py:639} INFO - DAG(s) dict_keys(['tutorial']) retrieved from /Users/wschrep/FreelanceWork/VIAA/IIIF_newproject/python_env/lib/python3.8/site-packages/airflow/example_dags/tutorial.py
[2021-04-23 10:16:20,271] {logging_mixin.py:104} INFO - [2021-04-23 10:16:20,271] {dag.py:1824} INFO - Sync 1 DAGs
[2021-04-23 10:16:20,279] {logging_mixin.py:104} INFO - [2021-04-23 10:16:20,279] {dag.py:2280} INFO - Setting next_dagrun for tutorial to 2021-04-21 00:00:00+00:00
[2021-04-23 10:16:20,291] {scheduler_job.py:190} INFO - Processing /Users/wschrep/FreelanceWork/VIAA/IIIF_newproject/python_env/lib/python3.8/site-packages/airflow/example_dags/tutorial.py took 0.070 seconds
[2021-04-23 10:17:35,937] {scheduler_job.py:182} INFO - Started process (PID=72876) to work on /Users/wschrep/FreelanceWork/VIAA/IIIF_newproject/python_env/lib/python3.8/site-packages/airflow/example_dags/tutorial.py
[2021-04-23 10:17:35,937] {scheduler_job.py:629} INFO - Processing file /Users/wschrep/FreelanceWork/VIAA/IIIF_newproject/python_env/lib/python3.8/site-packages/airflow/example_dags/tutorial.py for tasks to queue
[2021-04-23 10:17:35,938] {logging_mixin.py:104} INFO - [2021-04-23 10:17:35,938] {dagbag.py:451} INFO - Filling up the DagBag from /Users/wschrep/FreelanceWork/VIAA/IIIF_newproject/python_env/lib/python3.8/site-packages/airflow/example_dags/tutorial.py
[2021-04-23 10:17:35,944] {scheduler_job.py:639} INFO - DAG(s) dict_keys(['tutorial']) retrieved from /Users/wschrep/FreelanceWork/VIAA/IIIF_newproject/python_env/lib/python3.8/site-packages/airflow/example_dags/tutorial.py
[2021-04-23 10:17:35,990] {logging_mixin.py:104} INFO - [2021-04-23 10:17:35,990] {dag.py:1824} INFO - Sync 1 DAGs
[2021-04-23 10:17:35,999] {logging_mixin.py:104} INFO - [2021-04-23 10:17:35,999] {dag.py:2280} INFO - Setting next_dagrun for tutorial to 2021-04-21 00:00:00+00:00
[2021-04-23 10:17:36,012] {scheduler_job.py:190} INFO - Processing /Users/wschrep/FreelanceWork/VIAA/IIIF_newproject/python_env/lib/python3.8/site-packages/airflow/example_dags/tutorial.py took 0.076 seconds
[2021-04-23 10:18:54,559] {scheduler_job.py:182} INFO - Started process (PID=73296) to work on /Users/wschrep/FreelanceWork/VIAA/IIIF_newproject/python_env/lib/python3.8/site-packages/airflow/example_dags/tutorial.py
[2021-04-23 10:18:54,559] {scheduler_job.py:629} INFO - Processing file /Users/wschrep/FreelanceWork/VIAA/IIIF_newproject/python_env/lib/python3.8/site-packages/airflow/example_dags/tutorial.py for tasks to queue
[2021-04-23 10:18:54,560] {logging_mixin.py:104} INFO - [2021-04-23 10:18:54,560] {dagbag.py:451} INFO - Filling up the DagBag from /Users/wschrep/FreelanceWork/VIAA/IIIF_newproject/python_env/lib/python3.8/site-packages/airflow/example_dags/tutorial.py
[2021-04-23 10:18:54,571] {scheduler_job.py:639} INFO - DAG(s) dict_keys(['tutorial']) retrieved from /Users/wschrep/FreelanceWork/VIAA/IIIF_newproject/python_env/lib/python3.8/site-packages/airflow/example_dags/tutorial.py
[2021-04-23 10:18:54,623] {logging_mixin.py:104} INFO - [2021-04-23 10:18:54,623] {dag.py:1824} INFO - Sync 1 DAGs
[2021-04-23 10:18:54,639] {logging_mixin.py:104} INFO - [2021-04-23 10:18:54,639] {dag.py:2280} INFO - Setting next_dagrun for tutorial to 2021-04-21 00:00:00+00:00
[2021-04-23 10:18:54,649] {scheduler_job.py:190} INFO - Processing /Users/wschrep/FreelanceWork/VIAA/IIIF_newproject/python_env/lib/python3.8/site-packages/airflow/example_dags/tutorial.py took 0.091 seconds
[2021-04-23 10:20:18,339] {scheduler_job.py:182} INFO - Started process (PID=73705) to work on /Users/wschrep/FreelanceWork/VIAA/IIIF_newproject/python_env/lib/python3.8/site-packages/airflow/example_dags/tutorial.py
[2021-04-23 10:20:18,340] {scheduler_job.py:629} INFO - Processing file /Users/wschrep/FreelanceWork/VIAA/IIIF_newproject/python_env/lib/python3.8/site-packages/airflow/example_dags/tutorial.py for tasks to queue
[2021-04-23 10:20:18,340] {logging_mixin.py:104} INFO - [2021-04-23 10:20:18,340] {dagbag.py:451} INFO - Filling up the DagBag from /Users/wschrep/FreelanceWork/VIAA/IIIF_newproject/python_env/lib/python3.8/site-packages/airflow/example_dags/tutorial.py
[2021-04-23 10:20:18,355] {scheduler_job.py:639} INFO - DAG(s) dict_keys(['tutorial']) retrieved from /Users/wschrep/FreelanceWork/VIAA/IIIF_newproject/python_env/lib/python3.8/site-packages/airflow/example_dags/tutorial.py
[2021-04-23 10:20:18,414] {logging_mixin.py:104} INFO - [2021-04-23 10:20:18,414] {dag.py:1824} INFO - Sync 1 DAGs
[2021-04-23 10:20:18,434] {logging_mixin.py:104} INFO - [2021-04-23 10:20:18,434] {dag.py:2280} INFO - Setting next_dagrun for tutorial to 2021-04-21 00:00:00+00:00
[2021-04-23 10:20:18,445] {scheduler_job.py:190} INFO - Processing /Users/wschrep/FreelanceWork/VIAA/IIIF_newproject/python_env/lib/python3.8/site-packages/airflow/example_dags/tutorial.py took 0.107 seconds
[2021-04-23 10:21:28,609] {scheduler_job.py:182} INFO - Started process (PID=74100) to work on /Users/wschrep/FreelanceWork/VIAA/IIIF_newproject/python_env/lib/python3.8/site-packages/airflow/example_dags/tutorial.py
[2021-04-23 10:21:28,609] {scheduler_job.py:629} INFO - Processing file /Users/wschrep/FreelanceWork/VIAA/IIIF_newproject/python_env/lib/python3.8/site-packages/airflow/example_dags/tutorial.py for tasks to queue
[2021-04-23 10:21:28,610] {logging_mixin.py:104} INFO - [2021-04-23 10:21:28,610] {dagbag.py:451} INFO - Filling up the DagBag from /Users/wschrep/FreelanceWork/VIAA/IIIF_newproject/python_env/lib/python3.8/site-packages/airflow/example_dags/tutorial.py
[2021-04-23 10:21:28,622] {scheduler_job.py:639} INFO - DAG(s) dict_keys(['tutorial']) retrieved from /Users/wschrep/FreelanceWork/VIAA/IIIF_newproject/python_env/lib/python3.8/site-packages/airflow/example_dags/tutorial.py
[2021-04-23 10:21:28,663] {logging_mixin.py:104} INFO - [2021-04-23 10:21:28,663] {dag.py:1824} INFO - Sync 1 DAGs
[2021-04-23 10:21:28,671] {logging_mixin.py:104} INFO - [2021-04-23 10:21:28,671] {dag.py:2280} INFO - Setting next_dagrun for tutorial to 2021-04-21 00:00:00+00:00
[2021-04-23 10:21:28,685] {scheduler_job.py:190} INFO - Processing /Users/wschrep/FreelanceWork/VIAA/IIIF_newproject/python_env/lib/python3.8/site-packages/airflow/example_dags/tutorial.py took 0.078 seconds
[2021-04-23 10:22:28,816] {scheduler_job.py:182} INFO - Started process (PID=74418) to work on /Users/wschrep/FreelanceWork/VIAA/IIIF_newproject/python_env/lib/python3.8/site-packages/airflow/example_dags/tutorial.py
[2021-04-23 10:22:28,818] {scheduler_job.py:629} INFO - Processing file /Users/wschrep/FreelanceWork/VIAA/IIIF_newproject/python_env/lib/python3.8/site-packages/airflow/example_dags/tutorial.py for tasks to queue
[2021-04-23 10:22:28,818] {logging_mixin.py:104} INFO - [2021-04-23 10:22:28,818] {dagbag.py:451} INFO - Filling up the DagBag from /Users/wschrep/FreelanceWork/VIAA/IIIF_newproject/python_env/lib/python3.8/site-packages/airflow/example_dags/tutorial.py
[2021-04-23 10:22:28,825] {scheduler_job.py:639} INFO - DAG(s) dict_keys(['tutorial']) retrieved from /Users/wschrep/FreelanceWork/VIAA/IIIF_newproject/python_env/lib/python3.8/site-packages/airflow/example_dags/tutorial.py
[2021-04-23 10:22:28,856] {logging_mixin.py:104} INFO - [2021-04-23 10:22:28,856] {dag.py:1824} INFO - Sync 1 DAGs
[2021-04-23 10:22:28,863] {logging_mixin.py:104} INFO - [2021-04-23 10:22:28,863] {dag.py:2280} INFO - Setting next_dagrun for tutorial to 2021-04-21 00:00:00+00:00
[2021-04-23 10:22:28,870] {scheduler_job.py:190} INFO - Processing /Users/wschrep/FreelanceWork/VIAA/IIIF_newproject/python_env/lib/python3.8/site-packages/airflow/example_dags/tutorial.py took 0.054 seconds
[2021-04-23 10:23:40,965] {scheduler_job.py:182} INFO - Started process (PID=74812) to work on /Users/wschrep/FreelanceWork/VIAA/IIIF_newproject/python_env/lib/python3.8/site-packages/airflow/example_dags/tutorial.py
[2021-04-23 10:23:40,966] {scheduler_job.py:629} INFO - Processing file /Users/wschrep/FreelanceWork/VIAA/IIIF_newproject/python_env/lib/python3.8/site-packages/airflow/example_dags/tutorial.py for tasks to queue
[2021-04-23 10:23:40,966] {logging_mixin.py:104} INFO - [2021-04-23 10:23:40,966] {dagbag.py:451} INFO - Filling up the DagBag from /Users/wschrep/FreelanceWork/VIAA/IIIF_newproject/python_env/lib/python3.8/site-packages/airflow/example_dags/tutorial.py
[2021-04-23 10:23:40,974] {scheduler_job.py:639} INFO - DAG(s) dict_keys(['tutorial']) retrieved from /Users/wschrep/FreelanceWork/VIAA/IIIF_newproject/python_env/lib/python3.8/site-packages/airflow/example_dags/tutorial.py
[2021-04-23 10:23:41,005] {logging_mixin.py:104} INFO - [2021-04-23 10:23:41,005] {dag.py:1824} INFO - Sync 1 DAGs
[2021-04-23 10:23:41,013] {logging_mixin.py:104} INFO - [2021-04-23 10:23:41,013] {dag.py:2280} INFO - Setting next_dagrun for tutorial to 2021-04-21 00:00:00+00:00
[2021-04-23 10:23:41,020] {scheduler_job.py:190} INFO - Processing /Users/wschrep/FreelanceWork/VIAA/IIIF_newproject/python_env/lib/python3.8/site-packages/airflow/example_dags/tutorial.py took 0.055 seconds
[2021-04-23 10:24:49,788] {scheduler_job.py:182} INFO - Started process (PID=75182) to work on /Users/wschrep/FreelanceWork/VIAA/IIIF_newproject/python_env/lib/python3.8/site-packages/airflow/example_dags/tutorial.py
[2021-04-23 10:24:49,788] {scheduler_job.py:629} INFO - Processing file /Users/wschrep/FreelanceWork/VIAA/IIIF_newproject/python_env/lib/python3.8/site-packages/airflow/example_dags/tutorial.py for tasks to queue
[2021-04-23 10:24:49,788] {logging_mixin.py:104} INFO - [2021-04-23 10:24:49,788] {dagbag.py:451} INFO - Filling up the DagBag from /Users/wschrep/FreelanceWork/VIAA/IIIF_newproject/python_env/lib/python3.8/site-packages/airflow/example_dags/tutorial.py
[2021-04-23 10:24:49,797] {scheduler_job.py:639} INFO - DAG(s) dict_keys(['tutorial']) retrieved from /Users/wschrep/FreelanceWork/VIAA/IIIF_newproject/python_env/lib/python3.8/site-packages/airflow/example_dags/tutorial.py
[2021-04-23 10:24:49,829] {logging_mixin.py:104} INFO - [2021-04-23 10:24:49,829] {dag.py:1824} INFO - Sync 1 DAGs
[2021-04-23 10:24:49,837] {logging_mixin.py:104} INFO - [2021-04-23 10:24:49,837] {dag.py:2280} INFO - Setting next_dagrun for tutorial to 2021-04-21 00:00:00+00:00
[2021-04-23 10:24:49,844] {scheduler_job.py:190} INFO - Processing /Users/wschrep/FreelanceWork/VIAA/IIIF_newproject/python_env/lib/python3.8/site-packages/airflow/example_dags/tutorial.py took 0.057 seconds
[2021-04-23 10:25:56,501] {scheduler_job.py:182} INFO - Started process (PID=75547) to work on /Users/wschrep/FreelanceWork/VIAA/IIIF_newproject/python_env/lib/python3.8/site-packages/airflow/example_dags/tutorial.py
[2021-04-23 10:25:56,502] {scheduler_job.py:629} INFO - Processing file /Users/wschrep/FreelanceWork/VIAA/IIIF_newproject/python_env/lib/python3.8/site-packages/airflow/example_dags/tutorial.py for tasks to queue
[2021-04-23 10:25:56,503] {logging_mixin.py:104} INFO - [2021-04-23 10:25:56,503] {dagbag.py:451} INFO - Filling up the DagBag from /Users/wschrep/FreelanceWork/VIAA/IIIF_newproject/python_env/lib/python3.8/site-packages/airflow/example_dags/tutorial.py
[2021-04-23 10:25:56,512] {scheduler_job.py:639} INFO - DAG(s) dict_keys(['tutorial']) retrieved from /Users/wschrep/FreelanceWork/VIAA/IIIF_newproject/python_env/lib/python3.8/site-packages/airflow/example_dags/tutorial.py
[2021-04-23 10:25:56,549] {logging_mixin.py:104} INFO - [2021-04-23 10:25:56,549] {dag.py:1824} INFO - Sync 1 DAGs
[2021-04-23 10:25:56,555] {logging_mixin.py:104} INFO - [2021-04-23 10:25:56,555] {dag.py:2280} INFO - Setting next_dagrun for tutorial to 2021-04-21 00:00:00+00:00
[2021-04-23 10:25:56,563] {scheduler_job.py:190} INFO - Processing /Users/wschrep/FreelanceWork/VIAA/IIIF_newproject/python_env/lib/python3.8/site-packages/airflow/example_dags/tutorial.py took 0.062 seconds
[2021-04-23 10:27:01,791] {scheduler_job.py:182} INFO - Started process (PID=75917) to work on /Users/wschrep/FreelanceWork/VIAA/IIIF_newproject/python_env/lib/python3.8/site-packages/airflow/example_dags/tutorial.py
[2021-04-23 10:27:01,792] {scheduler_job.py:629} INFO - Processing file /Users/wschrep/FreelanceWork/VIAA/IIIF_newproject/python_env/lib/python3.8/site-packages/airflow/example_dags/tutorial.py for tasks to queue
[2021-04-23 10:27:01,792] {logging_mixin.py:104} INFO - [2021-04-23 10:27:01,792] {dagbag.py:451} INFO - Filling up the DagBag from /Users/wschrep/FreelanceWork/VIAA/IIIF_newproject/python_env/lib/python3.8/site-packages/airflow/example_dags/tutorial.py
[2021-04-23 10:27:01,798] {scheduler_job.py:639} INFO - DAG(s) dict_keys(['tutorial']) retrieved from /Users/wschrep/FreelanceWork/VIAA/IIIF_newproject/python_env/lib/python3.8/site-packages/airflow/example_dags/tutorial.py
[2021-04-23 10:27:01,829] {logging_mixin.py:104} INFO - [2021-04-23 10:27:01,829] {dag.py:1824} INFO - Sync 1 DAGs
[2021-04-23 10:27:01,836] {logging_mixin.py:104} INFO - [2021-04-23 10:27:01,835] {dag.py:2280} INFO - Setting next_dagrun for tutorial to 2021-04-21 00:00:00+00:00
[2021-04-23 10:27:01,842] {scheduler_job.py:190} INFO - Processing /Users/wschrep/FreelanceWork/VIAA/IIIF_newproject/python_env/lib/python3.8/site-packages/airflow/example_dags/tutorial.py took 0.052 seconds
[2021-04-23 10:28:08,596] {scheduler_job.py:182} INFO - Started process (PID=76279) to work on /Users/wschrep/FreelanceWork/VIAA/IIIF_newproject/python_env/lib/python3.8/site-packages/airflow/example_dags/tutorial.py
[2021-04-23 10:28:08,596] {scheduler_job.py:629} INFO - Processing file /Users/wschrep/FreelanceWork/VIAA/IIIF_newproject/python_env/lib/python3.8/site-packages/airflow/example_dags/tutorial.py for tasks to queue
[2021-04-23 10:28:08,596] {logging_mixin.py:104} INFO - [2021-04-23 10:28:08,596] {dagbag.py:451} INFO - Filling up the DagBag from /Users/wschrep/FreelanceWork/VIAA/IIIF_newproject/python_env/lib/python3.8/site-packages/airflow/example_dags/tutorial.py
[2021-04-23 10:28:08,605] {scheduler_job.py:639} INFO - DAG(s) dict_keys(['tutorial']) retrieved from /Users/wschrep/FreelanceWork/VIAA/IIIF_newproject/python_env/lib/python3.8/site-packages/airflow/example_dags/tutorial.py
[2021-04-23 10:28:08,637] {logging_mixin.py:104} INFO - [2021-04-23 10:28:08,637] {dag.py:1824} INFO - Sync 1 DAGs
[2021-04-23 10:28:08,644] {logging_mixin.py:104} INFO - [2021-04-23 10:28:08,644] {dag.py:2280} INFO - Setting next_dagrun for tutorial to 2021-04-21 00:00:00+00:00
[2021-04-23 10:28:08,651] {scheduler_job.py:190} INFO - Processing /Users/wschrep/FreelanceWork/VIAA/IIIF_newproject/python_env/lib/python3.8/site-packages/airflow/example_dags/tutorial.py took 0.056 seconds
[2021-04-23 10:29:15,263] {scheduler_job.py:182} INFO - Started process (PID=76635) to work on /Users/wschrep/FreelanceWork/VIAA/IIIF_newproject/python_env/lib/python3.8/site-packages/airflow/example_dags/tutorial.py
[2021-04-23 10:29:15,263] {scheduler_job.py:629} INFO - Processing file /Users/wschrep/FreelanceWork/VIAA/IIIF_newproject/python_env/lib/python3.8/site-packages/airflow/example_dags/tutorial.py for tasks to queue
[2021-04-23 10:29:15,263] {logging_mixin.py:104} INFO - [2021-04-23 10:29:15,263] {dagbag.py:451} INFO - Filling up the DagBag from /Users/wschrep/FreelanceWork/VIAA/IIIF_newproject/python_env/lib/python3.8/site-packages/airflow/example_dags/tutorial.py
[2021-04-23 10:29:15,269] {scheduler_job.py:639} INFO - DAG(s) dict_keys(['tutorial']) retrieved from /Users/wschrep/FreelanceWork/VIAA/IIIF_newproject/python_env/lib/python3.8/site-packages/airflow/example_dags/tutorial.py
[2021-04-23 10:29:15,300] {logging_mixin.py:104} INFO - [2021-04-23 10:29:15,300] {dag.py:1824} INFO - Sync 1 DAGs
[2021-04-23 10:29:15,307] {logging_mixin.py:104} INFO - [2021-04-23 10:29:15,307] {dag.py:2280} INFO - Setting next_dagrun for tutorial to 2021-04-21 00:00:00+00:00
[2021-04-23 10:29:15,315] {scheduler_job.py:190} INFO - Processing /Users/wschrep/FreelanceWork/VIAA/IIIF_newproject/python_env/lib/python3.8/site-packages/airflow/example_dags/tutorial.py took 0.054 seconds
[2021-04-23 10:30:21,631] {scheduler_job.py:182} INFO - Started process (PID=76992) to work on /Users/wschrep/FreelanceWork/VIAA/IIIF_newproject/python_env/lib/python3.8/site-packages/airflow/example_dags/tutorial.py
[2021-04-23 10:30:21,633] {scheduler_job.py:629} INFO - Processing file /Users/wschrep/FreelanceWork/VIAA/IIIF_newproject/python_env/lib/python3.8/site-packages/airflow/example_dags/tutorial.py for tasks to queue
[2021-04-23 10:30:21,633] {logging_mixin.py:104} INFO - [2021-04-23 10:30:21,633] {dagbag.py:451} INFO - Filling up the DagBag from /Users/wschrep/FreelanceWork/VIAA/IIIF_newproject/python_env/lib/python3.8/site-packages/airflow/example_dags/tutorial.py
[2021-04-23 10:30:21,641] {scheduler_job.py:639} INFO - DAG(s) dict_keys(['tutorial']) retrieved from /Users/wschrep/FreelanceWork/VIAA/IIIF_newproject/python_env/lib/python3.8/site-packages/airflow/example_dags/tutorial.py
[2021-04-23 10:30:21,673] {logging_mixin.py:104} INFO - [2021-04-23 10:30:21,673] {dag.py:1824} INFO - Sync 1 DAGs
[2021-04-23 10:30:21,680] {logging_mixin.py:104} INFO - [2021-04-23 10:30:21,680] {dag.py:2280} INFO - Setting next_dagrun for tutorial to 2021-04-21 00:00:00+00:00
[2021-04-23 10:30:21,688] {scheduler_job.py:190} INFO - Processing /Users/wschrep/FreelanceWork/VIAA/IIIF_newproject/python_env/lib/python3.8/site-packages/airflow/example_dags/tutorial.py took 0.057 seconds
[2021-04-23 10:31:27,274] {scheduler_job.py:182} INFO - Started process (PID=77363) to work on /Users/wschrep/FreelanceWork/VIAA/IIIF_newproject/python_env/lib/python3.8/site-packages/airflow/example_dags/tutorial.py
[2021-04-23 10:31:27,275] {scheduler_job.py:629} INFO - Processing file /Users/wschrep/FreelanceWork/VIAA/IIIF_newproject/python_env/lib/python3.8/site-packages/airflow/example_dags/tutorial.py for tasks to queue
[2021-04-23 10:31:27,276] {logging_mixin.py:104} INFO - [2021-04-23 10:31:27,276] {dagbag.py:451} INFO - Filling up the DagBag from /Users/wschrep/FreelanceWork/VIAA/IIIF_newproject/python_env/lib/python3.8/site-packages/airflow/example_dags/tutorial.py
[2021-04-23 10:31:27,285] {scheduler_job.py:639} INFO - DAG(s) dict_keys(['tutorial']) retrieved from /Users/wschrep/FreelanceWork/VIAA/IIIF_newproject/python_env/lib/python3.8/site-packages/airflow/example_dags/tutorial.py
[2021-04-23 10:31:27,315] {logging_mixin.py:104} INFO - [2021-04-23 10:31:27,315] {dag.py:1824} INFO - Sync 1 DAGs
[2021-04-23 10:31:27,322] {logging_mixin.py:104} INFO - [2021-04-23 10:31:27,322] {dag.py:2280} INFO - Setting next_dagrun for tutorial to 2021-04-21 00:00:00+00:00
[2021-04-23 10:31:27,328] {scheduler_job.py:190} INFO - Processing /Users/wschrep/FreelanceWork/VIAA/IIIF_newproject/python_env/lib/python3.8/site-packages/airflow/example_dags/tutorial.py took 0.055 seconds
[2021-04-23 10:32:37,166] {scheduler_job.py:182} INFO - Started process (PID=77744) to work on /Users/wschrep/FreelanceWork/VIAA/IIIF_newproject/python_env/lib/python3.8/site-packages/airflow/example_dags/tutorial.py
[2021-04-23 10:32:37,169] {scheduler_job.py:629} INFO - Processing file /Users/wschrep/FreelanceWork/VIAA/IIIF_newproject/python_env/lib/python3.8/site-packages/airflow/example_dags/tutorial.py for tasks to queue
[2021-04-23 10:32:37,171] {logging_mixin.py:104} INFO - [2021-04-23 10:32:37,170] {dagbag.py:451} INFO - Filling up the DagBag from /Users/wschrep/FreelanceWork/VIAA/IIIF_newproject/python_env/lib/python3.8/site-packages/airflow/example_dags/tutorial.py
[2021-04-23 10:32:37,189] {scheduler_job.py:639} INFO - DAG(s) dict_keys(['tutorial']) retrieved from /Users/wschrep/FreelanceWork/VIAA/IIIF_newproject/python_env/lib/python3.8/site-packages/airflow/example_dags/tutorial.py
[2021-04-23 10:32:37,245] {logging_mixin.py:104} INFO - [2021-04-23 10:32:37,245] {dag.py:1824} INFO - Sync 1 DAGs
[2021-04-23 10:32:37,257] {logging_mixin.py:104} INFO - [2021-04-23 10:32:37,257] {dag.py:2280} INFO - Setting next_dagrun for tutorial to 2021-04-21 00:00:00+00:00
[2021-04-23 10:32:37,275] {scheduler_job.py:190} INFO - Processing /Users/wschrep/FreelanceWork/VIAA/IIIF_newproject/python_env/lib/python3.8/site-packages/airflow/example_dags/tutorial.py took 0.112 seconds
[2021-04-23 10:33:47,513] {scheduler_job.py:182} INFO - Started process (PID=78145) to work on /Users/wschrep/FreelanceWork/VIAA/IIIF_newproject/python_env/lib/python3.8/site-packages/airflow/example_dags/tutorial.py
[2021-04-23 10:33:47,515] {scheduler_job.py:629} INFO - Processing file /Users/wschrep/FreelanceWork/VIAA/IIIF_newproject/python_env/lib/python3.8/site-packages/airflow/example_dags/tutorial.py for tasks to queue
[2021-04-23 10:33:47,515] {logging_mixin.py:104} INFO - [2021-04-23 10:33:47,515] {dagbag.py:451} INFO - Filling up the DagBag from /Users/wschrep/FreelanceWork/VIAA/IIIF_newproject/python_env/lib/python3.8/site-packages/airflow/example_dags/tutorial.py
[2021-04-23 10:33:47,523] {scheduler_job.py:639} INFO - DAG(s) dict_keys(['tutorial']) retrieved from /Users/wschrep/FreelanceWork/VIAA/IIIF_newproject/python_env/lib/python3.8/site-packages/airflow/example_dags/tutorial.py
[2021-04-23 10:33:47,553] {logging_mixin.py:104} INFO - [2021-04-23 10:33:47,553] {dag.py:1824} INFO - Sync 1 DAGs
[2021-04-23 10:33:47,559] {logging_mixin.py:104} INFO - [2021-04-23 10:33:47,559] {dag.py:2280} INFO - Setting next_dagrun for tutorial to 2021-04-21 00:00:00+00:00
[2021-04-23 10:33:47,568] {scheduler_job.py:190} INFO - Processing /Users/wschrep/FreelanceWork/VIAA/IIIF_newproject/python_env/lib/python3.8/site-packages/airflow/example_dags/tutorial.py took 0.055 seconds
[2021-04-23 10:34:53,577] {scheduler_job.py:182} INFO - Started process (PID=78503) to work on /Users/wschrep/FreelanceWork/VIAA/IIIF_newproject/python_env/lib/python3.8/site-packages/airflow/example_dags/tutorial.py
[2021-04-23 10:34:53,578] {scheduler_job.py:629} INFO - Processing file /Users/wschrep/FreelanceWork/VIAA/IIIF_newproject/python_env/lib/python3.8/site-packages/airflow/example_dags/tutorial.py for tasks to queue
[2021-04-23 10:34:53,579] {logging_mixin.py:104} INFO - [2021-04-23 10:34:53,579] {dagbag.py:451} INFO - Filling up the DagBag from /Users/wschrep/FreelanceWork/VIAA/IIIF_newproject/python_env/lib/python3.8/site-packages/airflow/example_dags/tutorial.py
[2021-04-23 10:34:53,586] {scheduler_job.py:639} INFO - DAG(s) dict_keys(['tutorial']) retrieved from /Users/wschrep/FreelanceWork/VIAA/IIIF_newproject/python_env/lib/python3.8/site-packages/airflow/example_dags/tutorial.py
[2021-04-23 10:34:53,617] {logging_mixin.py:104} INFO - [2021-04-23 10:34:53,617] {dag.py:1824} INFO - Sync 1 DAGs
[2021-04-23 10:34:53,624] {logging_mixin.py:104} INFO - [2021-04-23 10:34:53,624] {dag.py:2280} INFO - Setting next_dagrun for tutorial to 2021-04-21 00:00:00+00:00
[2021-04-23 10:34:53,631] {scheduler_job.py:190} INFO - Processing /Users/wschrep/FreelanceWork/VIAA/IIIF_newproject/python_env/lib/python3.8/site-packages/airflow/example_dags/tutorial.py took 0.054 seconds
[2021-04-23 10:36:00,371] {scheduler_job.py:182} INFO - Started process (PID=78876) to work on /Users/wschrep/FreelanceWork/VIAA/IIIF_newproject/python_env/lib/python3.8/site-packages/airflow/example_dags/tutorial.py
[2021-04-23 10:36:00,373] {scheduler_job.py:629} INFO - Processing file /Users/wschrep/FreelanceWork/VIAA/IIIF_newproject/python_env/lib/python3.8/site-packages/airflow/example_dags/tutorial.py for tasks to queue
[2021-04-23 10:36:00,373] {logging_mixin.py:104} INFO - [2021-04-23 10:36:00,373] {dagbag.py:451} INFO - Filling up the DagBag from /Users/wschrep/FreelanceWork/VIAA/IIIF_newproject/python_env/lib/python3.8/site-packages/airflow/example_dags/tutorial.py
[2021-04-23 10:36:00,380] {scheduler_job.py:639} INFO - DAG(s) dict_keys(['tutorial']) retrieved from /Users/wschrep/FreelanceWork/VIAA/IIIF_newproject/python_env/lib/python3.8/site-packages/airflow/example_dags/tutorial.py
[2021-04-23 10:36:00,410] {logging_mixin.py:104} INFO - [2021-04-23 10:36:00,410] {dag.py:1824} INFO - Sync 1 DAGs
[2021-04-23 10:36:00,417] {logging_mixin.py:104} INFO - [2021-04-23 10:36:00,417] {dag.py:2280} INFO - Setting next_dagrun for tutorial to 2021-04-21 00:00:00+00:00
[2021-04-23 10:36:00,423] {scheduler_job.py:190} INFO - Processing /Users/wschrep/FreelanceWork/VIAA/IIIF_newproject/python_env/lib/python3.8/site-packages/airflow/example_dags/tutorial.py took 0.053 seconds
[2021-04-23 10:37:07,145] {scheduler_job.py:182} INFO - Started process (PID=79360) to work on /Users/wschrep/FreelanceWork/VIAA/IIIF_newproject/python_env/lib/python3.8/site-packages/airflow/example_dags/tutorial.py
[2021-04-23 10:37:07,147] {scheduler_job.py:629} INFO - Processing file /Users/wschrep/FreelanceWork/VIAA/IIIF_newproject/python_env/lib/python3.8/site-packages/airflow/example_dags/tutorial.py for tasks to queue
[2021-04-23 10:37:07,147] {logging_mixin.py:104} INFO - [2021-04-23 10:37:07,147] {dagbag.py:451} INFO - Filling up the DagBag from /Users/wschrep/FreelanceWork/VIAA/IIIF_newproject/python_env/lib/python3.8/site-packages/airflow/example_dags/tutorial.py
[2021-04-23 10:37:07,154] {scheduler_job.py:639} INFO - DAG(s) dict_keys(['tutorial']) retrieved from /Users/wschrep/FreelanceWork/VIAA/IIIF_newproject/python_env/lib/python3.8/site-packages/airflow/example_dags/tutorial.py
[2021-04-23 10:37:07,184] {logging_mixin.py:104} INFO - [2021-04-23 10:37:07,184] {dag.py:1824} INFO - Sync 1 DAGs
[2021-04-23 10:37:07,191] {logging_mixin.py:104} INFO - [2021-04-23 10:37:07,191] {dag.py:2280} INFO - Setting next_dagrun for tutorial to 2021-04-21 00:00:00+00:00
[2021-04-23 10:37:07,199] {scheduler_job.py:190} INFO - Processing /Users/wschrep/FreelanceWork/VIAA/IIIF_newproject/python_env/lib/python3.8/site-packages/airflow/example_dags/tutorial.py took 0.055 seconds
[2021-04-23 10:38:13,409] {scheduler_job.py:182} INFO - Started process (PID=79770) to work on /Users/wschrep/FreelanceWork/VIAA/IIIF_newproject/python_env/lib/python3.8/site-packages/airflow/example_dags/tutorial.py
[2021-04-23 10:38:13,410] {scheduler_job.py:629} INFO - Processing file /Users/wschrep/FreelanceWork/VIAA/IIIF_newproject/python_env/lib/python3.8/site-packages/airflow/example_dags/tutorial.py for tasks to queue
[2021-04-23 10:38:13,411] {logging_mixin.py:104} INFO - [2021-04-23 10:38:13,411] {dagbag.py:451} INFO - Filling up the DagBag from /Users/wschrep/FreelanceWork/VIAA/IIIF_newproject/python_env/lib/python3.8/site-packages/airflow/example_dags/tutorial.py
[2021-04-23 10:38:13,420] {scheduler_job.py:639} INFO - DAG(s) dict_keys(['tutorial']) retrieved from /Users/wschrep/FreelanceWork/VIAA/IIIF_newproject/python_env/lib/python3.8/site-packages/airflow/example_dags/tutorial.py
[2021-04-23 10:38:13,457] {logging_mixin.py:104} INFO - [2021-04-23 10:38:13,457] {dag.py:1824} INFO - Sync 1 DAGs
[2021-04-23 10:38:13,464] {logging_mixin.py:104} INFO - [2021-04-23 10:38:13,464] {dag.py:2280} INFO - Setting next_dagrun for tutorial to 2021-04-21 00:00:00+00:00
[2021-04-23 10:38:13,472] {scheduler_job.py:190} INFO - Processing /Users/wschrep/FreelanceWork/VIAA/IIIF_newproject/python_env/lib/python3.8/site-packages/airflow/example_dags/tutorial.py took 0.065 seconds
[2021-04-23 10:39:21,962] {scheduler_job.py:182} INFO - Started process (PID=80143) to work on /Users/wschrep/FreelanceWork/VIAA/IIIF_newproject/python_env/lib/python3.8/site-packages/airflow/example_dags/tutorial.py
[2021-04-23 10:39:21,963] {scheduler_job.py:629} INFO - Processing file /Users/wschrep/FreelanceWork/VIAA/IIIF_newproject/python_env/lib/python3.8/site-packages/airflow/example_dags/tutorial.py for tasks to queue
[2021-04-23 10:39:21,963] {logging_mixin.py:104} INFO - [2021-04-23 10:39:21,963] {dagbag.py:451} INFO - Filling up the DagBag from /Users/wschrep/FreelanceWork/VIAA/IIIF_newproject/python_env/lib/python3.8/site-packages/airflow/example_dags/tutorial.py
[2021-04-23 10:39:21,970] {scheduler_job.py:639} INFO - DAG(s) dict_keys(['tutorial']) retrieved from /Users/wschrep/FreelanceWork/VIAA/IIIF_newproject/python_env/lib/python3.8/site-packages/airflow/example_dags/tutorial.py
[2021-04-23 10:39:22,002] {logging_mixin.py:104} INFO - [2021-04-23 10:39:22,002] {dag.py:1824} INFO - Sync 1 DAGs
[2021-04-23 10:39:22,014] {logging_mixin.py:104} INFO - [2021-04-23 10:39:22,014] {dag.py:2280} INFO - Setting next_dagrun for tutorial to 2021-04-21 00:00:00+00:00
[2021-04-23 10:39:22,022] {scheduler_job.py:190} INFO - Processing /Users/wschrep/FreelanceWork/VIAA/IIIF_newproject/python_env/lib/python3.8/site-packages/airflow/example_dags/tutorial.py took 0.060 seconds
[2021-04-23 10:40:30,408] {scheduler_job.py:182} INFO - Started process (PID=80528) to work on /Users/wschrep/FreelanceWork/VIAA/IIIF_newproject/python_env/lib/python3.8/site-packages/airflow/example_dags/tutorial.py
[2021-04-23 10:40:30,409] {scheduler_job.py:629} INFO - Processing file /Users/wschrep/FreelanceWork/VIAA/IIIF_newproject/python_env/lib/python3.8/site-packages/airflow/example_dags/tutorial.py for tasks to queue
[2021-04-23 10:40:30,409] {logging_mixin.py:104} INFO - [2021-04-23 10:40:30,409] {dagbag.py:451} INFO - Filling up the DagBag from /Users/wschrep/FreelanceWork/VIAA/IIIF_newproject/python_env/lib/python3.8/site-packages/airflow/example_dags/tutorial.py
[2021-04-23 10:40:30,416] {scheduler_job.py:639} INFO - DAG(s) dict_keys(['tutorial']) retrieved from /Users/wschrep/FreelanceWork/VIAA/IIIF_newproject/python_env/lib/python3.8/site-packages/airflow/example_dags/tutorial.py
[2021-04-23 10:40:30,446] {logging_mixin.py:104} INFO - [2021-04-23 10:40:30,445] {dag.py:1824} INFO - Sync 1 DAGs
[2021-04-23 10:40:30,452] {logging_mixin.py:104} INFO - [2021-04-23 10:40:30,452] {dag.py:2280} INFO - Setting next_dagrun for tutorial to 2021-04-21 00:00:00+00:00
[2021-04-23 10:40:30,459] {scheduler_job.py:190} INFO - Processing /Users/wschrep/FreelanceWork/VIAA/IIIF_newproject/python_env/lib/python3.8/site-packages/airflow/example_dags/tutorial.py took 0.052 seconds
[2021-04-23 10:41:35,554] {scheduler_job.py:182} INFO - Started process (PID=80891) to work on /Users/wschrep/FreelanceWork/VIAA/IIIF_newproject/python_env/lib/python3.8/site-packages/airflow/example_dags/tutorial.py
[2021-04-23 10:41:35,555] {scheduler_job.py:629} INFO - Processing file /Users/wschrep/FreelanceWork/VIAA/IIIF_newproject/python_env/lib/python3.8/site-packages/airflow/example_dags/tutorial.py for tasks to queue
[2021-04-23 10:41:35,556] {logging_mixin.py:104} INFO - [2021-04-23 10:41:35,556] {dagbag.py:451} INFO - Filling up the DagBag from /Users/wschrep/FreelanceWork/VIAA/IIIF_newproject/python_env/lib/python3.8/site-packages/airflow/example_dags/tutorial.py
[2021-04-23 10:41:35,565] {scheduler_job.py:639} INFO - DAG(s) dict_keys(['tutorial']) retrieved from /Users/wschrep/FreelanceWork/VIAA/IIIF_newproject/python_env/lib/python3.8/site-packages/airflow/example_dags/tutorial.py
[2021-04-23 10:41:35,595] {logging_mixin.py:104} INFO - [2021-04-23 10:41:35,595] {dag.py:1824} INFO - Sync 1 DAGs
[2021-04-23 10:41:35,603] {logging_mixin.py:104} INFO - [2021-04-23 10:41:35,603] {dag.py:2280} INFO - Setting next_dagrun for tutorial to 2021-04-21 00:00:00+00:00
[2021-04-23 10:41:35,611] {scheduler_job.py:190} INFO - Processing /Users/wschrep/FreelanceWork/VIAA/IIIF_newproject/python_env/lib/python3.8/site-packages/airflow/example_dags/tutorial.py took 0.058 seconds
[2021-04-23 10:42:40,898] {scheduler_job.py:182} INFO - Started process (PID=81244) to work on /Users/wschrep/FreelanceWork/VIAA/IIIF_newproject/python_env/lib/python3.8/site-packages/airflow/example_dags/tutorial.py
[2021-04-23 10:42:40,899] {scheduler_job.py:629} INFO - Processing file /Users/wschrep/FreelanceWork/VIAA/IIIF_newproject/python_env/lib/python3.8/site-packages/airflow/example_dags/tutorial.py for tasks to queue
[2021-04-23 10:42:40,900] {logging_mixin.py:104} INFO - [2021-04-23 10:42:40,900] {dagbag.py:451} INFO - Filling up the DagBag from /Users/wschrep/FreelanceWork/VIAA/IIIF_newproject/python_env/lib/python3.8/site-packages/airflow/example_dags/tutorial.py
[2021-04-23 10:42:40,906] {scheduler_job.py:639} INFO - DAG(s) dict_keys(['tutorial']) retrieved from /Users/wschrep/FreelanceWork/VIAA/IIIF_newproject/python_env/lib/python3.8/site-packages/airflow/example_dags/tutorial.py
[2021-04-23 10:42:40,935] {logging_mixin.py:104} INFO - [2021-04-23 10:42:40,935] {dag.py:1824} INFO - Sync 1 DAGs
[2021-04-23 10:42:40,942] {logging_mixin.py:104} INFO - [2021-04-23 10:42:40,941] {dag.py:2280} INFO - Setting next_dagrun for tutorial to 2021-04-21 00:00:00+00:00
[2021-04-23 10:42:40,949] {scheduler_job.py:190} INFO - Processing /Users/wschrep/FreelanceWork/VIAA/IIIF_newproject/python_env/lib/python3.8/site-packages/airflow/example_dags/tutorial.py took 0.052 seconds
[2021-04-23 10:43:45,604] {scheduler_job.py:182} INFO - Started process (PID=81601) to work on /Users/wschrep/FreelanceWork/VIAA/IIIF_newproject/python_env/lib/python3.8/site-packages/airflow/example_dags/tutorial.py
[2021-04-23 10:43:45,605] {scheduler_job.py:629} INFO - Processing file /Users/wschrep/FreelanceWork/VIAA/IIIF_newproject/python_env/lib/python3.8/site-packages/airflow/example_dags/tutorial.py for tasks to queue
[2021-04-23 10:43:45,605] {logging_mixin.py:104} INFO - [2021-04-23 10:43:45,605] {dagbag.py:451} INFO - Filling up the DagBag from /Users/wschrep/FreelanceWork/VIAA/IIIF_newproject/python_env/lib/python3.8/site-packages/airflow/example_dags/tutorial.py
[2021-04-23 10:43:45,612] {scheduler_job.py:639} INFO - DAG(s) dict_keys(['tutorial']) retrieved from /Users/wschrep/FreelanceWork/VIAA/IIIF_newproject/python_env/lib/python3.8/site-packages/airflow/example_dags/tutorial.py
[2021-04-23 10:43:45,642] {logging_mixin.py:104} INFO - [2021-04-23 10:43:45,642] {dag.py:1824} INFO - Sync 1 DAGs
[2021-04-23 10:43:45,648] {logging_mixin.py:104} INFO - [2021-04-23 10:43:45,648] {dag.py:2280} INFO - Setting next_dagrun for tutorial to 2021-04-21 00:00:00+00:00
[2021-04-23 10:43:45,655] {scheduler_job.py:190} INFO - Processing /Users/wschrep/FreelanceWork/VIAA/IIIF_newproject/python_env/lib/python3.8/site-packages/airflow/example_dags/tutorial.py took 0.052 seconds
[2021-04-23 10:44:50,303] {scheduler_job.py:182} INFO - Started process (PID=81947) to work on /Users/wschrep/FreelanceWork/VIAA/IIIF_newproject/python_env/lib/python3.8/site-packages/airflow/example_dags/tutorial.py
[2021-04-23 10:44:50,304] {scheduler_job.py:629} INFO - Processing file /Users/wschrep/FreelanceWork/VIAA/IIIF_newproject/python_env/lib/python3.8/site-packages/airflow/example_dags/tutorial.py for tasks to queue
[2021-04-23 10:44:50,304] {logging_mixin.py:104} INFO - [2021-04-23 10:44:50,304] {dagbag.py:451} INFO - Filling up the DagBag from /Users/wschrep/FreelanceWork/VIAA/IIIF_newproject/python_env/lib/python3.8/site-packages/airflow/example_dags/tutorial.py
[2021-04-23 10:44:50,309] {scheduler_job.py:639} INFO - DAG(s) dict_keys(['tutorial']) retrieved from /Users/wschrep/FreelanceWork/VIAA/IIIF_newproject/python_env/lib/python3.8/site-packages/airflow/example_dags/tutorial.py
[2021-04-23 10:44:50,339] {logging_mixin.py:104} INFO - [2021-04-23 10:44:50,339] {dag.py:1824} INFO - Sync 1 DAGs
[2021-04-23 10:44:50,346] {logging_mixin.py:104} INFO - [2021-04-23 10:44:50,346] {dag.py:2280} INFO - Setting next_dagrun for tutorial to 2021-04-21 00:00:00+00:00
[2021-04-23 10:44:50,354] {scheduler_job.py:190} INFO - Processing /Users/wschrep/FreelanceWork/VIAA/IIIF_newproject/python_env/lib/python3.8/site-packages/airflow/example_dags/tutorial.py took 0.051 seconds
[2021-04-23 10:45:55,388] {scheduler_job.py:182} INFO - Started process (PID=82305) to work on /Users/wschrep/FreelanceWork/VIAA/IIIF_newproject/python_env/lib/python3.8/site-packages/airflow/example_dags/tutorial.py
[2021-04-23 10:45:55,389] {scheduler_job.py:629} INFO - Processing file /Users/wschrep/FreelanceWork/VIAA/IIIF_newproject/python_env/lib/python3.8/site-packages/airflow/example_dags/tutorial.py for tasks to queue
[2021-04-23 10:45:55,390] {logging_mixin.py:104} INFO - [2021-04-23 10:45:55,390] {dagbag.py:451} INFO - Filling up the DagBag from /Users/wschrep/FreelanceWork/VIAA/IIIF_newproject/python_env/lib/python3.8/site-packages/airflow/example_dags/tutorial.py
[2021-04-23 10:45:55,398] {scheduler_job.py:639} INFO - DAG(s) dict_keys(['tutorial']) retrieved from /Users/wschrep/FreelanceWork/VIAA/IIIF_newproject/python_env/lib/python3.8/site-packages/airflow/example_dags/tutorial.py
[2021-04-23 10:45:55,428] {logging_mixin.py:104} INFO - [2021-04-23 10:45:55,428] {dag.py:1824} INFO - Sync 1 DAGs
[2021-04-23 10:45:55,435] {logging_mixin.py:104} INFO - [2021-04-23 10:45:55,435] {dag.py:2280} INFO - Setting next_dagrun for tutorial to 2021-04-21 00:00:00+00:00
[2021-04-23 10:45:55,442] {scheduler_job.py:190} INFO - Processing /Users/wschrep/FreelanceWork/VIAA/IIIF_newproject/python_env/lib/python3.8/site-packages/airflow/example_dags/tutorial.py took 0.054 seconds
[2021-04-23 10:47:00,349] {scheduler_job.py:182} INFO - Started process (PID=82661) to work on /Users/wschrep/FreelanceWork/VIAA/IIIF_newproject/python_env/lib/python3.8/site-packages/airflow/example_dags/tutorial.py
[2021-04-23 10:47:00,351] {scheduler_job.py:629} INFO - Processing file /Users/wschrep/FreelanceWork/VIAA/IIIF_newproject/python_env/lib/python3.8/site-packages/airflow/example_dags/tutorial.py for tasks to queue
[2021-04-23 10:47:00,351] {logging_mixin.py:104} INFO - [2021-04-23 10:47:00,351] {dagbag.py:451} INFO - Filling up the DagBag from /Users/wschrep/FreelanceWork/VIAA/IIIF_newproject/python_env/lib/python3.8/site-packages/airflow/example_dags/tutorial.py
[2021-04-23 10:47:00,359] {scheduler_job.py:639} INFO - DAG(s) dict_keys(['tutorial']) retrieved from /Users/wschrep/FreelanceWork/VIAA/IIIF_newproject/python_env/lib/python3.8/site-packages/airflow/example_dags/tutorial.py
[2021-04-23 10:47:00,388] {logging_mixin.py:104} INFO - [2021-04-23 10:47:00,388] {dag.py:1824} INFO - Sync 1 DAGs
[2021-04-23 10:47:00,395] {logging_mixin.py:104} INFO - [2021-04-23 10:47:00,395] {dag.py:2280} INFO - Setting next_dagrun for tutorial to 2021-04-21 00:00:00+00:00
[2021-04-23 10:47:00,402] {scheduler_job.py:190} INFO - Processing /Users/wschrep/FreelanceWork/VIAA/IIIF_newproject/python_env/lib/python3.8/site-packages/airflow/example_dags/tutorial.py took 0.053 seconds
[2021-04-23 10:48:04,718] {scheduler_job.py:182} INFO - Started process (PID=83006) to work on /Users/wschrep/FreelanceWork/VIAA/IIIF_newproject/python_env/lib/python3.8/site-packages/airflow/example_dags/tutorial.py
[2021-04-23 10:48:04,718] {scheduler_job.py:629} INFO - Processing file /Users/wschrep/FreelanceWork/VIAA/IIIF_newproject/python_env/lib/python3.8/site-packages/airflow/example_dags/tutorial.py for tasks to queue
[2021-04-23 10:48:04,719] {logging_mixin.py:104} INFO - [2021-04-23 10:48:04,719] {dagbag.py:451} INFO - Filling up the DagBag from /Users/wschrep/FreelanceWork/VIAA/IIIF_newproject/python_env/lib/python3.8/site-packages/airflow/example_dags/tutorial.py
[2021-04-23 10:48:04,725] {scheduler_job.py:639} INFO - DAG(s) dict_keys(['tutorial']) retrieved from /Users/wschrep/FreelanceWork/VIAA/IIIF_newproject/python_env/lib/python3.8/site-packages/airflow/example_dags/tutorial.py
[2021-04-23 10:48:04,755] {logging_mixin.py:104} INFO - [2021-04-23 10:48:04,754] {dag.py:1824} INFO - Sync 1 DAGs
[2021-04-23 10:48:04,761] {logging_mixin.py:104} INFO - [2021-04-23 10:48:04,761] {dag.py:2280} INFO - Setting next_dagrun for tutorial to 2021-04-21 00:00:00+00:00
[2021-04-23 10:48:04,768] {scheduler_job.py:190} INFO - Processing /Users/wschrep/FreelanceWork/VIAA/IIIF_newproject/python_env/lib/python3.8/site-packages/airflow/example_dags/tutorial.py took 0.051 seconds
[2021-04-23 10:49:09,089] {scheduler_job.py:182} INFO - Started process (PID=83357) to work on /Users/wschrep/FreelanceWork/VIAA/IIIF_newproject/python_env/lib/python3.8/site-packages/airflow/example_dags/tutorial.py
[2021-04-23 10:49:09,090] {scheduler_job.py:629} INFO - Processing file /Users/wschrep/FreelanceWork/VIAA/IIIF_newproject/python_env/lib/python3.8/site-packages/airflow/example_dags/tutorial.py for tasks to queue
[2021-04-23 10:49:09,090] {logging_mixin.py:104} INFO - [2021-04-23 10:49:09,090] {dagbag.py:451} INFO - Filling up the DagBag from /Users/wschrep/FreelanceWork/VIAA/IIIF_newproject/python_env/lib/python3.8/site-packages/airflow/example_dags/tutorial.py
[2021-04-23 10:49:09,095] {scheduler_job.py:639} INFO - DAG(s) dict_keys(['tutorial']) retrieved from /Users/wschrep/FreelanceWork/VIAA/IIIF_newproject/python_env/lib/python3.8/site-packages/airflow/example_dags/tutorial.py
[2021-04-23 10:49:09,126] {logging_mixin.py:104} INFO - [2021-04-23 10:49:09,125] {dag.py:1824} INFO - Sync 1 DAGs
[2021-04-23 10:49:09,132] {logging_mixin.py:104} INFO - [2021-04-23 10:49:09,132] {dag.py:2280} INFO - Setting next_dagrun for tutorial to 2021-04-21 00:00:00+00:00
[2021-04-23 10:49:09,140] {scheduler_job.py:190} INFO - Processing /Users/wschrep/FreelanceWork/VIAA/IIIF_newproject/python_env/lib/python3.8/site-packages/airflow/example_dags/tutorial.py took 0.052 seconds
[2021-04-23 10:50:13,988] {scheduler_job.py:182} INFO - Started process (PID=83704) to work on /Users/wschrep/FreelanceWork/VIAA/IIIF_newproject/python_env/lib/python3.8/site-packages/airflow/example_dags/tutorial.py
[2021-04-23 10:50:13,990] {scheduler_job.py:629} INFO - Processing file /Users/wschrep/FreelanceWork/VIAA/IIIF_newproject/python_env/lib/python3.8/site-packages/airflow/example_dags/tutorial.py for tasks to queue
[2021-04-23 10:50:13,990] {logging_mixin.py:104} INFO - [2021-04-23 10:50:13,990] {dagbag.py:451} INFO - Filling up the DagBag from /Users/wschrep/FreelanceWork/VIAA/IIIF_newproject/python_env/lib/python3.8/site-packages/airflow/example_dags/tutorial.py
[2021-04-23 10:50:13,996] {scheduler_job.py:639} INFO - DAG(s) dict_keys(['tutorial']) retrieved from /Users/wschrep/FreelanceWork/VIAA/IIIF_newproject/python_env/lib/python3.8/site-packages/airflow/example_dags/tutorial.py
[2021-04-23 10:50:14,034] {logging_mixin.py:104} INFO - [2021-04-23 10:50:14,034] {dag.py:1824} INFO - Sync 1 DAGs
[2021-04-23 10:50:14,041] {logging_mixin.py:104} INFO - [2021-04-23 10:50:14,041] {dag.py:2280} INFO - Setting next_dagrun for tutorial to 2021-04-21 00:00:00+00:00
[2021-04-23 10:50:14,048] {scheduler_job.py:190} INFO - Processing /Users/wschrep/FreelanceWork/VIAA/IIIF_newproject/python_env/lib/python3.8/site-packages/airflow/example_dags/tutorial.py took 0.061 seconds
[2021-04-23 10:51:18,018] {scheduler_job.py:182} INFO - Started process (PID=84052) to work on /Users/wschrep/FreelanceWork/VIAA/IIIF_newproject/python_env/lib/python3.8/site-packages/airflow/example_dags/tutorial.py
[2021-04-23 10:51:18,019] {scheduler_job.py:629} INFO - Processing file /Users/wschrep/FreelanceWork/VIAA/IIIF_newproject/python_env/lib/python3.8/site-packages/airflow/example_dags/tutorial.py for tasks to queue
[2021-04-23 10:51:18,020] {logging_mixin.py:104} INFO - [2021-04-23 10:51:18,020] {dagbag.py:451} INFO - Filling up the DagBag from /Users/wschrep/FreelanceWork/VIAA/IIIF_newproject/python_env/lib/python3.8/site-packages/airflow/example_dags/tutorial.py
[2021-04-23 10:51:18,026] {scheduler_job.py:639} INFO - DAG(s) dict_keys(['tutorial']) retrieved from /Users/wschrep/FreelanceWork/VIAA/IIIF_newproject/python_env/lib/python3.8/site-packages/airflow/example_dags/tutorial.py
[2021-04-23 10:51:18,055] {logging_mixin.py:104} INFO - [2021-04-23 10:51:18,055] {dag.py:1824} INFO - Sync 1 DAGs
[2021-04-23 10:51:18,062] {logging_mixin.py:104} INFO - [2021-04-23 10:51:18,062] {dag.py:2280} INFO - Setting next_dagrun for tutorial to 2021-04-21 00:00:00+00:00
[2021-04-23 10:51:18,069] {scheduler_job.py:190} INFO - Processing /Users/wschrep/FreelanceWork/VIAA/IIIF_newproject/python_env/lib/python3.8/site-packages/airflow/example_dags/tutorial.py took 0.052 seconds
[2021-04-23 10:52:20,094] {scheduler_job.py:182} INFO - Started process (PID=84389) to work on /Users/wschrep/FreelanceWork/VIAA/IIIF_newproject/python_env/lib/python3.8/site-packages/airflow/example_dags/tutorial.py
[2021-04-23 10:52:20,095] {scheduler_job.py:629} INFO - Processing file /Users/wschrep/FreelanceWork/VIAA/IIIF_newproject/python_env/lib/python3.8/site-packages/airflow/example_dags/tutorial.py for tasks to queue
[2021-04-23 10:52:20,096] {logging_mixin.py:104} INFO - [2021-04-23 10:52:20,096] {dagbag.py:451} INFO - Filling up the DagBag from /Users/wschrep/FreelanceWork/VIAA/IIIF_newproject/python_env/lib/python3.8/site-packages/airflow/example_dags/tutorial.py
[2021-04-23 10:52:20,103] {scheduler_job.py:639} INFO - DAG(s) dict_keys(['tutorial']) retrieved from /Users/wschrep/FreelanceWork/VIAA/IIIF_newproject/python_env/lib/python3.8/site-packages/airflow/example_dags/tutorial.py
[2021-04-23 10:52:20,132] {logging_mixin.py:104} INFO - [2021-04-23 10:52:20,132] {dag.py:1824} INFO - Sync 1 DAGs
[2021-04-23 10:52:20,139] {logging_mixin.py:104} INFO - [2021-04-23 10:52:20,139] {dag.py:2280} INFO - Setting next_dagrun for tutorial to 2021-04-21 00:00:00+00:00
[2021-04-23 10:52:20,145] {scheduler_job.py:190} INFO - Processing /Users/wschrep/FreelanceWork/VIAA/IIIF_newproject/python_env/lib/python3.8/site-packages/airflow/example_dags/tutorial.py took 0.052 seconds
[2021-04-23 10:53:23,948] {scheduler_job.py:182} INFO - Started process (PID=84730) to work on /Users/wschrep/FreelanceWork/VIAA/IIIF_newproject/python_env/lib/python3.8/site-packages/airflow/example_dags/tutorial.py
[2021-04-23 10:53:23,949] {scheduler_job.py:629} INFO - Processing file /Users/wschrep/FreelanceWork/VIAA/IIIF_newproject/python_env/lib/python3.8/site-packages/airflow/example_dags/tutorial.py for tasks to queue
[2021-04-23 10:53:23,949] {logging_mixin.py:104} INFO - [2021-04-23 10:53:23,949] {dagbag.py:451} INFO - Filling up the DagBag from /Users/wschrep/FreelanceWork/VIAA/IIIF_newproject/python_env/lib/python3.8/site-packages/airflow/example_dags/tutorial.py
[2021-04-23 10:53:23,954] {scheduler_job.py:639} INFO - DAG(s) dict_keys(['tutorial']) retrieved from /Users/wschrep/FreelanceWork/VIAA/IIIF_newproject/python_env/lib/python3.8/site-packages/airflow/example_dags/tutorial.py
[2021-04-23 10:53:23,985] {logging_mixin.py:104} INFO - [2021-04-23 10:53:23,984] {dag.py:1824} INFO - Sync 1 DAGs
[2021-04-23 10:53:23,991] {logging_mixin.py:104} INFO - [2021-04-23 10:53:23,991] {dag.py:2280} INFO - Setting next_dagrun for tutorial to 2021-04-21 00:00:00+00:00
[2021-04-23 10:53:24,001] {scheduler_job.py:190} INFO - Processing /Users/wschrep/FreelanceWork/VIAA/IIIF_newproject/python_env/lib/python3.8/site-packages/airflow/example_dags/tutorial.py took 0.053 seconds
[2021-04-23 10:54:25,708] {scheduler_job.py:182} INFO - Started process (PID=85063) to work on /Users/wschrep/FreelanceWork/VIAA/IIIF_newproject/python_env/lib/python3.8/site-packages/airflow/example_dags/tutorial.py
[2021-04-23 10:54:25,708] {scheduler_job.py:629} INFO - Processing file /Users/wschrep/FreelanceWork/VIAA/IIIF_newproject/python_env/lib/python3.8/site-packages/airflow/example_dags/tutorial.py for tasks to queue
[2021-04-23 10:54:25,709] {logging_mixin.py:104} INFO - [2021-04-23 10:54:25,709] {dagbag.py:451} INFO - Filling up the DagBag from /Users/wschrep/FreelanceWork/VIAA/IIIF_newproject/python_env/lib/python3.8/site-packages/airflow/example_dags/tutorial.py
[2021-04-23 10:54:25,715] {scheduler_job.py:639} INFO - DAG(s) dict_keys(['tutorial']) retrieved from /Users/wschrep/FreelanceWork/VIAA/IIIF_newproject/python_env/lib/python3.8/site-packages/airflow/example_dags/tutorial.py
[2021-04-23 10:54:25,745] {logging_mixin.py:104} INFO - [2021-04-23 10:54:25,745] {dag.py:1824} INFO - Sync 1 DAGs
[2021-04-23 10:54:25,752] {logging_mixin.py:104} INFO - [2021-04-23 10:54:25,752] {dag.py:2280} INFO - Setting next_dagrun for tutorial to 2021-04-21 00:00:00+00:00
[2021-04-23 10:54:25,761] {scheduler_job.py:190} INFO - Processing /Users/wschrep/FreelanceWork/VIAA/IIIF_newproject/python_env/lib/python3.8/site-packages/airflow/example_dags/tutorial.py took 0.054 seconds
[2021-04-23 10:55:27,668] {scheduler_job.py:182} INFO - Started process (PID=85401) to work on /Users/wschrep/FreelanceWork/VIAA/IIIF_newproject/python_env/lib/python3.8/site-packages/airflow/example_dags/tutorial.py
[2021-04-23 10:55:27,668] {scheduler_job.py:629} INFO - Processing file /Users/wschrep/FreelanceWork/VIAA/IIIF_newproject/python_env/lib/python3.8/site-packages/airflow/example_dags/tutorial.py for tasks to queue
[2021-04-23 10:55:27,669] {logging_mixin.py:104} INFO - [2021-04-23 10:55:27,669] {dagbag.py:451} INFO - Filling up the DagBag from /Users/wschrep/FreelanceWork/VIAA/IIIF_newproject/python_env/lib/python3.8/site-packages/airflow/example_dags/tutorial.py
[2021-04-23 10:55:27,674] {scheduler_job.py:639} INFO - DAG(s) dict_keys(['tutorial']) retrieved from /Users/wschrep/FreelanceWork/VIAA/IIIF_newproject/python_env/lib/python3.8/site-packages/airflow/example_dags/tutorial.py
[2021-04-23 10:55:27,706] {logging_mixin.py:104} INFO - [2021-04-23 10:55:27,706] {dag.py:1824} INFO - Sync 1 DAGs
[2021-04-23 10:55:27,715] {logging_mixin.py:104} INFO - [2021-04-23 10:55:27,715] {dag.py:2280} INFO - Setting next_dagrun for tutorial to 2021-04-21 00:00:00+00:00
[2021-04-23 10:55:27,723] {scheduler_job.py:190} INFO - Processing /Users/wschrep/FreelanceWork/VIAA/IIIF_newproject/python_env/lib/python3.8/site-packages/airflow/example_dags/tutorial.py took 0.056 seconds
[2021-04-23 10:56:32,051] {scheduler_job.py:182} INFO - Started process (PID=85746) to work on /Users/wschrep/FreelanceWork/VIAA/IIIF_newproject/python_env/lib/python3.8/site-packages/airflow/example_dags/tutorial.py
[2021-04-23 10:56:32,052] {scheduler_job.py:629} INFO - Processing file /Users/wschrep/FreelanceWork/VIAA/IIIF_newproject/python_env/lib/python3.8/site-packages/airflow/example_dags/tutorial.py for tasks to queue
[2021-04-23 10:56:32,052] {logging_mixin.py:104} INFO - [2021-04-23 10:56:32,052] {dagbag.py:451} INFO - Filling up the DagBag from /Users/wschrep/FreelanceWork/VIAA/IIIF_newproject/python_env/lib/python3.8/site-packages/airflow/example_dags/tutorial.py
[2021-04-23 10:56:32,059] {scheduler_job.py:639} INFO - DAG(s) dict_keys(['tutorial']) retrieved from /Users/wschrep/FreelanceWork/VIAA/IIIF_newproject/python_env/lib/python3.8/site-packages/airflow/example_dags/tutorial.py
[2021-04-23 10:56:32,089] {logging_mixin.py:104} INFO - [2021-04-23 10:56:32,089] {dag.py:1824} INFO - Sync 1 DAGs
[2021-04-23 10:56:32,095] {logging_mixin.py:104} INFO - [2021-04-23 10:56:32,095] {dag.py:2280} INFO - Setting next_dagrun for tutorial to 2021-04-21 00:00:00+00:00
[2021-04-23 10:56:32,102] {scheduler_job.py:190} INFO - Processing /Users/wschrep/FreelanceWork/VIAA/IIIF_newproject/python_env/lib/python3.8/site-packages/airflow/example_dags/tutorial.py took 0.052 seconds
[2021-04-23 10:57:37,179] {scheduler_job.py:182} INFO - Started process (PID=86104) to work on /Users/wschrep/FreelanceWork/VIAA/IIIF_newproject/python_env/lib/python3.8/site-packages/airflow/example_dags/tutorial.py
[2021-04-23 10:57:37,180] {scheduler_job.py:629} INFO - Processing file /Users/wschrep/FreelanceWork/VIAA/IIIF_newproject/python_env/lib/python3.8/site-packages/airflow/example_dags/tutorial.py for tasks to queue
[2021-04-23 10:57:37,180] {logging_mixin.py:104} INFO - [2021-04-23 10:57:37,180] {dagbag.py:451} INFO - Filling up the DagBag from /Users/wschrep/FreelanceWork/VIAA/IIIF_newproject/python_env/lib/python3.8/site-packages/airflow/example_dags/tutorial.py
[2021-04-23 10:57:37,187] {scheduler_job.py:639} INFO - DAG(s) dict_keys(['tutorial']) retrieved from /Users/wschrep/FreelanceWork/VIAA/IIIF_newproject/python_env/lib/python3.8/site-packages/airflow/example_dags/tutorial.py
[2021-04-23 10:57:37,216] {logging_mixin.py:104} INFO - [2021-04-23 10:57:37,216] {dag.py:1824} INFO - Sync 1 DAGs
[2021-04-23 10:57:37,224] {logging_mixin.py:104} INFO - [2021-04-23 10:57:37,224] {dag.py:2280} INFO - Setting next_dagrun for tutorial to 2021-04-21 00:00:00+00:00
[2021-04-23 10:57:37,230] {scheduler_job.py:190} INFO - Processing /Users/wschrep/FreelanceWork/VIAA/IIIF_newproject/python_env/lib/python3.8/site-packages/airflow/example_dags/tutorial.py took 0.052 seconds
[2021-04-23 10:58:37,003] {scheduler_job.py:182} INFO - Started process (PID=86427) to work on /Users/wschrep/FreelanceWork/VIAA/IIIF_newproject/python_env/lib/python3.8/site-packages/airflow/example_dags/tutorial.py
[2021-04-23 10:58:37,004] {scheduler_job.py:629} INFO - Processing file /Users/wschrep/FreelanceWork/VIAA/IIIF_newproject/python_env/lib/python3.8/site-packages/airflow/example_dags/tutorial.py for tasks to queue
[2021-04-23 10:58:37,004] {logging_mixin.py:104} INFO - [2021-04-23 10:58:37,004] {dagbag.py:451} INFO - Filling up the DagBag from /Users/wschrep/FreelanceWork/VIAA/IIIF_newproject/python_env/lib/python3.8/site-packages/airflow/example_dags/tutorial.py
[2021-04-23 10:58:37,011] {scheduler_job.py:639} INFO - DAG(s) dict_keys(['tutorial']) retrieved from /Users/wschrep/FreelanceWork/VIAA/IIIF_newproject/python_env/lib/python3.8/site-packages/airflow/example_dags/tutorial.py
[2021-04-23 10:58:37,046] {logging_mixin.py:104} INFO - [2021-04-23 10:58:37,046] {dag.py:1824} INFO - Sync 1 DAGs
[2021-04-23 10:58:37,054] {logging_mixin.py:104} INFO - [2021-04-23 10:58:37,054] {dag.py:2280} INFO - Setting next_dagrun for tutorial to 2021-04-21 00:00:00+00:00
[2021-04-23 10:58:37,062] {scheduler_job.py:190} INFO - Processing /Users/wschrep/FreelanceWork/VIAA/IIIF_newproject/python_env/lib/python3.8/site-packages/airflow/example_dags/tutorial.py took 0.060 seconds
[2021-04-23 10:59:38,693] {scheduler_job.py:182} INFO - Started process (PID=86761) to work on /Users/wschrep/FreelanceWork/VIAA/IIIF_newproject/python_env/lib/python3.8/site-packages/airflow/example_dags/tutorial.py
[2021-04-23 10:59:38,693] {scheduler_job.py:629} INFO - Processing file /Users/wschrep/FreelanceWork/VIAA/IIIF_newproject/python_env/lib/python3.8/site-packages/airflow/example_dags/tutorial.py for tasks to queue
[2021-04-23 10:59:38,693] {logging_mixin.py:104} INFO - [2021-04-23 10:59:38,693] {dagbag.py:451} INFO - Filling up the DagBag from /Users/wschrep/FreelanceWork/VIAA/IIIF_newproject/python_env/lib/python3.8/site-packages/airflow/example_dags/tutorial.py
[2021-04-23 10:59:38,699] {scheduler_job.py:639} INFO - DAG(s) dict_keys(['tutorial']) retrieved from /Users/wschrep/FreelanceWork/VIAA/IIIF_newproject/python_env/lib/python3.8/site-packages/airflow/example_dags/tutorial.py
[2021-04-23 10:59:38,729] {logging_mixin.py:104} INFO - [2021-04-23 10:59:38,729] {dag.py:1824} INFO - Sync 1 DAGs
[2021-04-23 10:59:38,736] {logging_mixin.py:104} INFO - [2021-04-23 10:59:38,736] {dag.py:2280} INFO - Setting next_dagrun for tutorial to 2021-04-21 00:00:00+00:00
[2021-04-23 10:59:38,744] {scheduler_job.py:190} INFO - Processing /Users/wschrep/FreelanceWork/VIAA/IIIF_newproject/python_env/lib/python3.8/site-packages/airflow/example_dags/tutorial.py took 0.052 seconds
[2021-04-23 11:00:36,546] {scheduler_job.py:182} INFO - Started process (PID=87084) to work on /Users/wschrep/FreelanceWork/VIAA/IIIF_newproject/python_env/lib/python3.8/site-packages/airflow/example_dags/tutorial.py
[2021-04-23 11:00:36,546] {scheduler_job.py:629} INFO - Processing file /Users/wschrep/FreelanceWork/VIAA/IIIF_newproject/python_env/lib/python3.8/site-packages/airflow/example_dags/tutorial.py for tasks to queue
[2021-04-23 11:00:36,547] {logging_mixin.py:104} INFO - [2021-04-23 11:00:36,547] {dagbag.py:451} INFO - Filling up the DagBag from /Users/wschrep/FreelanceWork/VIAA/IIIF_newproject/python_env/lib/python3.8/site-packages/airflow/example_dags/tutorial.py
[2021-04-23 11:00:36,552] {scheduler_job.py:639} INFO - DAG(s) dict_keys(['tutorial']) retrieved from /Users/wschrep/FreelanceWork/VIAA/IIIF_newproject/python_env/lib/python3.8/site-packages/airflow/example_dags/tutorial.py
[2021-04-23 11:00:36,583] {logging_mixin.py:104} INFO - [2021-04-23 11:00:36,582] {dag.py:1824} INFO - Sync 1 DAGs
[2021-04-23 11:00:36,589] {logging_mixin.py:104} INFO - [2021-04-23 11:00:36,589] {dag.py:2280} INFO - Setting next_dagrun for tutorial to 2021-04-21 00:00:00+00:00
[2021-04-23 11:00:36,597] {scheduler_job.py:190} INFO - Processing /Users/wschrep/FreelanceWork/VIAA/IIIF_newproject/python_env/lib/python3.8/site-packages/airflow/example_dags/tutorial.py took 0.052 seconds
[2021-04-23 11:01:50,121] {scheduler_job.py:182} INFO - Started process (PID=87468) to work on /Users/wschrep/FreelanceWork/VIAA/IIIF_newproject/python_env/lib/python3.8/site-packages/airflow/example_dags/tutorial.py
[2021-04-23 11:01:50,122] {scheduler_job.py:629} INFO - Processing file /Users/wschrep/FreelanceWork/VIAA/IIIF_newproject/python_env/lib/python3.8/site-packages/airflow/example_dags/tutorial.py for tasks to queue
[2021-04-23 11:01:50,122] {logging_mixin.py:104} INFO - [2021-04-23 11:01:50,122] {dagbag.py:451} INFO - Filling up the DagBag from /Users/wschrep/FreelanceWork/VIAA/IIIF_newproject/python_env/lib/python3.8/site-packages/airflow/example_dags/tutorial.py
[2021-04-23 11:01:50,128] {scheduler_job.py:639} INFO - DAG(s) dict_keys(['tutorial']) retrieved from /Users/wschrep/FreelanceWork/VIAA/IIIF_newproject/python_env/lib/python3.8/site-packages/airflow/example_dags/tutorial.py
[2021-04-23 11:01:50,158] {logging_mixin.py:104} INFO - [2021-04-23 11:01:50,158] {dag.py:1824} INFO - Sync 1 DAGs
[2021-04-23 11:01:50,165] {logging_mixin.py:104} INFO - [2021-04-23 11:01:50,165] {dag.py:2280} INFO - Setting next_dagrun for tutorial to 2021-04-21 00:00:00+00:00
[2021-04-23 11:01:50,171] {scheduler_job.py:190} INFO - Processing /Users/wschrep/FreelanceWork/VIAA/IIIF_newproject/python_env/lib/python3.8/site-packages/airflow/example_dags/tutorial.py took 0.051 seconds
[2021-04-23 11:02:56,481] {scheduler_job.py:182} INFO - Started process (PID=87828) to work on /Users/wschrep/FreelanceWork/VIAA/IIIF_newproject/python_env/lib/python3.8/site-packages/airflow/example_dags/tutorial.py
[2021-04-23 11:02:56,482] {scheduler_job.py:629} INFO - Processing file /Users/wschrep/FreelanceWork/VIAA/IIIF_newproject/python_env/lib/python3.8/site-packages/airflow/example_dags/tutorial.py for tasks to queue
[2021-04-23 11:02:56,483] {logging_mixin.py:104} INFO - [2021-04-23 11:02:56,483] {dagbag.py:451} INFO - Filling up the DagBag from /Users/wschrep/FreelanceWork/VIAA/IIIF_newproject/python_env/lib/python3.8/site-packages/airflow/example_dags/tutorial.py
[2021-04-23 11:02:56,490] {scheduler_job.py:639} INFO - DAG(s) dict_keys(['tutorial']) retrieved from /Users/wschrep/FreelanceWork/VIAA/IIIF_newproject/python_env/lib/python3.8/site-packages/airflow/example_dags/tutorial.py
[2021-04-23 11:02:56,520] {logging_mixin.py:104} INFO - [2021-04-23 11:02:56,519] {dag.py:1824} INFO - Sync 1 DAGs
[2021-04-23 11:02:56,527] {logging_mixin.py:104} INFO - [2021-04-23 11:02:56,526] {dag.py:2280} INFO - Setting next_dagrun for tutorial to 2021-04-21 00:00:00+00:00
[2021-04-23 11:02:56,533] {scheduler_job.py:190} INFO - Processing /Users/wschrep/FreelanceWork/VIAA/IIIF_newproject/python_env/lib/python3.8/site-packages/airflow/example_dags/tutorial.py took 0.053 seconds
[2021-04-23 11:04:05,703] {scheduler_job.py:182} INFO - Started process (PID=88198) to work on /Users/wschrep/FreelanceWork/VIAA/IIIF_newproject/python_env/lib/python3.8/site-packages/airflow/example_dags/tutorial.py
[2021-04-23 11:04:05,703] {scheduler_job.py:629} INFO - Processing file /Users/wschrep/FreelanceWork/VIAA/IIIF_newproject/python_env/lib/python3.8/site-packages/airflow/example_dags/tutorial.py for tasks to queue
[2021-04-23 11:04:05,704] {logging_mixin.py:104} INFO - [2021-04-23 11:04:05,703] {dagbag.py:451} INFO - Filling up the DagBag from /Users/wschrep/FreelanceWork/VIAA/IIIF_newproject/python_env/lib/python3.8/site-packages/airflow/example_dags/tutorial.py
[2021-04-23 11:04:05,709] {scheduler_job.py:639} INFO - DAG(s) dict_keys(['tutorial']) retrieved from /Users/wschrep/FreelanceWork/VIAA/IIIF_newproject/python_env/lib/python3.8/site-packages/airflow/example_dags/tutorial.py
[2021-04-23 11:04:05,738] {logging_mixin.py:104} INFO - [2021-04-23 11:04:05,738] {dag.py:1824} INFO - Sync 1 DAGs
[2021-04-23 11:04:05,745] {logging_mixin.py:104} INFO - [2021-04-23 11:04:05,745] {dag.py:2280} INFO - Setting next_dagrun for tutorial to 2021-04-21 00:00:00+00:00
[2021-04-23 11:04:05,753] {scheduler_job.py:190} INFO - Processing /Users/wschrep/FreelanceWork/VIAA/IIIF_newproject/python_env/lib/python3.8/site-packages/airflow/example_dags/tutorial.py took 0.050 seconds
[2021-04-23 11:05:15,209] {scheduler_job.py:182} INFO - Started process (PID=88572) to work on /Users/wschrep/FreelanceWork/VIAA/IIIF_newproject/python_env/lib/python3.8/site-packages/airflow/example_dags/tutorial.py
[2021-04-23 11:05:15,209] {scheduler_job.py:629} INFO - Processing file /Users/wschrep/FreelanceWork/VIAA/IIIF_newproject/python_env/lib/python3.8/site-packages/airflow/example_dags/tutorial.py for tasks to queue
[2021-04-23 11:05:15,210] {logging_mixin.py:104} INFO - [2021-04-23 11:05:15,209] {dagbag.py:451} INFO - Filling up the DagBag from /Users/wschrep/FreelanceWork/VIAA/IIIF_newproject/python_env/lib/python3.8/site-packages/airflow/example_dags/tutorial.py
[2021-04-23 11:05:15,215] {scheduler_job.py:639} INFO - DAG(s) dict_keys(['tutorial']) retrieved from /Users/wschrep/FreelanceWork/VIAA/IIIF_newproject/python_env/lib/python3.8/site-packages/airflow/example_dags/tutorial.py
[2021-04-23 11:05:15,246] {logging_mixin.py:104} INFO - [2021-04-23 11:05:15,246] {dag.py:1824} INFO - Sync 1 DAGs
[2021-04-23 11:05:15,253] {logging_mixin.py:104} INFO - [2021-04-23 11:05:15,253] {dag.py:2280} INFO - Setting next_dagrun for tutorial to 2021-04-21 00:00:00+00:00
[2021-04-23 11:05:15,262] {scheduler_job.py:190} INFO - Processing /Users/wschrep/FreelanceWork/VIAA/IIIF_newproject/python_env/lib/python3.8/site-packages/airflow/example_dags/tutorial.py took 0.054 seconds
[2021-04-23 11:06:35,157] {scheduler_job.py:182} INFO - Started process (PID=89014) to work on /Users/wschrep/FreelanceWork/VIAA/IIIF_newproject/python_env/lib/python3.8/site-packages/airflow/example_dags/tutorial.py
[2021-04-23 11:06:35,158] {scheduler_job.py:629} INFO - Processing file /Users/wschrep/FreelanceWork/VIAA/IIIF_newproject/python_env/lib/python3.8/site-packages/airflow/example_dags/tutorial.py for tasks to queue
[2021-04-23 11:06:35,159] {logging_mixin.py:104} INFO - [2021-04-23 11:06:35,159] {dagbag.py:451} INFO - Filling up the DagBag from /Users/wschrep/FreelanceWork/VIAA/IIIF_newproject/python_env/lib/python3.8/site-packages/airflow/example_dags/tutorial.py
[2021-04-23 11:06:35,165] {scheduler_job.py:639} INFO - DAG(s) dict_keys(['tutorial']) retrieved from /Users/wschrep/FreelanceWork/VIAA/IIIF_newproject/python_env/lib/python3.8/site-packages/airflow/example_dags/tutorial.py
[2021-04-23 11:06:35,195] {logging_mixin.py:104} INFO - [2021-04-23 11:06:35,195] {dag.py:1824} INFO - Sync 1 DAGs
[2021-04-23 11:06:35,201] {logging_mixin.py:104} INFO - [2021-04-23 11:06:35,201] {dag.py:2280} INFO - Setting next_dagrun for tutorial to 2021-04-21 00:00:00+00:00
[2021-04-23 11:06:35,208] {scheduler_job.py:190} INFO - Processing /Users/wschrep/FreelanceWork/VIAA/IIIF_newproject/python_env/lib/python3.8/site-packages/airflow/example_dags/tutorial.py took 0.052 seconds
[2021-04-23 11:07:42,490] {scheduler_job.py:182} INFO - Started process (PID=89388) to work on /Users/wschrep/FreelanceWork/VIAA/IIIF_newproject/python_env/lib/python3.8/site-packages/airflow/example_dags/tutorial.py
[2021-04-23 11:07:42,491] {scheduler_job.py:629} INFO - Processing file /Users/wschrep/FreelanceWork/VIAA/IIIF_newproject/python_env/lib/python3.8/site-packages/airflow/example_dags/tutorial.py for tasks to queue
[2021-04-23 11:07:42,491] {logging_mixin.py:104} INFO - [2021-04-23 11:07:42,491] {dagbag.py:451} INFO - Filling up the DagBag from /Users/wschrep/FreelanceWork/VIAA/IIIF_newproject/python_env/lib/python3.8/site-packages/airflow/example_dags/tutorial.py
[2021-04-23 11:07:42,497] {scheduler_job.py:639} INFO - DAG(s) dict_keys(['tutorial']) retrieved from /Users/wschrep/FreelanceWork/VIAA/IIIF_newproject/python_env/lib/python3.8/site-packages/airflow/example_dags/tutorial.py
[2021-04-23 11:07:42,533] {logging_mixin.py:104} INFO - [2021-04-23 11:07:42,533] {dag.py:1824} INFO - Sync 1 DAGs
[2021-04-23 11:07:42,541] {logging_mixin.py:104} INFO - [2021-04-23 11:07:42,541] {dag.py:2280} INFO - Setting next_dagrun for tutorial to 2021-04-21 00:00:00+00:00
[2021-04-23 11:07:42,548] {scheduler_job.py:190} INFO - Processing /Users/wschrep/FreelanceWork/VIAA/IIIF_newproject/python_env/lib/python3.8/site-packages/airflow/example_dags/tutorial.py took 0.059 seconds
[2021-04-23 11:08:49,292] {scheduler_job.py:182} INFO - Started process (PID=89748) to work on /Users/wschrep/FreelanceWork/VIAA/IIIF_newproject/python_env/lib/python3.8/site-packages/airflow/example_dags/tutorial.py
[2021-04-23 11:08:49,292] {scheduler_job.py:629} INFO - Processing file /Users/wschrep/FreelanceWork/VIAA/IIIF_newproject/python_env/lib/python3.8/site-packages/airflow/example_dags/tutorial.py for tasks to queue
[2021-04-23 11:08:49,292] {logging_mixin.py:104} INFO - [2021-04-23 11:08:49,292] {dagbag.py:451} INFO - Filling up the DagBag from /Users/wschrep/FreelanceWork/VIAA/IIIF_newproject/python_env/lib/python3.8/site-packages/airflow/example_dags/tutorial.py
[2021-04-23 11:08:49,298] {scheduler_job.py:639} INFO - DAG(s) dict_keys(['tutorial']) retrieved from /Users/wschrep/FreelanceWork/VIAA/IIIF_newproject/python_env/lib/python3.8/site-packages/airflow/example_dags/tutorial.py
[2021-04-23 11:08:49,331] {logging_mixin.py:104} INFO - [2021-04-23 11:08:49,331] {dag.py:1824} INFO - Sync 1 DAGs
[2021-04-23 11:08:49,339] {logging_mixin.py:104} INFO - [2021-04-23 11:08:49,339] {dag.py:2280} INFO - Setting next_dagrun for tutorial to 2021-04-21 00:00:00+00:00
[2021-04-23 11:08:49,348] {scheduler_job.py:190} INFO - Processing /Users/wschrep/FreelanceWork/VIAA/IIIF_newproject/python_env/lib/python3.8/site-packages/airflow/example_dags/tutorial.py took 0.057 seconds
[2021-04-23 11:10:07,170] {scheduler_job.py:182} INFO - Started process (PID=90181) to work on /Users/wschrep/FreelanceWork/VIAA/IIIF_newproject/python_env/lib/python3.8/site-packages/airflow/example_dags/tutorial.py
[2021-04-23 11:10:07,171] {scheduler_job.py:629} INFO - Processing file /Users/wschrep/FreelanceWork/VIAA/IIIF_newproject/python_env/lib/python3.8/site-packages/airflow/example_dags/tutorial.py for tasks to queue
[2021-04-23 11:10:07,172] {logging_mixin.py:104} INFO - [2021-04-23 11:10:07,171] {dagbag.py:451} INFO - Filling up the DagBag from /Users/wschrep/FreelanceWork/VIAA/IIIF_newproject/python_env/lib/python3.8/site-packages/airflow/example_dags/tutorial.py
[2021-04-23 11:10:07,178] {scheduler_job.py:639} INFO - DAG(s) dict_keys(['tutorial']) retrieved from /Users/wschrep/FreelanceWork/VIAA/IIIF_newproject/python_env/lib/python3.8/site-packages/airflow/example_dags/tutorial.py
[2021-04-23 11:10:07,212] {logging_mixin.py:104} INFO - [2021-04-23 11:10:07,211] {dag.py:1824} INFO - Sync 1 DAGs
[2021-04-23 11:10:07,220] {logging_mixin.py:104} INFO - [2021-04-23 11:10:07,220] {dag.py:2280} INFO - Setting next_dagrun for tutorial to 2021-04-21 00:00:00+00:00
[2021-04-23 11:10:07,228] {scheduler_job.py:190} INFO - Processing /Users/wschrep/FreelanceWork/VIAA/IIIF_newproject/python_env/lib/python3.8/site-packages/airflow/example_dags/tutorial.py took 0.059 seconds
[2021-04-23 11:11:15,308] {scheduler_job.py:182} INFO - Started process (PID=90626) to work on /Users/wschrep/FreelanceWork/VIAA/IIIF_newproject/python_env/lib/python3.8/site-packages/airflow/example_dags/tutorial.py
[2021-04-23 11:11:15,309] {scheduler_job.py:629} INFO - Processing file /Users/wschrep/FreelanceWork/VIAA/IIIF_newproject/python_env/lib/python3.8/site-packages/airflow/example_dags/tutorial.py for tasks to queue
[2021-04-23 11:11:15,309] {logging_mixin.py:104} INFO - [2021-04-23 11:11:15,309] {dagbag.py:451} INFO - Filling up the DagBag from /Users/wschrep/FreelanceWork/VIAA/IIIF_newproject/python_env/lib/python3.8/site-packages/airflow/example_dags/tutorial.py
[2021-04-23 11:11:15,316] {scheduler_job.py:639} INFO - DAG(s) dict_keys(['tutorial']) retrieved from /Users/wschrep/FreelanceWork/VIAA/IIIF_newproject/python_env/lib/python3.8/site-packages/airflow/example_dags/tutorial.py
[2021-04-23 11:11:15,348] {logging_mixin.py:104} INFO - [2021-04-23 11:11:15,348] {dag.py:1824} INFO - Sync 1 DAGs
[2021-04-23 11:11:15,355] {logging_mixin.py:104} INFO - [2021-04-23 11:11:15,355] {dag.py:2280} INFO - Setting next_dagrun for tutorial to 2021-04-21 00:00:00+00:00
[2021-04-23 11:11:15,362] {scheduler_job.py:190} INFO - Processing /Users/wschrep/FreelanceWork/VIAA/IIIF_newproject/python_env/lib/python3.8/site-packages/airflow/example_dags/tutorial.py took 0.055 seconds
[2021-04-23 11:12:21,327] {scheduler_job.py:182} INFO - Started process (PID=91038) to work on /Users/wschrep/FreelanceWork/VIAA/IIIF_newproject/python_env/lib/python3.8/site-packages/airflow/example_dags/tutorial.py
[2021-04-23 11:12:21,328] {scheduler_job.py:629} INFO - Processing file /Users/wschrep/FreelanceWork/VIAA/IIIF_newproject/python_env/lib/python3.8/site-packages/airflow/example_dags/tutorial.py for tasks to queue
[2021-04-23 11:12:21,329] {logging_mixin.py:104} INFO - [2021-04-23 11:12:21,329] {dagbag.py:451} INFO - Filling up the DagBag from /Users/wschrep/FreelanceWork/VIAA/IIIF_newproject/python_env/lib/python3.8/site-packages/airflow/example_dags/tutorial.py
[2021-04-23 11:12:21,338] {scheduler_job.py:639} INFO - DAG(s) dict_keys(['tutorial']) retrieved from /Users/wschrep/FreelanceWork/VIAA/IIIF_newproject/python_env/lib/python3.8/site-packages/airflow/example_dags/tutorial.py
[2021-04-23 11:12:21,376] {logging_mixin.py:104} INFO - [2021-04-23 11:12:21,376] {dag.py:1824} INFO - Sync 1 DAGs
[2021-04-23 11:12:21,383] {logging_mixin.py:104} INFO - [2021-04-23 11:12:21,383] {dag.py:2280} INFO - Setting next_dagrun for tutorial to 2021-04-21 00:00:00+00:00
[2021-04-23 11:12:21,390] {scheduler_job.py:190} INFO - Processing /Users/wschrep/FreelanceWork/VIAA/IIIF_newproject/python_env/lib/python3.8/site-packages/airflow/example_dags/tutorial.py took 0.064 seconds
[2021-04-23 11:13:27,837] {scheduler_job.py:182} INFO - Started process (PID=91399) to work on /Users/wschrep/FreelanceWork/VIAA/IIIF_newproject/python_env/lib/python3.8/site-packages/airflow/example_dags/tutorial.py
[2021-04-23 11:13:27,838] {scheduler_job.py:629} INFO - Processing file /Users/wschrep/FreelanceWork/VIAA/IIIF_newproject/python_env/lib/python3.8/site-packages/airflow/example_dags/tutorial.py for tasks to queue
[2021-04-23 11:13:27,838] {logging_mixin.py:104} INFO - [2021-04-23 11:13:27,838] {dagbag.py:451} INFO - Filling up the DagBag from /Users/wschrep/FreelanceWork/VIAA/IIIF_newproject/python_env/lib/python3.8/site-packages/airflow/example_dags/tutorial.py
[2021-04-23 11:13:27,844] {scheduler_job.py:639} INFO - DAG(s) dict_keys(['tutorial']) retrieved from /Users/wschrep/FreelanceWork/VIAA/IIIF_newproject/python_env/lib/python3.8/site-packages/airflow/example_dags/tutorial.py
[2021-04-23 11:13:27,878] {logging_mixin.py:104} INFO - [2021-04-23 11:13:27,878] {dag.py:1824} INFO - Sync 1 DAGs
[2021-04-23 11:13:27,885] {logging_mixin.py:104} INFO - [2021-04-23 11:13:27,885] {dag.py:2280} INFO - Setting next_dagrun for tutorial to 2021-04-21 00:00:00+00:00
[2021-04-23 11:13:27,895] {scheduler_job.py:190} INFO - Processing /Users/wschrep/FreelanceWork/VIAA/IIIF_newproject/python_env/lib/python3.8/site-packages/airflow/example_dags/tutorial.py took 0.058 seconds
[2021-04-23 11:14:37,580] {scheduler_job.py:182} INFO - Started process (PID=91903) to work on /Users/wschrep/FreelanceWork/VIAA/IIIF_newproject/python_env/lib/python3.8/site-packages/airflow/example_dags/tutorial.py
[2021-04-23 11:14:37,581] {scheduler_job.py:629} INFO - Processing file /Users/wschrep/FreelanceWork/VIAA/IIIF_newproject/python_env/lib/python3.8/site-packages/airflow/example_dags/tutorial.py for tasks to queue
[2021-04-23 11:14:37,582] {logging_mixin.py:104} INFO - [2021-04-23 11:14:37,582] {dagbag.py:451} INFO - Filling up the DagBag from /Users/wschrep/FreelanceWork/VIAA/IIIF_newproject/python_env/lib/python3.8/site-packages/airflow/example_dags/tutorial.py
[2021-04-23 11:14:37,590] {scheduler_job.py:639} INFO - DAG(s) dict_keys(['tutorial']) retrieved from /Users/wschrep/FreelanceWork/VIAA/IIIF_newproject/python_env/lib/python3.8/site-packages/airflow/example_dags/tutorial.py
[2021-04-23 11:14:37,631] {logging_mixin.py:104} INFO - [2021-04-23 11:14:37,631] {dag.py:1824} INFO - Sync 1 DAGs
[2021-04-23 11:14:37,639] {logging_mixin.py:104} INFO - [2021-04-23 11:14:37,638] {dag.py:2280} INFO - Setting next_dagrun for tutorial to 2021-04-21 00:00:00+00:00
[2021-04-23 11:14:37,647] {scheduler_job.py:190} INFO - Processing /Users/wschrep/FreelanceWork/VIAA/IIIF_newproject/python_env/lib/python3.8/site-packages/airflow/example_dags/tutorial.py took 0.067 seconds
[2021-04-23 11:15:43,708] {scheduler_job.py:182} INFO - Started process (PID=92290) to work on /Users/wschrep/FreelanceWork/VIAA/IIIF_newproject/python_env/lib/python3.8/site-packages/airflow/example_dags/tutorial.py
[2021-04-23 11:15:43,708] {scheduler_job.py:629} INFO - Processing file /Users/wschrep/FreelanceWork/VIAA/IIIF_newproject/python_env/lib/python3.8/site-packages/airflow/example_dags/tutorial.py for tasks to queue
[2021-04-23 11:15:43,709] {logging_mixin.py:104} INFO - [2021-04-23 11:15:43,708] {dagbag.py:451} INFO - Filling up the DagBag from /Users/wschrep/FreelanceWork/VIAA/IIIF_newproject/python_env/lib/python3.8/site-packages/airflow/example_dags/tutorial.py
[2021-04-23 11:15:43,714] {scheduler_job.py:639} INFO - DAG(s) dict_keys(['tutorial']) retrieved from /Users/wschrep/FreelanceWork/VIAA/IIIF_newproject/python_env/lib/python3.8/site-packages/airflow/example_dags/tutorial.py
[2021-04-23 11:15:43,755] {logging_mixin.py:104} INFO - [2021-04-23 11:15:43,755] {dag.py:1824} INFO - Sync 1 DAGs
[2021-04-23 11:15:43,762] {logging_mixin.py:104} INFO - [2021-04-23 11:15:43,762] {dag.py:2280} INFO - Setting next_dagrun for tutorial to 2021-04-21 00:00:00+00:00
[2021-04-23 11:15:43,769] {scheduler_job.py:190} INFO - Processing /Users/wschrep/FreelanceWork/VIAA/IIIF_newproject/python_env/lib/python3.8/site-packages/airflow/example_dags/tutorial.py took 0.062 seconds
[2021-04-23 11:16:52,649] {scheduler_job.py:182} INFO - Started process (PID=92705) to work on /Users/wschrep/FreelanceWork/VIAA/IIIF_newproject/python_env/lib/python3.8/site-packages/airflow/example_dags/tutorial.py
[2021-04-23 11:16:52,650] {scheduler_job.py:629} INFO - Processing file /Users/wschrep/FreelanceWork/VIAA/IIIF_newproject/python_env/lib/python3.8/site-packages/airflow/example_dags/tutorial.py for tasks to queue
[2021-04-23 11:16:52,651] {logging_mixin.py:104} INFO - [2021-04-23 11:16:52,651] {dagbag.py:451} INFO - Filling up the DagBag from /Users/wschrep/FreelanceWork/VIAA/IIIF_newproject/python_env/lib/python3.8/site-packages/airflow/example_dags/tutorial.py
[2021-04-23 11:16:52,657] {scheduler_job.py:639} INFO - DAG(s) dict_keys(['tutorial']) retrieved from /Users/wschrep/FreelanceWork/VIAA/IIIF_newproject/python_env/lib/python3.8/site-packages/airflow/example_dags/tutorial.py
[2021-04-23 11:16:52,689] {logging_mixin.py:104} INFO - [2021-04-23 11:16:52,689] {dag.py:1824} INFO - Sync 1 DAGs
[2021-04-23 11:16:52,698] {logging_mixin.py:104} INFO - [2021-04-23 11:16:52,698] {dag.py:2280} INFO - Setting next_dagrun for tutorial to 2021-04-21 00:00:00+00:00
[2021-04-23 11:16:52,709] {scheduler_job.py:190} INFO - Processing /Users/wschrep/FreelanceWork/VIAA/IIIF_newproject/python_env/lib/python3.8/site-packages/airflow/example_dags/tutorial.py took 0.061 seconds
[2021-04-23 11:17:58,791] {scheduler_job.py:182} INFO - Started process (PID=93144) to work on /Users/wschrep/FreelanceWork/VIAA/IIIF_newproject/python_env/lib/python3.8/site-packages/airflow/example_dags/tutorial.py
[2021-04-23 11:17:58,791] {scheduler_job.py:629} INFO - Processing file /Users/wschrep/FreelanceWork/VIAA/IIIF_newproject/python_env/lib/python3.8/site-packages/airflow/example_dags/tutorial.py for tasks to queue
[2021-04-23 11:17:58,792] {logging_mixin.py:104} INFO - [2021-04-23 11:17:58,792] {dagbag.py:451} INFO - Filling up the DagBag from /Users/wschrep/FreelanceWork/VIAA/IIIF_newproject/python_env/lib/python3.8/site-packages/airflow/example_dags/tutorial.py
[2021-04-23 11:17:58,798] {scheduler_job.py:639} INFO - DAG(s) dict_keys(['tutorial']) retrieved from /Users/wschrep/FreelanceWork/VIAA/IIIF_newproject/python_env/lib/python3.8/site-packages/airflow/example_dags/tutorial.py
[2021-04-23 11:17:58,829] {logging_mixin.py:104} INFO - [2021-04-23 11:17:58,828] {dag.py:1824} INFO - Sync 1 DAGs
[2021-04-23 11:17:58,836] {logging_mixin.py:104} INFO - [2021-04-23 11:17:58,836] {dag.py:2280} INFO - Setting next_dagrun for tutorial to 2021-04-21 00:00:00+00:00
[2021-04-23 11:17:58,844] {scheduler_job.py:190} INFO - Processing /Users/wschrep/FreelanceWork/VIAA/IIIF_newproject/python_env/lib/python3.8/site-packages/airflow/example_dags/tutorial.py took 0.054 seconds
[2021-04-23 11:19:04,838] {scheduler_job.py:182} INFO - Started process (PID=93558) to work on /Users/wschrep/FreelanceWork/VIAA/IIIF_newproject/python_env/lib/python3.8/site-packages/airflow/example_dags/tutorial.py
[2021-04-23 11:19:04,839] {scheduler_job.py:629} INFO - Processing file /Users/wschrep/FreelanceWork/VIAA/IIIF_newproject/python_env/lib/python3.8/site-packages/airflow/example_dags/tutorial.py for tasks to queue
[2021-04-23 11:19:04,840] {logging_mixin.py:104} INFO - [2021-04-23 11:19:04,840] {dagbag.py:451} INFO - Filling up the DagBag from /Users/wschrep/FreelanceWork/VIAA/IIIF_newproject/python_env/lib/python3.8/site-packages/airflow/example_dags/tutorial.py
[2021-04-23 11:19:04,848] {scheduler_job.py:639} INFO - DAG(s) dict_keys(['tutorial']) retrieved from /Users/wschrep/FreelanceWork/VIAA/IIIF_newproject/python_env/lib/python3.8/site-packages/airflow/example_dags/tutorial.py
[2021-04-23 11:19:04,882] {logging_mixin.py:104} INFO - [2021-04-23 11:19:04,882] {dag.py:1824} INFO - Sync 1 DAGs
[2021-04-23 11:19:04,889] {logging_mixin.py:104} INFO - [2021-04-23 11:19:04,889] {dag.py:2280} INFO - Setting next_dagrun for tutorial to 2021-04-21 00:00:00+00:00
[2021-04-23 11:19:04,897] {scheduler_job.py:190} INFO - Processing /Users/wschrep/FreelanceWork/VIAA/IIIF_newproject/python_env/lib/python3.8/site-packages/airflow/example_dags/tutorial.py took 0.059 seconds
[2021-04-23 11:20:11,456] {scheduler_job.py:182} INFO - Started process (PID=93947) to work on /Users/wschrep/FreelanceWork/VIAA/IIIF_newproject/python_env/lib/python3.8/site-packages/airflow/example_dags/tutorial.py
[2021-04-23 11:20:11,456] {scheduler_job.py:629} INFO - Processing file /Users/wschrep/FreelanceWork/VIAA/IIIF_newproject/python_env/lib/python3.8/site-packages/airflow/example_dags/tutorial.py for tasks to queue
[2021-04-23 11:20:11,457] {logging_mixin.py:104} INFO - [2021-04-23 11:20:11,457] {dagbag.py:451} INFO - Filling up the DagBag from /Users/wschrep/FreelanceWork/VIAA/IIIF_newproject/python_env/lib/python3.8/site-packages/airflow/example_dags/tutorial.py
[2021-04-23 11:20:11,462] {scheduler_job.py:639} INFO - DAG(s) dict_keys(['tutorial']) retrieved from /Users/wschrep/FreelanceWork/VIAA/IIIF_newproject/python_env/lib/python3.8/site-packages/airflow/example_dags/tutorial.py
[2021-04-23 11:20:11,494] {logging_mixin.py:104} INFO - [2021-04-23 11:20:11,494] {dag.py:1824} INFO - Sync 1 DAGs
[2021-04-23 11:20:11,502] {logging_mixin.py:104} INFO - [2021-04-23 11:20:11,502] {dag.py:2280} INFO - Setting next_dagrun for tutorial to 2021-04-21 00:00:00+00:00
[2021-04-23 11:20:11,511] {scheduler_job.py:190} INFO - Processing /Users/wschrep/FreelanceWork/VIAA/IIIF_newproject/python_env/lib/python3.8/site-packages/airflow/example_dags/tutorial.py took 0.056 seconds
[2021-04-23 11:21:17,230] {scheduler_job.py:182} INFO - Started process (PID=94297) to work on /Users/wschrep/FreelanceWork/VIAA/IIIF_newproject/python_env/lib/python3.8/site-packages/airflow/example_dags/tutorial.py
[2021-04-23 11:21:17,231] {scheduler_job.py:629} INFO - Processing file /Users/wschrep/FreelanceWork/VIAA/IIIF_newproject/python_env/lib/python3.8/site-packages/airflow/example_dags/tutorial.py for tasks to queue
[2021-04-23 11:21:17,231] {logging_mixin.py:104} INFO - [2021-04-23 11:21:17,231] {dagbag.py:451} INFO - Filling up the DagBag from /Users/wschrep/FreelanceWork/VIAA/IIIF_newproject/python_env/lib/python3.8/site-packages/airflow/example_dags/tutorial.py
[2021-04-23 11:21:17,247] {scheduler_job.py:639} INFO - DAG(s) dict_keys(['tutorial']) retrieved from /Users/wschrep/FreelanceWork/VIAA/IIIF_newproject/python_env/lib/python3.8/site-packages/airflow/example_dags/tutorial.py
[2021-04-23 11:21:17,285] {logging_mixin.py:104} INFO - [2021-04-23 11:21:17,285] {dag.py:1824} INFO - Sync 1 DAGs
[2021-04-23 11:21:17,293] {logging_mixin.py:104} INFO - [2021-04-23 11:21:17,293] {dag.py:2280} INFO - Setting next_dagrun for tutorial to 2021-04-21 00:00:00+00:00
[2021-04-23 11:21:17,309] {scheduler_job.py:190} INFO - Processing /Users/wschrep/FreelanceWork/VIAA/IIIF_newproject/python_env/lib/python3.8/site-packages/airflow/example_dags/tutorial.py took 0.080 seconds
[2021-04-23 11:22:23,112] {scheduler_job.py:182} INFO - Started process (PID=94668) to work on /Users/wschrep/FreelanceWork/VIAA/IIIF_newproject/python_env/lib/python3.8/site-packages/airflow/example_dags/tutorial.py
[2021-04-23 11:22:23,113] {scheduler_job.py:629} INFO - Processing file /Users/wschrep/FreelanceWork/VIAA/IIIF_newproject/python_env/lib/python3.8/site-packages/airflow/example_dags/tutorial.py for tasks to queue
[2021-04-23 11:22:23,113] {logging_mixin.py:104} INFO - [2021-04-23 11:22:23,113] {dagbag.py:451} INFO - Filling up the DagBag from /Users/wschrep/FreelanceWork/VIAA/IIIF_newproject/python_env/lib/python3.8/site-packages/airflow/example_dags/tutorial.py
[2021-04-23 11:22:23,120] {scheduler_job.py:639} INFO - DAG(s) dict_keys(['tutorial']) retrieved from /Users/wschrep/FreelanceWork/VIAA/IIIF_newproject/python_env/lib/python3.8/site-packages/airflow/example_dags/tutorial.py
[2021-04-23 11:22:23,152] {logging_mixin.py:104} INFO - [2021-04-23 11:22:23,152] {dag.py:1824} INFO - Sync 1 DAGs
[2021-04-23 11:22:23,159] {logging_mixin.py:104} INFO - [2021-04-23 11:22:23,158] {dag.py:2280} INFO - Setting next_dagrun for tutorial to 2021-04-21 00:00:00+00:00
[2021-04-23 11:22:23,165] {scheduler_job.py:190} INFO - Processing /Users/wschrep/FreelanceWork/VIAA/IIIF_newproject/python_env/lib/python3.8/site-packages/airflow/example_dags/tutorial.py took 0.055 seconds
[2021-04-23 11:23:29,294] {scheduler_job.py:182} INFO - Started process (PID=95023) to work on /Users/wschrep/FreelanceWork/VIAA/IIIF_newproject/python_env/lib/python3.8/site-packages/airflow/example_dags/tutorial.py
[2021-04-23 11:23:29,295] {scheduler_job.py:629} INFO - Processing file /Users/wschrep/FreelanceWork/VIAA/IIIF_newproject/python_env/lib/python3.8/site-packages/airflow/example_dags/tutorial.py for tasks to queue
[2021-04-23 11:23:29,295] {logging_mixin.py:104} INFO - [2021-04-23 11:23:29,295] {dagbag.py:451} INFO - Filling up the DagBag from /Users/wschrep/FreelanceWork/VIAA/IIIF_newproject/python_env/lib/python3.8/site-packages/airflow/example_dags/tutorial.py
[2021-04-23 11:23:29,300] {scheduler_job.py:639} INFO - DAG(s) dict_keys(['tutorial']) retrieved from /Users/wschrep/FreelanceWork/VIAA/IIIF_newproject/python_env/lib/python3.8/site-packages/airflow/example_dags/tutorial.py
[2021-04-23 11:23:29,333] {logging_mixin.py:104} INFO - [2021-04-23 11:23:29,332] {dag.py:1824} INFO - Sync 1 DAGs
[2021-04-23 11:23:29,340] {logging_mixin.py:104} INFO - [2021-04-23 11:23:29,339] {dag.py:2280} INFO - Setting next_dagrun for tutorial to 2021-04-21 00:00:00+00:00
[2021-04-23 11:23:29,347] {scheduler_job.py:190} INFO - Processing /Users/wschrep/FreelanceWork/VIAA/IIIF_newproject/python_env/lib/python3.8/site-packages/airflow/example_dags/tutorial.py took 0.054 seconds
[2021-04-23 11:24:35,364] {scheduler_job.py:182} INFO - Started process (PID=95392) to work on /Users/wschrep/FreelanceWork/VIAA/IIIF_newproject/python_env/lib/python3.8/site-packages/airflow/example_dags/tutorial.py
[2021-04-23 11:24:35,365] {scheduler_job.py:629} INFO - Processing file /Users/wschrep/FreelanceWork/VIAA/IIIF_newproject/python_env/lib/python3.8/site-packages/airflow/example_dags/tutorial.py for tasks to queue
[2021-04-23 11:24:35,365] {logging_mixin.py:104} INFO - [2021-04-23 11:24:35,365] {dagbag.py:451} INFO - Filling up the DagBag from /Users/wschrep/FreelanceWork/VIAA/IIIF_newproject/python_env/lib/python3.8/site-packages/airflow/example_dags/tutorial.py
[2021-04-23 11:24:35,371] {scheduler_job.py:639} INFO - DAG(s) dict_keys(['tutorial']) retrieved from /Users/wschrep/FreelanceWork/VIAA/IIIF_newproject/python_env/lib/python3.8/site-packages/airflow/example_dags/tutorial.py
[2021-04-23 11:24:35,412] {logging_mixin.py:104} INFO - [2021-04-23 11:24:35,412] {dag.py:1824} INFO - Sync 1 DAGs
[2021-04-23 11:24:35,419] {logging_mixin.py:104} INFO - [2021-04-23 11:24:35,419] {dag.py:2280} INFO - Setting next_dagrun for tutorial to 2021-04-21 00:00:00+00:00
[2021-04-23 11:24:35,427] {scheduler_job.py:190} INFO - Processing /Users/wschrep/FreelanceWork/VIAA/IIIF_newproject/python_env/lib/python3.8/site-packages/airflow/example_dags/tutorial.py took 0.063 seconds
[2021-04-23 11:25:41,473] {scheduler_job.py:182} INFO - Started process (PID=95788) to work on /Users/wschrep/FreelanceWork/VIAA/IIIF_newproject/python_env/lib/python3.8/site-packages/airflow/example_dags/tutorial.py
[2021-04-23 11:25:41,473] {scheduler_job.py:629} INFO - Processing file /Users/wschrep/FreelanceWork/VIAA/IIIF_newproject/python_env/lib/python3.8/site-packages/airflow/example_dags/tutorial.py for tasks to queue
[2021-04-23 11:25:41,473] {logging_mixin.py:104} INFO - [2021-04-23 11:25:41,473] {dagbag.py:451} INFO - Filling up the DagBag from /Users/wschrep/FreelanceWork/VIAA/IIIF_newproject/python_env/lib/python3.8/site-packages/airflow/example_dags/tutorial.py
[2021-04-23 11:25:41,479] {scheduler_job.py:639} INFO - DAG(s) dict_keys(['tutorial']) retrieved from /Users/wschrep/FreelanceWork/VIAA/IIIF_newproject/python_env/lib/python3.8/site-packages/airflow/example_dags/tutorial.py
[2021-04-23 11:25:41,511] {logging_mixin.py:104} INFO - [2021-04-23 11:25:41,511] {dag.py:1824} INFO - Sync 1 DAGs
[2021-04-23 11:25:41,518] {logging_mixin.py:104} INFO - [2021-04-23 11:25:41,518] {dag.py:2280} INFO - Setting next_dagrun for tutorial to 2021-04-21 00:00:00+00:00
[2021-04-23 11:25:41,526] {scheduler_job.py:190} INFO - Processing /Users/wschrep/FreelanceWork/VIAA/IIIF_newproject/python_env/lib/python3.8/site-packages/airflow/example_dags/tutorial.py took 0.054 seconds
