[2021-04-23 04:24:03,435] {scheduler_job.py:182} INFO - Started process (PID=69027) to work on /Users/wschrep/FreelanceWork/VIAA/IIIF_newproject/python_env/lib/python3.8/site-packages/airflow/example_dags/subdags/subdag.py
[2021-04-23 04:24:03,436] {scheduler_job.py:629} INFO - Processing file /Users/wschrep/FreelanceWork/VIAA/IIIF_newproject/python_env/lib/python3.8/site-packages/airflow/example_dags/subdags/subdag.py for tasks to queue
[2021-04-23 04:24:03,436] {logging_mixin.py:104} INFO - [2021-04-23 04:24:03,436] {dagbag.py:451} INFO - Filling up the DagBag from /Users/wschrep/FreelanceWork/VIAA/IIIF_newproject/python_env/lib/python3.8/site-packages/airflow/example_dags/subdags/subdag.py
[2021-04-23 04:24:03,439] {scheduler_job.py:641} WARNING - No viable dags retrieved from /Users/wschrep/FreelanceWork/VIAA/IIIF_newproject/python_env/lib/python3.8/site-packages/airflow/example_dags/subdags/subdag.py
[2021-04-23 04:24:03,466] {scheduler_job.py:190} INFO - Processing /Users/wschrep/FreelanceWork/VIAA/IIIF_newproject/python_env/lib/python3.8/site-packages/airflow/example_dags/subdags/subdag.py took 0.032 seconds
[2021-04-23 06:12:22,158] {scheduler_job.py:182} INFO - Started process (PID=69382) to work on /Users/wschrep/FreelanceWork/VIAA/IIIF_newproject/python_env/lib/python3.8/site-packages/airflow/example_dags/subdags/subdag.py
[2021-04-23 06:12:22,159] {scheduler_job.py:629} INFO - Processing file /Users/wschrep/FreelanceWork/VIAA/IIIF_newproject/python_env/lib/python3.8/site-packages/airflow/example_dags/subdags/subdag.py for tasks to queue
[2021-04-23 06:12:22,160] {logging_mixin.py:104} INFO - [2021-04-23 06:12:22,160] {dagbag.py:451} INFO - Filling up the DagBag from /Users/wschrep/FreelanceWork/VIAA/IIIF_newproject/python_env/lib/python3.8/site-packages/airflow/example_dags/subdags/subdag.py
[2021-04-23 06:12:22,162] {scheduler_job.py:641} WARNING - No viable dags retrieved from /Users/wschrep/FreelanceWork/VIAA/IIIF_newproject/python_env/lib/python3.8/site-packages/airflow/example_dags/subdags/subdag.py
[2021-04-23 06:12:22,189] {scheduler_job.py:190} INFO - Processing /Users/wschrep/FreelanceWork/VIAA/IIIF_newproject/python_env/lib/python3.8/site-packages/airflow/example_dags/subdags/subdag.py took 0.032 seconds
[2021-04-23 09:48:02,291] {scheduler_job.py:182} INFO - Started process (PID=70067) to work on /Users/wschrep/FreelanceWork/VIAA/IIIF_newproject/python_env/lib/python3.8/site-packages/airflow/example_dags/subdags/subdag.py
[2021-04-23 09:48:02,293] {scheduler_job.py:629} INFO - Processing file /Users/wschrep/FreelanceWork/VIAA/IIIF_newproject/python_env/lib/python3.8/site-packages/airflow/example_dags/subdags/subdag.py for tasks to queue
[2021-04-23 09:48:02,294] {logging_mixin.py:104} INFO - [2021-04-23 09:48:02,294] {dagbag.py:451} INFO - Filling up the DagBag from /Users/wschrep/FreelanceWork/VIAA/IIIF_newproject/python_env/lib/python3.8/site-packages/airflow/example_dags/subdags/subdag.py
[2021-04-23 09:48:02,300] {scheduler_job.py:641} WARNING - No viable dags retrieved from /Users/wschrep/FreelanceWork/VIAA/IIIF_newproject/python_env/lib/python3.8/site-packages/airflow/example_dags/subdags/subdag.py
[2021-04-23 09:48:02,380] {scheduler_job.py:190} INFO - Processing /Users/wschrep/FreelanceWork/VIAA/IIIF_newproject/python_env/lib/python3.8/site-packages/airflow/example_dags/subdags/subdag.py took 0.092 seconds
[2021-04-23 10:10:55,672] {scheduler_job.py:182} INFO - Started process (PID=70597) to work on /Users/wschrep/FreelanceWork/VIAA/IIIF_newproject/python_env/lib/python3.8/site-packages/airflow/example_dags/subdags/subdag.py
[2021-04-23 10:10:55,672] {scheduler_job.py:629} INFO - Processing file /Users/wschrep/FreelanceWork/VIAA/IIIF_newproject/python_env/lib/python3.8/site-packages/airflow/example_dags/subdags/subdag.py for tasks to queue
[2021-04-23 10:10:55,673] {logging_mixin.py:104} INFO - [2021-04-23 10:10:55,673] {dagbag.py:451} INFO - Filling up the DagBag from /Users/wschrep/FreelanceWork/VIAA/IIIF_newproject/python_env/lib/python3.8/site-packages/airflow/example_dags/subdags/subdag.py
[2021-04-23 10:10:55,675] {scheduler_job.py:641} WARNING - No viable dags retrieved from /Users/wschrep/FreelanceWork/VIAA/IIIF_newproject/python_env/lib/python3.8/site-packages/airflow/example_dags/subdags/subdag.py
[2021-04-23 10:10:55,701] {scheduler_job.py:190} INFO - Processing /Users/wschrep/FreelanceWork/VIAA/IIIF_newproject/python_env/lib/python3.8/site-packages/airflow/example_dags/subdags/subdag.py took 0.030 seconds
[2021-04-23 10:11:43,839] {scheduler_job.py:182} INFO - Started process (PID=70872) to work on /Users/wschrep/FreelanceWork/VIAA/IIIF_newproject/python_env/lib/python3.8/site-packages/airflow/example_dags/subdags/subdag.py
[2021-04-23 10:11:43,840] {scheduler_job.py:629} INFO - Processing file /Users/wschrep/FreelanceWork/VIAA/IIIF_newproject/python_env/lib/python3.8/site-packages/airflow/example_dags/subdags/subdag.py for tasks to queue
[2021-04-23 10:11:43,841] {logging_mixin.py:104} INFO - [2021-04-23 10:11:43,841] {dagbag.py:451} INFO - Filling up the DagBag from /Users/wschrep/FreelanceWork/VIAA/IIIF_newproject/python_env/lib/python3.8/site-packages/airflow/example_dags/subdags/subdag.py
[2021-04-23 10:11:43,846] {scheduler_job.py:641} WARNING - No viable dags retrieved from /Users/wschrep/FreelanceWork/VIAA/IIIF_newproject/python_env/lib/python3.8/site-packages/airflow/example_dags/subdags/subdag.py
[2021-04-23 10:11:43,881] {scheduler_job.py:190} INFO - Processing /Users/wschrep/FreelanceWork/VIAA/IIIF_newproject/python_env/lib/python3.8/site-packages/airflow/example_dags/subdags/subdag.py took 0.042 seconds
[2021-04-23 10:12:53,556] {scheduler_job.py:182} INFO - Started process (PID=71308) to work on /Users/wschrep/FreelanceWork/VIAA/IIIF_newproject/python_env/lib/python3.8/site-packages/airflow/example_dags/subdags/subdag.py
[2021-04-23 10:12:53,557] {scheduler_job.py:629} INFO - Processing file /Users/wschrep/FreelanceWork/VIAA/IIIF_newproject/python_env/lib/python3.8/site-packages/airflow/example_dags/subdags/subdag.py for tasks to queue
[2021-04-23 10:12:53,557] {logging_mixin.py:104} INFO - [2021-04-23 10:12:53,557] {dagbag.py:451} INFO - Filling up the DagBag from /Users/wschrep/FreelanceWork/VIAA/IIIF_newproject/python_env/lib/python3.8/site-packages/airflow/example_dags/subdags/subdag.py
[2021-04-23 10:12:53,559] {scheduler_job.py:641} WARNING - No viable dags retrieved from /Users/wschrep/FreelanceWork/VIAA/IIIF_newproject/python_env/lib/python3.8/site-packages/airflow/example_dags/subdags/subdag.py
[2021-04-23 10:12:53,584] {scheduler_job.py:190} INFO - Processing /Users/wschrep/FreelanceWork/VIAA/IIIF_newproject/python_env/lib/python3.8/site-packages/airflow/example_dags/subdags/subdag.py took 0.029 seconds
[2021-04-23 10:14:00,900] {scheduler_job.py:182} INFO - Started process (PID=71701) to work on /Users/wschrep/FreelanceWork/VIAA/IIIF_newproject/python_env/lib/python3.8/site-packages/airflow/example_dags/subdags/subdag.py
[2021-04-23 10:14:00,901] {scheduler_job.py:629} INFO - Processing file /Users/wschrep/FreelanceWork/VIAA/IIIF_newproject/python_env/lib/python3.8/site-packages/airflow/example_dags/subdags/subdag.py for tasks to queue
[2021-04-23 10:14:00,901] {logging_mixin.py:104} INFO - [2021-04-23 10:14:00,901] {dagbag.py:451} INFO - Filling up the DagBag from /Users/wschrep/FreelanceWork/VIAA/IIIF_newproject/python_env/lib/python3.8/site-packages/airflow/example_dags/subdags/subdag.py
[2021-04-23 10:14:00,904] {scheduler_job.py:641} WARNING - No viable dags retrieved from /Users/wschrep/FreelanceWork/VIAA/IIIF_newproject/python_env/lib/python3.8/site-packages/airflow/example_dags/subdags/subdag.py
[2021-04-23 10:14:00,928] {scheduler_job.py:190} INFO - Processing /Users/wschrep/FreelanceWork/VIAA/IIIF_newproject/python_env/lib/python3.8/site-packages/airflow/example_dags/subdags/subdag.py took 0.029 seconds
[2021-04-23 10:14:57,023] {scheduler_job.py:182} INFO - Started process (PID=71997) to work on /Users/wschrep/FreelanceWork/VIAA/IIIF_newproject/python_env/lib/python3.8/site-packages/airflow/example_dags/subdags/subdag.py
[2021-04-23 10:14:57,024] {scheduler_job.py:629} INFO - Processing file /Users/wschrep/FreelanceWork/VIAA/IIIF_newproject/python_env/lib/python3.8/site-packages/airflow/example_dags/subdags/subdag.py for tasks to queue
[2021-04-23 10:14:57,024] {logging_mixin.py:104} INFO - [2021-04-23 10:14:57,024] {dagbag.py:451} INFO - Filling up the DagBag from /Users/wschrep/FreelanceWork/VIAA/IIIF_newproject/python_env/lib/python3.8/site-packages/airflow/example_dags/subdags/subdag.py
[2021-04-23 10:14:57,026] {scheduler_job.py:641} WARNING - No viable dags retrieved from /Users/wschrep/FreelanceWork/VIAA/IIIF_newproject/python_env/lib/python3.8/site-packages/airflow/example_dags/subdags/subdag.py
[2021-04-23 10:14:57,073] {scheduler_job.py:190} INFO - Processing /Users/wschrep/FreelanceWork/VIAA/IIIF_newproject/python_env/lib/python3.8/site-packages/airflow/example_dags/subdags/subdag.py took 0.052 seconds
[2021-04-23 10:15:52,690] {scheduler_job.py:182} INFO - Started process (PID=72294) to work on /Users/wschrep/FreelanceWork/VIAA/IIIF_newproject/python_env/lib/python3.8/site-packages/airflow/example_dags/subdags/subdag.py
[2021-04-23 10:15:52,690] {scheduler_job.py:629} INFO - Processing file /Users/wschrep/FreelanceWork/VIAA/IIIF_newproject/python_env/lib/python3.8/site-packages/airflow/example_dags/subdags/subdag.py for tasks to queue
[2021-04-23 10:15:52,691] {logging_mixin.py:104} INFO - [2021-04-23 10:15:52,691] {dagbag.py:451} INFO - Filling up the DagBag from /Users/wschrep/FreelanceWork/VIAA/IIIF_newproject/python_env/lib/python3.8/site-packages/airflow/example_dags/subdags/subdag.py
[2021-04-23 10:15:52,692] {scheduler_job.py:641} WARNING - No viable dags retrieved from /Users/wschrep/FreelanceWork/VIAA/IIIF_newproject/python_env/lib/python3.8/site-packages/airflow/example_dags/subdags/subdag.py
[2021-04-23 10:15:52,726] {scheduler_job.py:190} INFO - Processing /Users/wschrep/FreelanceWork/VIAA/IIIF_newproject/python_env/lib/python3.8/site-packages/airflow/example_dags/subdags/subdag.py took 0.037 seconds
[2021-04-23 10:17:06,257] {scheduler_job.py:182} INFO - Started process (PID=72716) to work on /Users/wschrep/FreelanceWork/VIAA/IIIF_newproject/python_env/lib/python3.8/site-packages/airflow/example_dags/subdags/subdag.py
[2021-04-23 10:17:06,257] {scheduler_job.py:629} INFO - Processing file /Users/wschrep/FreelanceWork/VIAA/IIIF_newproject/python_env/lib/python3.8/site-packages/airflow/example_dags/subdags/subdag.py for tasks to queue
[2021-04-23 10:17:06,257] {logging_mixin.py:104} INFO - [2021-04-23 10:17:06,257] {dagbag.py:451} INFO - Filling up the DagBag from /Users/wschrep/FreelanceWork/VIAA/IIIF_newproject/python_env/lib/python3.8/site-packages/airflow/example_dags/subdags/subdag.py
[2021-04-23 10:17:06,259] {scheduler_job.py:641} WARNING - No viable dags retrieved from /Users/wschrep/FreelanceWork/VIAA/IIIF_newproject/python_env/lib/python3.8/site-packages/airflow/example_dags/subdags/subdag.py
[2021-04-23 10:17:06,291] {scheduler_job.py:190} INFO - Processing /Users/wschrep/FreelanceWork/VIAA/IIIF_newproject/python_env/lib/python3.8/site-packages/airflow/example_dags/subdags/subdag.py took 0.035 seconds
[2021-04-23 10:17:58,307] {scheduler_job.py:182} INFO - Started process (PID=72993) to work on /Users/wschrep/FreelanceWork/VIAA/IIIF_newproject/python_env/lib/python3.8/site-packages/airflow/example_dags/subdags/subdag.py
[2021-04-23 10:17:58,308] {scheduler_job.py:629} INFO - Processing file /Users/wschrep/FreelanceWork/VIAA/IIIF_newproject/python_env/lib/python3.8/site-packages/airflow/example_dags/subdags/subdag.py for tasks to queue
[2021-04-23 10:17:58,310] {logging_mixin.py:104} INFO - [2021-04-23 10:17:58,310] {dagbag.py:451} INFO - Filling up the DagBag from /Users/wschrep/FreelanceWork/VIAA/IIIF_newproject/python_env/lib/python3.8/site-packages/airflow/example_dags/subdags/subdag.py
[2021-04-23 10:17:58,314] {scheduler_job.py:641} WARNING - No viable dags retrieved from /Users/wschrep/FreelanceWork/VIAA/IIIF_newproject/python_env/lib/python3.8/site-packages/airflow/example_dags/subdags/subdag.py
[2021-04-23 10:17:58,352] {scheduler_job.py:190} INFO - Processing /Users/wschrep/FreelanceWork/VIAA/IIIF_newproject/python_env/lib/python3.8/site-packages/airflow/example_dags/subdags/subdag.py took 0.047 seconds
[2021-04-23 10:18:51,693] {scheduler_job.py:182} INFO - Started process (PID=73280) to work on /Users/wschrep/FreelanceWork/VIAA/IIIF_newproject/python_env/lib/python3.8/site-packages/airflow/example_dags/subdags/subdag.py
[2021-04-23 10:18:51,694] {scheduler_job.py:629} INFO - Processing file /Users/wschrep/FreelanceWork/VIAA/IIIF_newproject/python_env/lib/python3.8/site-packages/airflow/example_dags/subdags/subdag.py for tasks to queue
[2021-04-23 10:18:51,695] {logging_mixin.py:104} INFO - [2021-04-23 10:18:51,695] {dagbag.py:451} INFO - Filling up the DagBag from /Users/wschrep/FreelanceWork/VIAA/IIIF_newproject/python_env/lib/python3.8/site-packages/airflow/example_dags/subdags/subdag.py
[2021-04-23 10:18:51,697] {scheduler_job.py:641} WARNING - No viable dags retrieved from /Users/wschrep/FreelanceWork/VIAA/IIIF_newproject/python_env/lib/python3.8/site-packages/airflow/example_dags/subdags/subdag.py
[2021-04-23 10:18:51,737] {scheduler_job.py:190} INFO - Processing /Users/wschrep/FreelanceWork/VIAA/IIIF_newproject/python_env/lib/python3.8/site-packages/airflow/example_dags/subdags/subdag.py took 0.046 seconds
[2021-04-23 10:20:04,928] {scheduler_job.py:182} INFO - Started process (PID=73677) to work on /Users/wschrep/FreelanceWork/VIAA/IIIF_newproject/python_env/lib/python3.8/site-packages/airflow/example_dags/subdags/subdag.py
[2021-04-23 10:20:04,928] {scheduler_job.py:629} INFO - Processing file /Users/wschrep/FreelanceWork/VIAA/IIIF_newproject/python_env/lib/python3.8/site-packages/airflow/example_dags/subdags/subdag.py for tasks to queue
[2021-04-23 10:20:04,929] {logging_mixin.py:104} INFO - [2021-04-23 10:20:04,929] {dagbag.py:451} INFO - Filling up the DagBag from /Users/wschrep/FreelanceWork/VIAA/IIIF_newproject/python_env/lib/python3.8/site-packages/airflow/example_dags/subdags/subdag.py
[2021-04-23 10:20:04,933] {scheduler_job.py:641} WARNING - No viable dags retrieved from /Users/wschrep/FreelanceWork/VIAA/IIIF_newproject/python_env/lib/python3.8/site-packages/airflow/example_dags/subdags/subdag.py
[2021-04-23 10:20:04,969] {scheduler_job.py:190} INFO - Processing /Users/wschrep/FreelanceWork/VIAA/IIIF_newproject/python_env/lib/python3.8/site-packages/airflow/example_dags/subdags/subdag.py took 0.042 seconds
[2021-04-23 10:21:24,569] {scheduler_job.py:182} INFO - Started process (PID=74077) to work on /Users/wschrep/FreelanceWork/VIAA/IIIF_newproject/python_env/lib/python3.8/site-packages/airflow/example_dags/subdags/subdag.py
[2021-04-23 10:21:24,570] {scheduler_job.py:629} INFO - Processing file /Users/wschrep/FreelanceWork/VIAA/IIIF_newproject/python_env/lib/python3.8/site-packages/airflow/example_dags/subdags/subdag.py for tasks to queue
[2021-04-23 10:21:24,570] {logging_mixin.py:104} INFO - [2021-04-23 10:21:24,570] {dagbag.py:451} INFO - Filling up the DagBag from /Users/wschrep/FreelanceWork/VIAA/IIIF_newproject/python_env/lib/python3.8/site-packages/airflow/example_dags/subdags/subdag.py
[2021-04-23 10:21:24,572] {scheduler_job.py:641} WARNING - No viable dags retrieved from /Users/wschrep/FreelanceWork/VIAA/IIIF_newproject/python_env/lib/python3.8/site-packages/airflow/example_dags/subdags/subdag.py
[2021-04-23 10:21:24,611] {scheduler_job.py:190} INFO - Processing /Users/wschrep/FreelanceWork/VIAA/IIIF_newproject/python_env/lib/python3.8/site-packages/airflow/example_dags/subdags/subdag.py took 0.043 seconds
[2021-04-23 10:22:24,995] {scheduler_job.py:182} INFO - Started process (PID=74397) to work on /Users/wschrep/FreelanceWork/VIAA/IIIF_newproject/python_env/lib/python3.8/site-packages/airflow/example_dags/subdags/subdag.py
[2021-04-23 10:22:24,997] {scheduler_job.py:629} INFO - Processing file /Users/wschrep/FreelanceWork/VIAA/IIIF_newproject/python_env/lib/python3.8/site-packages/airflow/example_dags/subdags/subdag.py for tasks to queue
[2021-04-23 10:22:24,997] {logging_mixin.py:104} INFO - [2021-04-23 10:22:24,997] {dagbag.py:451} INFO - Filling up the DagBag from /Users/wschrep/FreelanceWork/VIAA/IIIF_newproject/python_env/lib/python3.8/site-packages/airflow/example_dags/subdags/subdag.py
[2021-04-23 10:22:24,999] {scheduler_job.py:641} WARNING - No viable dags retrieved from /Users/wschrep/FreelanceWork/VIAA/IIIF_newproject/python_env/lib/python3.8/site-packages/airflow/example_dags/subdags/subdag.py
[2021-04-23 10:22:25,030] {scheduler_job.py:190} INFO - Processing /Users/wschrep/FreelanceWork/VIAA/IIIF_newproject/python_env/lib/python3.8/site-packages/airflow/example_dags/subdags/subdag.py took 0.036 seconds
[2021-04-23 10:23:16,626] {scheduler_job.py:182} INFO - Started process (PID=74675) to work on /Users/wschrep/FreelanceWork/VIAA/IIIF_newproject/python_env/lib/python3.8/site-packages/airflow/example_dags/subdags/subdag.py
[2021-04-23 10:23:16,627] {scheduler_job.py:629} INFO - Processing file /Users/wschrep/FreelanceWork/VIAA/IIIF_newproject/python_env/lib/python3.8/site-packages/airflow/example_dags/subdags/subdag.py for tasks to queue
[2021-04-23 10:23:16,627] {logging_mixin.py:104} INFO - [2021-04-23 10:23:16,627] {dagbag.py:451} INFO - Filling up the DagBag from /Users/wschrep/FreelanceWork/VIAA/IIIF_newproject/python_env/lib/python3.8/site-packages/airflow/example_dags/subdags/subdag.py
[2021-04-23 10:23:16,630] {scheduler_job.py:641} WARNING - No viable dags retrieved from /Users/wschrep/FreelanceWork/VIAA/IIIF_newproject/python_env/lib/python3.8/site-packages/airflow/example_dags/subdags/subdag.py
[2021-04-23 10:23:16,655] {scheduler_job.py:190} INFO - Processing /Users/wschrep/FreelanceWork/VIAA/IIIF_newproject/python_env/lib/python3.8/site-packages/airflow/example_dags/subdags/subdag.py took 0.030 seconds
[2021-04-23 10:24:24,174] {scheduler_job.py:182} INFO - Started process (PID=75048) to work on /Users/wschrep/FreelanceWork/VIAA/IIIF_newproject/python_env/lib/python3.8/site-packages/airflow/example_dags/subdags/subdag.py
[2021-04-23 10:24:24,175] {scheduler_job.py:629} INFO - Processing file /Users/wschrep/FreelanceWork/VIAA/IIIF_newproject/python_env/lib/python3.8/site-packages/airflow/example_dags/subdags/subdag.py for tasks to queue
[2021-04-23 10:24:24,176] {logging_mixin.py:104} INFO - [2021-04-23 10:24:24,176] {dagbag.py:451} INFO - Filling up the DagBag from /Users/wschrep/FreelanceWork/VIAA/IIIF_newproject/python_env/lib/python3.8/site-packages/airflow/example_dags/subdags/subdag.py
[2021-04-23 10:24:24,178] {scheduler_job.py:641} WARNING - No viable dags retrieved from /Users/wschrep/FreelanceWork/VIAA/IIIF_newproject/python_env/lib/python3.8/site-packages/airflow/example_dags/subdags/subdag.py
[2021-04-23 10:24:24,204] {scheduler_job.py:190} INFO - Processing /Users/wschrep/FreelanceWork/VIAA/IIIF_newproject/python_env/lib/python3.8/site-packages/airflow/example_dags/subdags/subdag.py took 0.031 seconds
[2021-04-23 10:25:30,533] {scheduler_job.py:182} INFO - Started process (PID=75408) to work on /Users/wschrep/FreelanceWork/VIAA/IIIF_newproject/python_env/lib/python3.8/site-packages/airflow/example_dags/subdags/subdag.py
[2021-04-23 10:25:30,534] {scheduler_job.py:629} INFO - Processing file /Users/wschrep/FreelanceWork/VIAA/IIIF_newproject/python_env/lib/python3.8/site-packages/airflow/example_dags/subdags/subdag.py for tasks to queue
[2021-04-23 10:25:30,534] {logging_mixin.py:104} INFO - [2021-04-23 10:25:30,534] {dagbag.py:451} INFO - Filling up the DagBag from /Users/wschrep/FreelanceWork/VIAA/IIIF_newproject/python_env/lib/python3.8/site-packages/airflow/example_dags/subdags/subdag.py
[2021-04-23 10:25:30,536] {scheduler_job.py:641} WARNING - No viable dags retrieved from /Users/wschrep/FreelanceWork/VIAA/IIIF_newproject/python_env/lib/python3.8/site-packages/airflow/example_dags/subdags/subdag.py
[2021-04-23 10:25:30,560] {scheduler_job.py:190} INFO - Processing /Users/wschrep/FreelanceWork/VIAA/IIIF_newproject/python_env/lib/python3.8/site-packages/airflow/example_dags/subdags/subdag.py took 0.027 seconds
[2021-04-23 10:26:34,051] {scheduler_job.py:182} INFO - Started process (PID=75769) to work on /Users/wschrep/FreelanceWork/VIAA/IIIF_newproject/python_env/lib/python3.8/site-packages/airflow/example_dags/subdags/subdag.py
[2021-04-23 10:26:34,052] {scheduler_job.py:629} INFO - Processing file /Users/wschrep/FreelanceWork/VIAA/IIIF_newproject/python_env/lib/python3.8/site-packages/airflow/example_dags/subdags/subdag.py for tasks to queue
[2021-04-23 10:26:34,052] {logging_mixin.py:104} INFO - [2021-04-23 10:26:34,052] {dagbag.py:451} INFO - Filling up the DagBag from /Users/wschrep/FreelanceWork/VIAA/IIIF_newproject/python_env/lib/python3.8/site-packages/airflow/example_dags/subdags/subdag.py
[2021-04-23 10:26:34,055] {scheduler_job.py:641} WARNING - No viable dags retrieved from /Users/wschrep/FreelanceWork/VIAA/IIIF_newproject/python_env/lib/python3.8/site-packages/airflow/example_dags/subdags/subdag.py
[2021-04-23 10:26:34,080] {scheduler_job.py:190} INFO - Processing /Users/wschrep/FreelanceWork/VIAA/IIIF_newproject/python_env/lib/python3.8/site-packages/airflow/example_dags/subdags/subdag.py took 0.030 seconds
[2021-04-23 10:27:40,590] {scheduler_job.py:182} INFO - Started process (PID=76131) to work on /Users/wschrep/FreelanceWork/VIAA/IIIF_newproject/python_env/lib/python3.8/site-packages/airflow/example_dags/subdags/subdag.py
[2021-04-23 10:27:40,591] {scheduler_job.py:629} INFO - Processing file /Users/wschrep/FreelanceWork/VIAA/IIIF_newproject/python_env/lib/python3.8/site-packages/airflow/example_dags/subdags/subdag.py for tasks to queue
[2021-04-23 10:27:40,592] {logging_mixin.py:104} INFO - [2021-04-23 10:27:40,592] {dagbag.py:451} INFO - Filling up the DagBag from /Users/wschrep/FreelanceWork/VIAA/IIIF_newproject/python_env/lib/python3.8/site-packages/airflow/example_dags/subdags/subdag.py
[2021-04-23 10:27:40,594] {scheduler_job.py:641} WARNING - No viable dags retrieved from /Users/wschrep/FreelanceWork/VIAA/IIIF_newproject/python_env/lib/python3.8/site-packages/airflow/example_dags/subdags/subdag.py
[2021-04-23 10:27:40,620] {scheduler_job.py:190} INFO - Processing /Users/wschrep/FreelanceWork/VIAA/IIIF_newproject/python_env/lib/python3.8/site-packages/airflow/example_dags/subdags/subdag.py took 0.032 seconds
[2021-04-23 10:28:46,997] {scheduler_job.py:182} INFO - Started process (PID=76488) to work on /Users/wschrep/FreelanceWork/VIAA/IIIF_newproject/python_env/lib/python3.8/site-packages/airflow/example_dags/subdags/subdag.py
[2021-04-23 10:28:46,997] {scheduler_job.py:629} INFO - Processing file /Users/wschrep/FreelanceWork/VIAA/IIIF_newproject/python_env/lib/python3.8/site-packages/airflow/example_dags/subdags/subdag.py for tasks to queue
[2021-04-23 10:28:46,998] {logging_mixin.py:104} INFO - [2021-04-23 10:28:46,998] {dagbag.py:451} INFO - Filling up the DagBag from /Users/wschrep/FreelanceWork/VIAA/IIIF_newproject/python_env/lib/python3.8/site-packages/airflow/example_dags/subdags/subdag.py
[2021-04-23 10:28:46,999] {scheduler_job.py:641} WARNING - No viable dags retrieved from /Users/wschrep/FreelanceWork/VIAA/IIIF_newproject/python_env/lib/python3.8/site-packages/airflow/example_dags/subdags/subdag.py
[2021-04-23 10:28:47,031] {scheduler_job.py:190} INFO - Processing /Users/wschrep/FreelanceWork/VIAA/IIIF_newproject/python_env/lib/python3.8/site-packages/airflow/example_dags/subdags/subdag.py took 0.035 seconds
[2021-04-23 10:29:52,960] {scheduler_job.py:182} INFO - Started process (PID=76843) to work on /Users/wschrep/FreelanceWork/VIAA/IIIF_newproject/python_env/lib/python3.8/site-packages/airflow/example_dags/subdags/subdag.py
[2021-04-23 10:29:52,961] {scheduler_job.py:629} INFO - Processing file /Users/wschrep/FreelanceWork/VIAA/IIIF_newproject/python_env/lib/python3.8/site-packages/airflow/example_dags/subdags/subdag.py for tasks to queue
[2021-04-23 10:29:52,961] {logging_mixin.py:104} INFO - [2021-04-23 10:29:52,961] {dagbag.py:451} INFO - Filling up the DagBag from /Users/wschrep/FreelanceWork/VIAA/IIIF_newproject/python_env/lib/python3.8/site-packages/airflow/example_dags/subdags/subdag.py
[2021-04-23 10:29:52,963] {scheduler_job.py:641} WARNING - No viable dags retrieved from /Users/wschrep/FreelanceWork/VIAA/IIIF_newproject/python_env/lib/python3.8/site-packages/airflow/example_dags/subdags/subdag.py
[2021-04-23 10:29:52,992] {scheduler_job.py:190} INFO - Processing /Users/wschrep/FreelanceWork/VIAA/IIIF_newproject/python_env/lib/python3.8/site-packages/airflow/example_dags/subdags/subdag.py took 0.033 seconds
[2021-04-23 10:30:59,488] {scheduler_job.py:182} INFO - Started process (PID=77203) to work on /Users/wschrep/FreelanceWork/VIAA/IIIF_newproject/python_env/lib/python3.8/site-packages/airflow/example_dags/subdags/subdag.py
[2021-04-23 10:30:59,489] {scheduler_job.py:629} INFO - Processing file /Users/wschrep/FreelanceWork/VIAA/IIIF_newproject/python_env/lib/python3.8/site-packages/airflow/example_dags/subdags/subdag.py for tasks to queue
[2021-04-23 10:30:59,489] {logging_mixin.py:104} INFO - [2021-04-23 10:30:59,489] {dagbag.py:451} INFO - Filling up the DagBag from /Users/wschrep/FreelanceWork/VIAA/IIIF_newproject/python_env/lib/python3.8/site-packages/airflow/example_dags/subdags/subdag.py
[2021-04-23 10:30:59,492] {scheduler_job.py:641} WARNING - No viable dags retrieved from /Users/wschrep/FreelanceWork/VIAA/IIIF_newproject/python_env/lib/python3.8/site-packages/airflow/example_dags/subdags/subdag.py
[2021-04-23 10:30:59,517] {scheduler_job.py:190} INFO - Processing /Users/wschrep/FreelanceWork/VIAA/IIIF_newproject/python_env/lib/python3.8/site-packages/airflow/example_dags/subdags/subdag.py took 0.030 seconds
[2021-04-23 10:32:10,425] {scheduler_job.py:182} INFO - Started process (PID=77595) to work on /Users/wschrep/FreelanceWork/VIAA/IIIF_newproject/python_env/lib/python3.8/site-packages/airflow/example_dags/subdags/subdag.py
[2021-04-23 10:32:10,427] {scheduler_job.py:629} INFO - Processing file /Users/wschrep/FreelanceWork/VIAA/IIIF_newproject/python_env/lib/python3.8/site-packages/airflow/example_dags/subdags/subdag.py for tasks to queue
[2021-04-23 10:32:10,427] {logging_mixin.py:104} INFO - [2021-04-23 10:32:10,427] {dagbag.py:451} INFO - Filling up the DagBag from /Users/wschrep/FreelanceWork/VIAA/IIIF_newproject/python_env/lib/python3.8/site-packages/airflow/example_dags/subdags/subdag.py
[2021-04-23 10:32:10,429] {scheduler_job.py:641} WARNING - No viable dags retrieved from /Users/wschrep/FreelanceWork/VIAA/IIIF_newproject/python_env/lib/python3.8/site-packages/airflow/example_dags/subdags/subdag.py
[2021-04-23 10:32:10,454] {scheduler_job.py:190} INFO - Processing /Users/wschrep/FreelanceWork/VIAA/IIIF_newproject/python_env/lib/python3.8/site-packages/airflow/example_dags/subdags/subdag.py took 0.029 seconds
[2021-04-23 10:33:16,857] {scheduler_job.py:182} INFO - Started process (PID=77949) to work on /Users/wschrep/FreelanceWork/VIAA/IIIF_newproject/python_env/lib/python3.8/site-packages/airflow/example_dags/subdags/subdag.py
[2021-04-23 10:33:16,858] {scheduler_job.py:629} INFO - Processing file /Users/wschrep/FreelanceWork/VIAA/IIIF_newproject/python_env/lib/python3.8/site-packages/airflow/example_dags/subdags/subdag.py for tasks to queue
[2021-04-23 10:33:16,859] {logging_mixin.py:104} INFO - [2021-04-23 10:33:16,859] {dagbag.py:451} INFO - Filling up the DagBag from /Users/wschrep/FreelanceWork/VIAA/IIIF_newproject/python_env/lib/python3.8/site-packages/airflow/example_dags/subdags/subdag.py
[2021-04-23 10:33:16,861] {scheduler_job.py:641} WARNING - No viable dags retrieved from /Users/wschrep/FreelanceWork/VIAA/IIIF_newproject/python_env/lib/python3.8/site-packages/airflow/example_dags/subdags/subdag.py
[2021-04-23 10:33:16,886] {scheduler_job.py:190} INFO - Processing /Users/wschrep/FreelanceWork/VIAA/IIIF_newproject/python_env/lib/python3.8/site-packages/airflow/example_dags/subdags/subdag.py took 0.030 seconds
[2021-04-23 10:34:03,380] {scheduler_job.py:182} INFO - Started process (PID=78237) to work on /Users/wschrep/FreelanceWork/VIAA/IIIF_newproject/python_env/lib/python3.8/site-packages/airflow/example_dags/subdags/subdag.py
[2021-04-23 10:34:03,381] {scheduler_job.py:629} INFO - Processing file /Users/wschrep/FreelanceWork/VIAA/IIIF_newproject/python_env/lib/python3.8/site-packages/airflow/example_dags/subdags/subdag.py for tasks to queue
[2021-04-23 10:34:03,381] {logging_mixin.py:104} INFO - [2021-04-23 10:34:03,381] {dagbag.py:451} INFO - Filling up the DagBag from /Users/wschrep/FreelanceWork/VIAA/IIIF_newproject/python_env/lib/python3.8/site-packages/airflow/example_dags/subdags/subdag.py
[2021-04-23 10:34:03,383] {scheduler_job.py:641} WARNING - No viable dags retrieved from /Users/wschrep/FreelanceWork/VIAA/IIIF_newproject/python_env/lib/python3.8/site-packages/airflow/example_dags/subdags/subdag.py
[2021-04-23 10:34:03,408] {scheduler_job.py:190} INFO - Processing /Users/wschrep/FreelanceWork/VIAA/IIIF_newproject/python_env/lib/python3.8/site-packages/airflow/example_dags/subdags/subdag.py took 0.029 seconds
[2021-04-23 10:35:10,140] {scheduler_job.py:182} INFO - Started process (PID=78595) to work on /Users/wschrep/FreelanceWork/VIAA/IIIF_newproject/python_env/lib/python3.8/site-packages/airflow/example_dags/subdags/subdag.py
[2021-04-23 10:35:10,141] {scheduler_job.py:629} INFO - Processing file /Users/wschrep/FreelanceWork/VIAA/IIIF_newproject/python_env/lib/python3.8/site-packages/airflow/example_dags/subdags/subdag.py for tasks to queue
[2021-04-23 10:35:10,141] {logging_mixin.py:104} INFO - [2021-04-23 10:35:10,141] {dagbag.py:451} INFO - Filling up the DagBag from /Users/wschrep/FreelanceWork/VIAA/IIIF_newproject/python_env/lib/python3.8/site-packages/airflow/example_dags/subdags/subdag.py
[2021-04-23 10:35:10,144] {scheduler_job.py:641} WARNING - No viable dags retrieved from /Users/wschrep/FreelanceWork/VIAA/IIIF_newproject/python_env/lib/python3.8/site-packages/airflow/example_dags/subdags/subdag.py
[2021-04-23 10:35:10,175] {scheduler_job.py:190} INFO - Processing /Users/wschrep/FreelanceWork/VIAA/IIIF_newproject/python_env/lib/python3.8/site-packages/airflow/example_dags/subdags/subdag.py took 0.036 seconds
[2021-04-23 10:36:17,167] {scheduler_job.py:182} INFO - Started process (PID=79050) to work on /Users/wschrep/FreelanceWork/VIAA/IIIF_newproject/python_env/lib/python3.8/site-packages/airflow/example_dags/subdags/subdag.py
[2021-04-23 10:36:17,168] {scheduler_job.py:629} INFO - Processing file /Users/wschrep/FreelanceWork/VIAA/IIIF_newproject/python_env/lib/python3.8/site-packages/airflow/example_dags/subdags/subdag.py for tasks to queue
[2021-04-23 10:36:17,169] {logging_mixin.py:104} INFO - [2021-04-23 10:36:17,168] {dagbag.py:451} INFO - Filling up the DagBag from /Users/wschrep/FreelanceWork/VIAA/IIIF_newproject/python_env/lib/python3.8/site-packages/airflow/example_dags/subdags/subdag.py
[2021-04-23 10:36:17,171] {scheduler_job.py:641} WARNING - No viable dags retrieved from /Users/wschrep/FreelanceWork/VIAA/IIIF_newproject/python_env/lib/python3.8/site-packages/airflow/example_dags/subdags/subdag.py
[2021-04-23 10:36:17,201] {scheduler_job.py:190} INFO - Processing /Users/wschrep/FreelanceWork/VIAA/IIIF_newproject/python_env/lib/python3.8/site-packages/airflow/example_dags/subdags/subdag.py took 0.035 seconds
[2021-04-23 10:37:23,516] {scheduler_job.py:182} INFO - Started process (PID=79451) to work on /Users/wschrep/FreelanceWork/VIAA/IIIF_newproject/python_env/lib/python3.8/site-packages/airflow/example_dags/subdags/subdag.py
[2021-04-23 10:37:23,517] {scheduler_job.py:629} INFO - Processing file /Users/wschrep/FreelanceWork/VIAA/IIIF_newproject/python_env/lib/python3.8/site-packages/airflow/example_dags/subdags/subdag.py for tasks to queue
[2021-04-23 10:37:23,518] {logging_mixin.py:104} INFO - [2021-04-23 10:37:23,518] {dagbag.py:451} INFO - Filling up the DagBag from /Users/wschrep/FreelanceWork/VIAA/IIIF_newproject/python_env/lib/python3.8/site-packages/airflow/example_dags/subdags/subdag.py
[2021-04-23 10:37:23,520] {scheduler_job.py:641} WARNING - No viable dags retrieved from /Users/wschrep/FreelanceWork/VIAA/IIIF_newproject/python_env/lib/python3.8/site-packages/airflow/example_dags/subdags/subdag.py
[2021-04-23 10:37:23,553] {scheduler_job.py:190} INFO - Processing /Users/wschrep/FreelanceWork/VIAA/IIIF_newproject/python_env/lib/python3.8/site-packages/airflow/example_dags/subdags/subdag.py took 0.039 seconds
[2021-04-23 10:38:29,350] {scheduler_job.py:182} INFO - Started process (PID=79871) to work on /Users/wschrep/FreelanceWork/VIAA/IIIF_newproject/python_env/lib/python3.8/site-packages/airflow/example_dags/subdags/subdag.py
[2021-04-23 10:38:29,351] {scheduler_job.py:629} INFO - Processing file /Users/wschrep/FreelanceWork/VIAA/IIIF_newproject/python_env/lib/python3.8/site-packages/airflow/example_dags/subdags/subdag.py for tasks to queue
[2021-04-23 10:38:29,352] {logging_mixin.py:104} INFO - [2021-04-23 10:38:29,352] {dagbag.py:451} INFO - Filling up the DagBag from /Users/wschrep/FreelanceWork/VIAA/IIIF_newproject/python_env/lib/python3.8/site-packages/airflow/example_dags/subdags/subdag.py
[2021-04-23 10:38:29,354] {scheduler_job.py:641} WARNING - No viable dags retrieved from /Users/wschrep/FreelanceWork/VIAA/IIIF_newproject/python_env/lib/python3.8/site-packages/airflow/example_dags/subdags/subdag.py
[2021-04-23 10:38:29,383] {scheduler_job.py:190} INFO - Processing /Users/wschrep/FreelanceWork/VIAA/IIIF_newproject/python_env/lib/python3.8/site-packages/airflow/example_dags/subdags/subdag.py took 0.034 seconds
[2021-04-23 10:39:39,338] {scheduler_job.py:182} INFO - Started process (PID=80245) to work on /Users/wschrep/FreelanceWork/VIAA/IIIF_newproject/python_env/lib/python3.8/site-packages/airflow/example_dags/subdags/subdag.py
[2021-04-23 10:39:39,340] {scheduler_job.py:629} INFO - Processing file /Users/wschrep/FreelanceWork/VIAA/IIIF_newproject/python_env/lib/python3.8/site-packages/airflow/example_dags/subdags/subdag.py for tasks to queue
[2021-04-23 10:39:39,341] {logging_mixin.py:104} INFO - [2021-04-23 10:39:39,340] {dagbag.py:451} INFO - Filling up the DagBag from /Users/wschrep/FreelanceWork/VIAA/IIIF_newproject/python_env/lib/python3.8/site-packages/airflow/example_dags/subdags/subdag.py
[2021-04-23 10:39:39,343] {scheduler_job.py:641} WARNING - No viable dags retrieved from /Users/wschrep/FreelanceWork/VIAA/IIIF_newproject/python_env/lib/python3.8/site-packages/airflow/example_dags/subdags/subdag.py
[2021-04-23 10:39:39,369] {scheduler_job.py:190} INFO - Processing /Users/wschrep/FreelanceWork/VIAA/IIIF_newproject/python_env/lib/python3.8/site-packages/airflow/example_dags/subdags/subdag.py took 0.031 seconds
[2021-04-23 10:40:26,465] {scheduler_job.py:182} INFO - Started process (PID=80505) to work on /Users/wschrep/FreelanceWork/VIAA/IIIF_newproject/python_env/lib/python3.8/site-packages/airflow/example_dags/subdags/subdag.py
[2021-04-23 10:40:26,466] {scheduler_job.py:629} INFO - Processing file /Users/wschrep/FreelanceWork/VIAA/IIIF_newproject/python_env/lib/python3.8/site-packages/airflow/example_dags/subdags/subdag.py for tasks to queue
[2021-04-23 10:40:26,466] {logging_mixin.py:104} INFO - [2021-04-23 10:40:26,466] {dagbag.py:451} INFO - Filling up the DagBag from /Users/wschrep/FreelanceWork/VIAA/IIIF_newproject/python_env/lib/python3.8/site-packages/airflow/example_dags/subdags/subdag.py
[2021-04-23 10:40:26,468] {scheduler_job.py:641} WARNING - No viable dags retrieved from /Users/wschrep/FreelanceWork/VIAA/IIIF_newproject/python_env/lib/python3.8/site-packages/airflow/example_dags/subdags/subdag.py
[2021-04-23 10:40:26,493] {scheduler_job.py:190} INFO - Processing /Users/wschrep/FreelanceWork/VIAA/IIIF_newproject/python_env/lib/python3.8/site-packages/airflow/example_dags/subdags/subdag.py took 0.029 seconds
[2021-04-23 10:41:31,580] {scheduler_job.py:182} INFO - Started process (PID=80864) to work on /Users/wschrep/FreelanceWork/VIAA/IIIF_newproject/python_env/lib/python3.8/site-packages/airflow/example_dags/subdags/subdag.py
[2021-04-23 10:41:31,581] {scheduler_job.py:629} INFO - Processing file /Users/wschrep/FreelanceWork/VIAA/IIIF_newproject/python_env/lib/python3.8/site-packages/airflow/example_dags/subdags/subdag.py for tasks to queue
[2021-04-23 10:41:31,582] {logging_mixin.py:104} INFO - [2021-04-23 10:41:31,582] {dagbag.py:451} INFO - Filling up the DagBag from /Users/wschrep/FreelanceWork/VIAA/IIIF_newproject/python_env/lib/python3.8/site-packages/airflow/example_dags/subdags/subdag.py
[2021-04-23 10:41:31,584] {scheduler_job.py:641} WARNING - No viable dags retrieved from /Users/wschrep/FreelanceWork/VIAA/IIIF_newproject/python_env/lib/python3.8/site-packages/airflow/example_dags/subdags/subdag.py
[2021-04-23 10:41:31,610] {scheduler_job.py:190} INFO - Processing /Users/wschrep/FreelanceWork/VIAA/IIIF_newproject/python_env/lib/python3.8/site-packages/airflow/example_dags/subdags/subdag.py took 0.030 seconds
[2021-04-23 10:42:36,911] {scheduler_job.py:182} INFO - Started process (PID=81222) to work on /Users/wschrep/FreelanceWork/VIAA/IIIF_newproject/python_env/lib/python3.8/site-packages/airflow/example_dags/subdags/subdag.py
[2021-04-23 10:42:36,913] {scheduler_job.py:629} INFO - Processing file /Users/wschrep/FreelanceWork/VIAA/IIIF_newproject/python_env/lib/python3.8/site-packages/airflow/example_dags/subdags/subdag.py for tasks to queue
[2021-04-23 10:42:36,914] {logging_mixin.py:104} INFO - [2021-04-23 10:42:36,913] {dagbag.py:451} INFO - Filling up the DagBag from /Users/wschrep/FreelanceWork/VIAA/IIIF_newproject/python_env/lib/python3.8/site-packages/airflow/example_dags/subdags/subdag.py
[2021-04-23 10:42:36,916] {scheduler_job.py:641} WARNING - No viable dags retrieved from /Users/wschrep/FreelanceWork/VIAA/IIIF_newproject/python_env/lib/python3.8/site-packages/airflow/example_dags/subdags/subdag.py
[2021-04-23 10:42:36,942] {scheduler_job.py:190} INFO - Processing /Users/wschrep/FreelanceWork/VIAA/IIIF_newproject/python_env/lib/python3.8/site-packages/airflow/example_dags/subdags/subdag.py took 0.032 seconds
[2021-04-23 10:43:41,731] {scheduler_job.py:182} INFO - Started process (PID=81578) to work on /Users/wschrep/FreelanceWork/VIAA/IIIF_newproject/python_env/lib/python3.8/site-packages/airflow/example_dags/subdags/subdag.py
[2021-04-23 10:43:41,732] {scheduler_job.py:629} INFO - Processing file /Users/wschrep/FreelanceWork/VIAA/IIIF_newproject/python_env/lib/python3.8/site-packages/airflow/example_dags/subdags/subdag.py for tasks to queue
[2021-04-23 10:43:41,733] {logging_mixin.py:104} INFO - [2021-04-23 10:43:41,733] {dagbag.py:451} INFO - Filling up the DagBag from /Users/wschrep/FreelanceWork/VIAA/IIIF_newproject/python_env/lib/python3.8/site-packages/airflow/example_dags/subdags/subdag.py
[2021-04-23 10:43:41,735] {scheduler_job.py:641} WARNING - No viable dags retrieved from /Users/wschrep/FreelanceWork/VIAA/IIIF_newproject/python_env/lib/python3.8/site-packages/airflow/example_dags/subdags/subdag.py
[2021-04-23 10:43:41,760] {scheduler_job.py:190} INFO - Processing /Users/wschrep/FreelanceWork/VIAA/IIIF_newproject/python_env/lib/python3.8/site-packages/airflow/example_dags/subdags/subdag.py took 0.030 seconds
[2021-04-23 10:44:46,449] {scheduler_job.py:182} INFO - Started process (PID=81932) to work on /Users/wschrep/FreelanceWork/VIAA/IIIF_newproject/python_env/lib/python3.8/site-packages/airflow/example_dags/subdags/subdag.py
[2021-04-23 10:44:46,449] {scheduler_job.py:629} INFO - Processing file /Users/wschrep/FreelanceWork/VIAA/IIIF_newproject/python_env/lib/python3.8/site-packages/airflow/example_dags/subdags/subdag.py for tasks to queue
[2021-04-23 10:44:46,450] {logging_mixin.py:104} INFO - [2021-04-23 10:44:46,450] {dagbag.py:451} INFO - Filling up the DagBag from /Users/wschrep/FreelanceWork/VIAA/IIIF_newproject/python_env/lib/python3.8/site-packages/airflow/example_dags/subdags/subdag.py
[2021-04-23 10:44:46,451] {scheduler_job.py:641} WARNING - No viable dags retrieved from /Users/wschrep/FreelanceWork/VIAA/IIIF_newproject/python_env/lib/python3.8/site-packages/airflow/example_dags/subdags/subdag.py
[2021-04-23 10:44:46,477] {scheduler_job.py:190} INFO - Processing /Users/wschrep/FreelanceWork/VIAA/IIIF_newproject/python_env/lib/python3.8/site-packages/airflow/example_dags/subdags/subdag.py took 0.028 seconds
[2021-04-23 10:45:51,461] {scheduler_job.py:182} INFO - Started process (PID=82284) to work on /Users/wschrep/FreelanceWork/VIAA/IIIF_newproject/python_env/lib/python3.8/site-packages/airflow/example_dags/subdags/subdag.py
[2021-04-23 10:45:51,462] {scheduler_job.py:629} INFO - Processing file /Users/wschrep/FreelanceWork/VIAA/IIIF_newproject/python_env/lib/python3.8/site-packages/airflow/example_dags/subdags/subdag.py for tasks to queue
[2021-04-23 10:45:51,463] {logging_mixin.py:104} INFO - [2021-04-23 10:45:51,463] {dagbag.py:451} INFO - Filling up the DagBag from /Users/wschrep/FreelanceWork/VIAA/IIIF_newproject/python_env/lib/python3.8/site-packages/airflow/example_dags/subdags/subdag.py
[2021-04-23 10:45:51,465] {scheduler_job.py:641} WARNING - No viable dags retrieved from /Users/wschrep/FreelanceWork/VIAA/IIIF_newproject/python_env/lib/python3.8/site-packages/airflow/example_dags/subdags/subdag.py
[2021-04-23 10:45:51,490] {scheduler_job.py:190} INFO - Processing /Users/wschrep/FreelanceWork/VIAA/IIIF_newproject/python_env/lib/python3.8/site-packages/airflow/example_dags/subdags/subdag.py took 0.030 seconds
[2021-04-23 10:46:56,468] {scheduler_job.py:182} INFO - Started process (PID=82642) to work on /Users/wschrep/FreelanceWork/VIAA/IIIF_newproject/python_env/lib/python3.8/site-packages/airflow/example_dags/subdags/subdag.py
[2021-04-23 10:46:56,469] {scheduler_job.py:629} INFO - Processing file /Users/wschrep/FreelanceWork/VIAA/IIIF_newproject/python_env/lib/python3.8/site-packages/airflow/example_dags/subdags/subdag.py for tasks to queue
[2021-04-23 10:46:56,470] {logging_mixin.py:104} INFO - [2021-04-23 10:46:56,470] {dagbag.py:451} INFO - Filling up the DagBag from /Users/wschrep/FreelanceWork/VIAA/IIIF_newproject/python_env/lib/python3.8/site-packages/airflow/example_dags/subdags/subdag.py
[2021-04-23 10:46:56,472] {scheduler_job.py:641} WARNING - No viable dags retrieved from /Users/wschrep/FreelanceWork/VIAA/IIIF_newproject/python_env/lib/python3.8/site-packages/airflow/example_dags/subdags/subdag.py
[2021-04-23 10:46:56,501] {scheduler_job.py:190} INFO - Processing /Users/wschrep/FreelanceWork/VIAA/IIIF_newproject/python_env/lib/python3.8/site-packages/airflow/example_dags/subdags/subdag.py took 0.034 seconds
[2021-04-23 10:48:00,821] {scheduler_job.py:182} INFO - Started process (PID=82983) to work on /Users/wschrep/FreelanceWork/VIAA/IIIF_newproject/python_env/lib/python3.8/site-packages/airflow/example_dags/subdags/subdag.py
[2021-04-23 10:48:00,822] {scheduler_job.py:629} INFO - Processing file /Users/wschrep/FreelanceWork/VIAA/IIIF_newproject/python_env/lib/python3.8/site-packages/airflow/example_dags/subdags/subdag.py for tasks to queue
[2021-04-23 10:48:00,822] {logging_mixin.py:104} INFO - [2021-04-23 10:48:00,822] {dagbag.py:451} INFO - Filling up the DagBag from /Users/wschrep/FreelanceWork/VIAA/IIIF_newproject/python_env/lib/python3.8/site-packages/airflow/example_dags/subdags/subdag.py
[2021-04-23 10:48:00,823] {scheduler_job.py:641} WARNING - No viable dags retrieved from /Users/wschrep/FreelanceWork/VIAA/IIIF_newproject/python_env/lib/python3.8/site-packages/airflow/example_dags/subdags/subdag.py
[2021-04-23 10:48:00,848] {scheduler_job.py:190} INFO - Processing /Users/wschrep/FreelanceWork/VIAA/IIIF_newproject/python_env/lib/python3.8/site-packages/airflow/example_dags/subdags/subdag.py took 0.028 seconds
[2021-04-23 10:49:05,210] {scheduler_job.py:182} INFO - Started process (PID=83334) to work on /Users/wschrep/FreelanceWork/VIAA/IIIF_newproject/python_env/lib/python3.8/site-packages/airflow/example_dags/subdags/subdag.py
[2021-04-23 10:49:05,210] {scheduler_job.py:629} INFO - Processing file /Users/wschrep/FreelanceWork/VIAA/IIIF_newproject/python_env/lib/python3.8/site-packages/airflow/example_dags/subdags/subdag.py for tasks to queue
[2021-04-23 10:49:05,211] {logging_mixin.py:104} INFO - [2021-04-23 10:49:05,211] {dagbag.py:451} INFO - Filling up the DagBag from /Users/wschrep/FreelanceWork/VIAA/IIIF_newproject/python_env/lib/python3.8/site-packages/airflow/example_dags/subdags/subdag.py
[2021-04-23 10:49:05,213] {scheduler_job.py:641} WARNING - No viable dags retrieved from /Users/wschrep/FreelanceWork/VIAA/IIIF_newproject/python_env/lib/python3.8/site-packages/airflow/example_dags/subdags/subdag.py
[2021-04-23 10:49:05,237] {scheduler_job.py:190} INFO - Processing /Users/wschrep/FreelanceWork/VIAA/IIIF_newproject/python_env/lib/python3.8/site-packages/airflow/example_dags/subdags/subdag.py took 0.028 seconds
[2021-04-23 10:50:10,106] {scheduler_job.py:182} INFO - Started process (PID=83685) to work on /Users/wschrep/FreelanceWork/VIAA/IIIF_newproject/python_env/lib/python3.8/site-packages/airflow/example_dags/subdags/subdag.py
[2021-04-23 10:50:10,107] {scheduler_job.py:629} INFO - Processing file /Users/wschrep/FreelanceWork/VIAA/IIIF_newproject/python_env/lib/python3.8/site-packages/airflow/example_dags/subdags/subdag.py for tasks to queue
[2021-04-23 10:50:10,107] {logging_mixin.py:104} INFO - [2021-04-23 10:50:10,107] {dagbag.py:451} INFO - Filling up the DagBag from /Users/wschrep/FreelanceWork/VIAA/IIIF_newproject/python_env/lib/python3.8/site-packages/airflow/example_dags/subdags/subdag.py
[2021-04-23 10:50:10,109] {scheduler_job.py:641} WARNING - No viable dags retrieved from /Users/wschrep/FreelanceWork/VIAA/IIIF_newproject/python_env/lib/python3.8/site-packages/airflow/example_dags/subdags/subdag.py
[2021-04-23 10:50:10,135] {scheduler_job.py:190} INFO - Processing /Users/wschrep/FreelanceWork/VIAA/IIIF_newproject/python_env/lib/python3.8/site-packages/airflow/example_dags/subdags/subdag.py took 0.030 seconds
[2021-04-23 10:51:14,207] {scheduler_job.py:182} INFO - Started process (PID=84029) to work on /Users/wschrep/FreelanceWork/VIAA/IIIF_newproject/python_env/lib/python3.8/site-packages/airflow/example_dags/subdags/subdag.py
[2021-04-23 10:51:14,207] {scheduler_job.py:629} INFO - Processing file /Users/wschrep/FreelanceWork/VIAA/IIIF_newproject/python_env/lib/python3.8/site-packages/airflow/example_dags/subdags/subdag.py for tasks to queue
[2021-04-23 10:51:14,207] {logging_mixin.py:104} INFO - [2021-04-23 10:51:14,207] {dagbag.py:451} INFO - Filling up the DagBag from /Users/wschrep/FreelanceWork/VIAA/IIIF_newproject/python_env/lib/python3.8/site-packages/airflow/example_dags/subdags/subdag.py
[2021-04-23 10:51:14,209] {scheduler_job.py:641} WARNING - No viable dags retrieved from /Users/wschrep/FreelanceWork/VIAA/IIIF_newproject/python_env/lib/python3.8/site-packages/airflow/example_dags/subdags/subdag.py
[2021-04-23 10:51:14,233] {scheduler_job.py:190} INFO - Processing /Users/wschrep/FreelanceWork/VIAA/IIIF_newproject/python_env/lib/python3.8/site-packages/airflow/example_dags/subdags/subdag.py took 0.027 seconds
[2021-04-23 10:52:16,261] {scheduler_job.py:182} INFO - Started process (PID=84366) to work on /Users/wschrep/FreelanceWork/VIAA/IIIF_newproject/python_env/lib/python3.8/site-packages/airflow/example_dags/subdags/subdag.py
[2021-04-23 10:52:16,262] {scheduler_job.py:629} INFO - Processing file /Users/wschrep/FreelanceWork/VIAA/IIIF_newproject/python_env/lib/python3.8/site-packages/airflow/example_dags/subdags/subdag.py for tasks to queue
[2021-04-23 10:52:16,263] {logging_mixin.py:104} INFO - [2021-04-23 10:52:16,263] {dagbag.py:451} INFO - Filling up the DagBag from /Users/wschrep/FreelanceWork/VIAA/IIIF_newproject/python_env/lib/python3.8/site-packages/airflow/example_dags/subdags/subdag.py
[2021-04-23 10:52:16,265] {scheduler_job.py:641} WARNING - No viable dags retrieved from /Users/wschrep/FreelanceWork/VIAA/IIIF_newproject/python_env/lib/python3.8/site-packages/airflow/example_dags/subdags/subdag.py
[2021-04-23 10:52:16,290] {scheduler_job.py:190} INFO - Processing /Users/wschrep/FreelanceWork/VIAA/IIIF_newproject/python_env/lib/python3.8/site-packages/airflow/example_dags/subdags/subdag.py took 0.029 seconds
[2021-04-23 10:53:20,098] {scheduler_job.py:182} INFO - Started process (PID=84714) to work on /Users/wschrep/FreelanceWork/VIAA/IIIF_newproject/python_env/lib/python3.8/site-packages/airflow/example_dags/subdags/subdag.py
[2021-04-23 10:53:20,099] {scheduler_job.py:629} INFO - Processing file /Users/wschrep/FreelanceWork/VIAA/IIIF_newproject/python_env/lib/python3.8/site-packages/airflow/example_dags/subdags/subdag.py for tasks to queue
[2021-04-23 10:53:20,099] {logging_mixin.py:104} INFO - [2021-04-23 10:53:20,099] {dagbag.py:451} INFO - Filling up the DagBag from /Users/wschrep/FreelanceWork/VIAA/IIIF_newproject/python_env/lib/python3.8/site-packages/airflow/example_dags/subdags/subdag.py
[2021-04-23 10:53:20,101] {scheduler_job.py:641} WARNING - No viable dags retrieved from /Users/wschrep/FreelanceWork/VIAA/IIIF_newproject/python_env/lib/python3.8/site-packages/airflow/example_dags/subdags/subdag.py
[2021-04-23 10:53:20,132] {scheduler_job.py:190} INFO - Processing /Users/wschrep/FreelanceWork/VIAA/IIIF_newproject/python_env/lib/python3.8/site-packages/airflow/example_dags/subdags/subdag.py took 0.034 seconds
[2021-04-23 10:54:21,867] {scheduler_job.py:182} INFO - Started process (PID=85046) to work on /Users/wschrep/FreelanceWork/VIAA/IIIF_newproject/python_env/lib/python3.8/site-packages/airflow/example_dags/subdags/subdag.py
[2021-04-23 10:54:21,868] {scheduler_job.py:629} INFO - Processing file /Users/wschrep/FreelanceWork/VIAA/IIIF_newproject/python_env/lib/python3.8/site-packages/airflow/example_dags/subdags/subdag.py for tasks to queue
[2021-04-23 10:54:21,868] {logging_mixin.py:104} INFO - [2021-04-23 10:54:21,868] {dagbag.py:451} INFO - Filling up the DagBag from /Users/wschrep/FreelanceWork/VIAA/IIIF_newproject/python_env/lib/python3.8/site-packages/airflow/example_dags/subdags/subdag.py
[2021-04-23 10:54:21,870] {scheduler_job.py:641} WARNING - No viable dags retrieved from /Users/wschrep/FreelanceWork/VIAA/IIIF_newproject/python_env/lib/python3.8/site-packages/airflow/example_dags/subdags/subdag.py
[2021-04-23 10:54:21,894] {scheduler_job.py:190} INFO - Processing /Users/wschrep/FreelanceWork/VIAA/IIIF_newproject/python_env/lib/python3.8/site-packages/airflow/example_dags/subdags/subdag.py took 0.027 seconds
[2021-04-23 10:55:23,835] {scheduler_job.py:182} INFO - Started process (PID=85379) to work on /Users/wschrep/FreelanceWork/VIAA/IIIF_newproject/python_env/lib/python3.8/site-packages/airflow/example_dags/subdags/subdag.py
[2021-04-23 10:55:23,835] {scheduler_job.py:629} INFO - Processing file /Users/wschrep/FreelanceWork/VIAA/IIIF_newproject/python_env/lib/python3.8/site-packages/airflow/example_dags/subdags/subdag.py for tasks to queue
[2021-04-23 10:55:23,835] {logging_mixin.py:104} INFO - [2021-04-23 10:55:23,835] {dagbag.py:451} INFO - Filling up the DagBag from /Users/wschrep/FreelanceWork/VIAA/IIIF_newproject/python_env/lib/python3.8/site-packages/airflow/example_dags/subdags/subdag.py
[2021-04-23 10:55:23,837] {scheduler_job.py:641} WARNING - No viable dags retrieved from /Users/wschrep/FreelanceWork/VIAA/IIIF_newproject/python_env/lib/python3.8/site-packages/airflow/example_dags/subdags/subdag.py
[2021-04-23 10:55:23,862] {scheduler_job.py:190} INFO - Processing /Users/wschrep/FreelanceWork/VIAA/IIIF_newproject/python_env/lib/python3.8/site-packages/airflow/example_dags/subdags/subdag.py took 0.028 seconds
[2021-04-23 10:56:28,225] {scheduler_job.py:182} INFO - Started process (PID=85723) to work on /Users/wschrep/FreelanceWork/VIAA/IIIF_newproject/python_env/lib/python3.8/site-packages/airflow/example_dags/subdags/subdag.py
[2021-04-23 10:56:28,226] {scheduler_job.py:629} INFO - Processing file /Users/wschrep/FreelanceWork/VIAA/IIIF_newproject/python_env/lib/python3.8/site-packages/airflow/example_dags/subdags/subdag.py for tasks to queue
[2021-04-23 10:56:28,227] {logging_mixin.py:104} INFO - [2021-04-23 10:56:28,227] {dagbag.py:451} INFO - Filling up the DagBag from /Users/wschrep/FreelanceWork/VIAA/IIIF_newproject/python_env/lib/python3.8/site-packages/airflow/example_dags/subdags/subdag.py
[2021-04-23 10:56:28,229] {scheduler_job.py:641} WARNING - No viable dags retrieved from /Users/wschrep/FreelanceWork/VIAA/IIIF_newproject/python_env/lib/python3.8/site-packages/airflow/example_dags/subdags/subdag.py
[2021-04-23 10:56:28,254] {scheduler_job.py:190} INFO - Processing /Users/wschrep/FreelanceWork/VIAA/IIIF_newproject/python_env/lib/python3.8/site-packages/airflow/example_dags/subdags/subdag.py took 0.030 seconds
[2021-04-23 10:57:33,292] {scheduler_job.py:182} INFO - Started process (PID=86076) to work on /Users/wschrep/FreelanceWork/VIAA/IIIF_newproject/python_env/lib/python3.8/site-packages/airflow/example_dags/subdags/subdag.py
[2021-04-23 10:57:33,293] {scheduler_job.py:629} INFO - Processing file /Users/wschrep/FreelanceWork/VIAA/IIIF_newproject/python_env/lib/python3.8/site-packages/airflow/example_dags/subdags/subdag.py for tasks to queue
[2021-04-23 10:57:33,294] {logging_mixin.py:104} INFO - [2021-04-23 10:57:33,294] {dagbag.py:451} INFO - Filling up the DagBag from /Users/wschrep/FreelanceWork/VIAA/IIIF_newproject/python_env/lib/python3.8/site-packages/airflow/example_dags/subdags/subdag.py
[2021-04-23 10:57:33,297] {scheduler_job.py:641} WARNING - No viable dags retrieved from /Users/wschrep/FreelanceWork/VIAA/IIIF_newproject/python_env/lib/python3.8/site-packages/airflow/example_dags/subdags/subdag.py
[2021-04-23 10:57:33,323] {scheduler_job.py:190} INFO - Processing /Users/wschrep/FreelanceWork/VIAA/IIIF_newproject/python_env/lib/python3.8/site-packages/airflow/example_dags/subdags/subdag.py took 0.032 seconds
[2021-04-23 10:58:33,120] {scheduler_job.py:182} INFO - Started process (PID=86404) to work on /Users/wschrep/FreelanceWork/VIAA/IIIF_newproject/python_env/lib/python3.8/site-packages/airflow/example_dags/subdags/subdag.py
[2021-04-23 10:58:33,120] {scheduler_job.py:629} INFO - Processing file /Users/wschrep/FreelanceWork/VIAA/IIIF_newproject/python_env/lib/python3.8/site-packages/airflow/example_dags/subdags/subdag.py for tasks to queue
[2021-04-23 10:58:33,121] {logging_mixin.py:104} INFO - [2021-04-23 10:58:33,121] {dagbag.py:451} INFO - Filling up the DagBag from /Users/wschrep/FreelanceWork/VIAA/IIIF_newproject/python_env/lib/python3.8/site-packages/airflow/example_dags/subdags/subdag.py
[2021-04-23 10:58:33,122] {scheduler_job.py:641} WARNING - No viable dags retrieved from /Users/wschrep/FreelanceWork/VIAA/IIIF_newproject/python_env/lib/python3.8/site-packages/airflow/example_dags/subdags/subdag.py
[2021-04-23 10:58:33,148] {scheduler_job.py:190} INFO - Processing /Users/wschrep/FreelanceWork/VIAA/IIIF_newproject/python_env/lib/python3.8/site-packages/airflow/example_dags/subdags/subdag.py took 0.029 seconds
[2021-04-23 10:59:34,857] {scheduler_job.py:182} INFO - Started process (PID=86737) to work on /Users/wschrep/FreelanceWork/VIAA/IIIF_newproject/python_env/lib/python3.8/site-packages/airflow/example_dags/subdags/subdag.py
[2021-04-23 10:59:34,858] {scheduler_job.py:629} INFO - Processing file /Users/wschrep/FreelanceWork/VIAA/IIIF_newproject/python_env/lib/python3.8/site-packages/airflow/example_dags/subdags/subdag.py for tasks to queue
[2021-04-23 10:59:34,858] {logging_mixin.py:104} INFO - [2021-04-23 10:59:34,858] {dagbag.py:451} INFO - Filling up the DagBag from /Users/wschrep/FreelanceWork/VIAA/IIIF_newproject/python_env/lib/python3.8/site-packages/airflow/example_dags/subdags/subdag.py
[2021-04-23 10:59:34,859] {scheduler_job.py:641} WARNING - No viable dags retrieved from /Users/wschrep/FreelanceWork/VIAA/IIIF_newproject/python_env/lib/python3.8/site-packages/airflow/example_dags/subdags/subdag.py
[2021-04-23 10:59:34,883] {scheduler_job.py:190} INFO - Processing /Users/wschrep/FreelanceWork/VIAA/IIIF_newproject/python_env/lib/python3.8/site-packages/airflow/example_dags/subdags/subdag.py took 0.027 seconds
[2021-04-23 11:00:32,678] {scheduler_job.py:182} INFO - Started process (PID=87053) to work on /Users/wschrep/FreelanceWork/VIAA/IIIF_newproject/python_env/lib/python3.8/site-packages/airflow/example_dags/subdags/subdag.py
[2021-04-23 11:00:32,678] {scheduler_job.py:629} INFO - Processing file /Users/wschrep/FreelanceWork/VIAA/IIIF_newproject/python_env/lib/python3.8/site-packages/airflow/example_dags/subdags/subdag.py for tasks to queue
[2021-04-23 11:00:32,679] {logging_mixin.py:104} INFO - [2021-04-23 11:00:32,679] {dagbag.py:451} INFO - Filling up the DagBag from /Users/wschrep/FreelanceWork/VIAA/IIIF_newproject/python_env/lib/python3.8/site-packages/airflow/example_dags/subdags/subdag.py
[2021-04-23 11:00:32,680] {scheduler_job.py:641} WARNING - No viable dags retrieved from /Users/wschrep/FreelanceWork/VIAA/IIIF_newproject/python_env/lib/python3.8/site-packages/airflow/example_dags/subdags/subdag.py
[2021-04-23 11:00:32,705] {scheduler_job.py:190} INFO - Processing /Users/wschrep/FreelanceWork/VIAA/IIIF_newproject/python_env/lib/python3.8/site-packages/airflow/example_dags/subdags/subdag.py took 0.027 seconds
[2021-04-23 11:01:24,681] {scheduler_job.py:182} INFO - Started process (PID=87324) to work on /Users/wschrep/FreelanceWork/VIAA/IIIF_newproject/python_env/lib/python3.8/site-packages/airflow/example_dags/subdags/subdag.py
[2021-04-23 11:01:24,682] {scheduler_job.py:629} INFO - Processing file /Users/wschrep/FreelanceWork/VIAA/IIIF_newproject/python_env/lib/python3.8/site-packages/airflow/example_dags/subdags/subdag.py for tasks to queue
[2021-04-23 11:01:24,682] {logging_mixin.py:104} INFO - [2021-04-23 11:01:24,682] {dagbag.py:451} INFO - Filling up the DagBag from /Users/wschrep/FreelanceWork/VIAA/IIIF_newproject/python_env/lib/python3.8/site-packages/airflow/example_dags/subdags/subdag.py
[2021-04-23 11:01:24,684] {scheduler_job.py:641} WARNING - No viable dags retrieved from /Users/wschrep/FreelanceWork/VIAA/IIIF_newproject/python_env/lib/python3.8/site-packages/airflow/example_dags/subdags/subdag.py
[2021-04-23 11:01:24,709] {scheduler_job.py:190} INFO - Processing /Users/wschrep/FreelanceWork/VIAA/IIIF_newproject/python_env/lib/python3.8/site-packages/airflow/example_dags/subdags/subdag.py took 0.029 seconds
[2021-04-23 11:02:28,659] {scheduler_job.py:182} INFO - Started process (PID=87676) to work on /Users/wschrep/FreelanceWork/VIAA/IIIF_newproject/python_env/lib/python3.8/site-packages/airflow/example_dags/subdags/subdag.py
[2021-04-23 11:02:28,661] {scheduler_job.py:629} INFO - Processing file /Users/wschrep/FreelanceWork/VIAA/IIIF_newproject/python_env/lib/python3.8/site-packages/airflow/example_dags/subdags/subdag.py for tasks to queue
[2021-04-23 11:02:28,661] {logging_mixin.py:104} INFO - [2021-04-23 11:02:28,661] {dagbag.py:451} INFO - Filling up the DagBag from /Users/wschrep/FreelanceWork/VIAA/IIIF_newproject/python_env/lib/python3.8/site-packages/airflow/example_dags/subdags/subdag.py
[2021-04-23 11:02:28,663] {scheduler_job.py:641} WARNING - No viable dags retrieved from /Users/wschrep/FreelanceWork/VIAA/IIIF_newproject/python_env/lib/python3.8/site-packages/airflow/example_dags/subdags/subdag.py
[2021-04-23 11:02:28,692] {scheduler_job.py:190} INFO - Processing /Users/wschrep/FreelanceWork/VIAA/IIIF_newproject/python_env/lib/python3.8/site-packages/airflow/example_dags/subdags/subdag.py took 0.033 seconds
[2021-04-23 11:03:37,526] {scheduler_job.py:182} INFO - Started process (PID=88054) to work on /Users/wschrep/FreelanceWork/VIAA/IIIF_newproject/python_env/lib/python3.8/site-packages/airflow/example_dags/subdags/subdag.py
[2021-04-23 11:03:37,527] {scheduler_job.py:629} INFO - Processing file /Users/wschrep/FreelanceWork/VIAA/IIIF_newproject/python_env/lib/python3.8/site-packages/airflow/example_dags/subdags/subdag.py for tasks to queue
[2021-04-23 11:03:37,527] {logging_mixin.py:104} INFO - [2021-04-23 11:03:37,527] {dagbag.py:451} INFO - Filling up the DagBag from /Users/wschrep/FreelanceWork/VIAA/IIIF_newproject/python_env/lib/python3.8/site-packages/airflow/example_dags/subdags/subdag.py
[2021-04-23 11:03:37,529] {scheduler_job.py:641} WARNING - No viable dags retrieved from /Users/wschrep/FreelanceWork/VIAA/IIIF_newproject/python_env/lib/python3.8/site-packages/airflow/example_dags/subdags/subdag.py
[2021-04-23 11:03:37,553] {scheduler_job.py:190} INFO - Processing /Users/wschrep/FreelanceWork/VIAA/IIIF_newproject/python_env/lib/python3.8/site-packages/airflow/example_dags/subdags/subdag.py took 0.028 seconds
[2021-04-23 11:04:47,435] {scheduler_job.py:182} INFO - Started process (PID=88428) to work on /Users/wschrep/FreelanceWork/VIAA/IIIF_newproject/python_env/lib/python3.8/site-packages/airflow/example_dags/subdags/subdag.py
[2021-04-23 11:04:47,437] {scheduler_job.py:629} INFO - Processing file /Users/wschrep/FreelanceWork/VIAA/IIIF_newproject/python_env/lib/python3.8/site-packages/airflow/example_dags/subdags/subdag.py for tasks to queue
[2021-04-23 11:04:47,437] {logging_mixin.py:104} INFO - [2021-04-23 11:04:47,437] {dagbag.py:451} INFO - Filling up the DagBag from /Users/wschrep/FreelanceWork/VIAA/IIIF_newproject/python_env/lib/python3.8/site-packages/airflow/example_dags/subdags/subdag.py
[2021-04-23 11:04:47,439] {scheduler_job.py:641} WARNING - No viable dags retrieved from /Users/wschrep/FreelanceWork/VIAA/IIIF_newproject/python_env/lib/python3.8/site-packages/airflow/example_dags/subdags/subdag.py
[2021-04-23 11:04:47,465] {scheduler_job.py:190} INFO - Processing /Users/wschrep/FreelanceWork/VIAA/IIIF_newproject/python_env/lib/python3.8/site-packages/airflow/example_dags/subdags/subdag.py took 0.031 seconds
[2021-04-23 11:06:00,163] {scheduler_job.py:182} INFO - Started process (PID=88829) to work on /Users/wschrep/FreelanceWork/VIAA/IIIF_newproject/python_env/lib/python3.8/site-packages/airflow/example_dags/subdags/subdag.py
[2021-04-23 11:06:00,164] {scheduler_job.py:629} INFO - Processing file /Users/wschrep/FreelanceWork/VIAA/IIIF_newproject/python_env/lib/python3.8/site-packages/airflow/example_dags/subdags/subdag.py for tasks to queue
[2021-04-23 11:06:00,165] {logging_mixin.py:104} INFO - [2021-04-23 11:06:00,165] {dagbag.py:451} INFO - Filling up the DagBag from /Users/wschrep/FreelanceWork/VIAA/IIIF_newproject/python_env/lib/python3.8/site-packages/airflow/example_dags/subdags/subdag.py
[2021-04-23 11:06:00,168] {scheduler_job.py:641} WARNING - No viable dags retrieved from /Users/wschrep/FreelanceWork/VIAA/IIIF_newproject/python_env/lib/python3.8/site-packages/airflow/example_dags/subdags/subdag.py
[2021-04-23 11:06:00,192] {scheduler_job.py:190} INFO - Processing /Users/wschrep/FreelanceWork/VIAA/IIIF_newproject/python_env/lib/python3.8/site-packages/airflow/example_dags/subdags/subdag.py took 0.030 seconds
[2021-04-23 11:06:53,023] {scheduler_job.py:182} INFO - Started process (PID=89117) to work on /Users/wschrep/FreelanceWork/VIAA/IIIF_newproject/python_env/lib/python3.8/site-packages/airflow/example_dags/subdags/subdag.py
[2021-04-23 11:06:53,024] {scheduler_job.py:629} INFO - Processing file /Users/wschrep/FreelanceWork/VIAA/IIIF_newproject/python_env/lib/python3.8/site-packages/airflow/example_dags/subdags/subdag.py for tasks to queue
[2021-04-23 11:06:53,025] {logging_mixin.py:104} INFO - [2021-04-23 11:06:53,024] {dagbag.py:451} INFO - Filling up the DagBag from /Users/wschrep/FreelanceWork/VIAA/IIIF_newproject/python_env/lib/python3.8/site-packages/airflow/example_dags/subdags/subdag.py
[2021-04-23 11:06:53,027] {scheduler_job.py:641} WARNING - No viable dags retrieved from /Users/wschrep/FreelanceWork/VIAA/IIIF_newproject/python_env/lib/python3.8/site-packages/airflow/example_dags/subdags/subdag.py
[2021-04-23 11:06:53,054] {scheduler_job.py:190} INFO - Processing /Users/wschrep/FreelanceWork/VIAA/IIIF_newproject/python_env/lib/python3.8/site-packages/airflow/example_dags/subdags/subdag.py took 0.032 seconds
[2021-04-23 11:07:59,014] {scheduler_job.py:182} INFO - Started process (PID=89473) to work on /Users/wschrep/FreelanceWork/VIAA/IIIF_newproject/python_env/lib/python3.8/site-packages/airflow/example_dags/subdags/subdag.py
[2021-04-23 11:07:59,015] {scheduler_job.py:629} INFO - Processing file /Users/wschrep/FreelanceWork/VIAA/IIIF_newproject/python_env/lib/python3.8/site-packages/airflow/example_dags/subdags/subdag.py for tasks to queue
[2021-04-23 11:07:59,015] {logging_mixin.py:104} INFO - [2021-04-23 11:07:59,015] {dagbag.py:451} INFO - Filling up the DagBag from /Users/wschrep/FreelanceWork/VIAA/IIIF_newproject/python_env/lib/python3.8/site-packages/airflow/example_dags/subdags/subdag.py
[2021-04-23 11:07:59,017] {scheduler_job.py:641} WARNING - No viable dags retrieved from /Users/wschrep/FreelanceWork/VIAA/IIIF_newproject/python_env/lib/python3.8/site-packages/airflow/example_dags/subdags/subdag.py
[2021-04-23 11:07:59,050] {scheduler_job.py:190} INFO - Processing /Users/wschrep/FreelanceWork/VIAA/IIIF_newproject/python_env/lib/python3.8/site-packages/airflow/example_dags/subdags/subdag.py took 0.037 seconds
[2021-04-23 11:09:07,652] {scheduler_job.py:182} INFO - Started process (PID=89852) to work on /Users/wschrep/FreelanceWork/VIAA/IIIF_newproject/python_env/lib/python3.8/site-packages/airflow/example_dags/subdags/subdag.py
[2021-04-23 11:09:07,654] {scheduler_job.py:629} INFO - Processing file /Users/wschrep/FreelanceWork/VIAA/IIIF_newproject/python_env/lib/python3.8/site-packages/airflow/example_dags/subdags/subdag.py for tasks to queue
[2021-04-23 11:09:07,654] {logging_mixin.py:104} INFO - [2021-04-23 11:09:07,654] {dagbag.py:451} INFO - Filling up the DagBag from /Users/wschrep/FreelanceWork/VIAA/IIIF_newproject/python_env/lib/python3.8/site-packages/airflow/example_dags/subdags/subdag.py
[2021-04-23 11:09:07,657] {scheduler_job.py:641} WARNING - No viable dags retrieved from /Users/wschrep/FreelanceWork/VIAA/IIIF_newproject/python_env/lib/python3.8/site-packages/airflow/example_dags/subdags/subdag.py
[2021-04-23 11:09:07,698] {scheduler_job.py:190} INFO - Processing /Users/wschrep/FreelanceWork/VIAA/IIIF_newproject/python_env/lib/python3.8/site-packages/airflow/example_dags/subdags/subdag.py took 0.047 seconds
[2021-04-23 11:09:58,800] {scheduler_job.py:182} INFO - Started process (PID=90131) to work on /Users/wschrep/FreelanceWork/VIAA/IIIF_newproject/python_env/lib/python3.8/site-packages/airflow/example_dags/subdags/subdag.py
[2021-04-23 11:09:58,801] {scheduler_job.py:629} INFO - Processing file /Users/wschrep/FreelanceWork/VIAA/IIIF_newproject/python_env/lib/python3.8/site-packages/airflow/example_dags/subdags/subdag.py for tasks to queue
[2021-04-23 11:09:58,802] {logging_mixin.py:104} INFO - [2021-04-23 11:09:58,802] {dagbag.py:451} INFO - Filling up the DagBag from /Users/wschrep/FreelanceWork/VIAA/IIIF_newproject/python_env/lib/python3.8/site-packages/airflow/example_dags/subdags/subdag.py
[2021-04-23 11:09:58,804] {scheduler_job.py:641} WARNING - No viable dags retrieved from /Users/wschrep/FreelanceWork/VIAA/IIIF_newproject/python_env/lib/python3.8/site-packages/airflow/example_dags/subdags/subdag.py
[2021-04-23 11:09:58,834] {scheduler_job.py:190} INFO - Processing /Users/wschrep/FreelanceWork/VIAA/IIIF_newproject/python_env/lib/python3.8/site-packages/airflow/example_dags/subdags/subdag.py took 0.034 seconds
[2021-04-23 11:10:47,330] {scheduler_job.py:182} INFO - Started process (PID=90470) to work on /Users/wschrep/FreelanceWork/VIAA/IIIF_newproject/python_env/lib/python3.8/site-packages/airflow/example_dags/subdags/subdag.py
[2021-04-23 11:10:47,331] {scheduler_job.py:629} INFO - Processing file /Users/wschrep/FreelanceWork/VIAA/IIIF_newproject/python_env/lib/python3.8/site-packages/airflow/example_dags/subdags/subdag.py for tasks to queue
[2021-04-23 11:10:47,332] {logging_mixin.py:104} INFO - [2021-04-23 11:10:47,332] {dagbag.py:451} INFO - Filling up the DagBag from /Users/wschrep/FreelanceWork/VIAA/IIIF_newproject/python_env/lib/python3.8/site-packages/airflow/example_dags/subdags/subdag.py
[2021-04-23 11:10:47,335] {scheduler_job.py:641} WARNING - No viable dags retrieved from /Users/wschrep/FreelanceWork/VIAA/IIIF_newproject/python_env/lib/python3.8/site-packages/airflow/example_dags/subdags/subdag.py
[2021-04-23 11:10:47,362] {scheduler_job.py:190} INFO - Processing /Users/wschrep/FreelanceWork/VIAA/IIIF_newproject/python_env/lib/python3.8/site-packages/airflow/example_dags/subdags/subdag.py took 0.034 seconds
[2021-04-23 11:11:53,445] {scheduler_job.py:182} INFO - Started process (PID=90856) to work on /Users/wschrep/FreelanceWork/VIAA/IIIF_newproject/python_env/lib/python3.8/site-packages/airflow/example_dags/subdags/subdag.py
[2021-04-23 11:11:53,447] {scheduler_job.py:629} INFO - Processing file /Users/wschrep/FreelanceWork/VIAA/IIIF_newproject/python_env/lib/python3.8/site-packages/airflow/example_dags/subdags/subdag.py for tasks to queue
[2021-04-23 11:11:53,447] {logging_mixin.py:104} INFO - [2021-04-23 11:11:53,447] {dagbag.py:451} INFO - Filling up the DagBag from /Users/wschrep/FreelanceWork/VIAA/IIIF_newproject/python_env/lib/python3.8/site-packages/airflow/example_dags/subdags/subdag.py
[2021-04-23 11:11:53,450] {scheduler_job.py:641} WARNING - No viable dags retrieved from /Users/wschrep/FreelanceWork/VIAA/IIIF_newproject/python_env/lib/python3.8/site-packages/airflow/example_dags/subdags/subdag.py
[2021-04-23 11:11:53,475] {scheduler_job.py:190} INFO - Processing /Users/wschrep/FreelanceWork/VIAA/IIIF_newproject/python_env/lib/python3.8/site-packages/airflow/example_dags/subdags/subdag.py took 0.030 seconds
[2021-04-23 11:12:59,588] {scheduler_job.py:182} INFO - Started process (PID=91246) to work on /Users/wschrep/FreelanceWork/VIAA/IIIF_newproject/python_env/lib/python3.8/site-packages/airflow/example_dags/subdags/subdag.py
[2021-04-23 11:12:59,588] {scheduler_job.py:629} INFO - Processing file /Users/wschrep/FreelanceWork/VIAA/IIIF_newproject/python_env/lib/python3.8/site-packages/airflow/example_dags/subdags/subdag.py for tasks to queue
[2021-04-23 11:12:59,589] {logging_mixin.py:104} INFO - [2021-04-23 11:12:59,589] {dagbag.py:451} INFO - Filling up the DagBag from /Users/wschrep/FreelanceWork/VIAA/IIIF_newproject/python_env/lib/python3.8/site-packages/airflow/example_dags/subdags/subdag.py
[2021-04-23 11:12:59,590] {scheduler_job.py:641} WARNING - No viable dags retrieved from /Users/wschrep/FreelanceWork/VIAA/IIIF_newproject/python_env/lib/python3.8/site-packages/airflow/example_dags/subdags/subdag.py
[2021-04-23 11:12:59,616] {scheduler_job.py:190} INFO - Processing /Users/wschrep/FreelanceWork/VIAA/IIIF_newproject/python_env/lib/python3.8/site-packages/airflow/example_dags/subdags/subdag.py took 0.029 seconds
[2021-04-23 11:14:09,650] {scheduler_job.py:182} INFO - Started process (PID=91734) to work on /Users/wschrep/FreelanceWork/VIAA/IIIF_newproject/python_env/lib/python3.8/site-packages/airflow/example_dags/subdags/subdag.py
[2021-04-23 11:14:09,652] {scheduler_job.py:629} INFO - Processing file /Users/wschrep/FreelanceWork/VIAA/IIIF_newproject/python_env/lib/python3.8/site-packages/airflow/example_dags/subdags/subdag.py for tasks to queue
[2021-04-23 11:14:09,653] {logging_mixin.py:104} INFO - [2021-04-23 11:14:09,653] {dagbag.py:451} INFO - Filling up the DagBag from /Users/wschrep/FreelanceWork/VIAA/IIIF_newproject/python_env/lib/python3.8/site-packages/airflow/example_dags/subdags/subdag.py
[2021-04-23 11:14:09,656] {scheduler_job.py:641} WARNING - No viable dags retrieved from /Users/wschrep/FreelanceWork/VIAA/IIIF_newproject/python_env/lib/python3.8/site-packages/airflow/example_dags/subdags/subdag.py
[2021-04-23 11:14:09,681] {scheduler_job.py:190} INFO - Processing /Users/wschrep/FreelanceWork/VIAA/IIIF_newproject/python_env/lib/python3.8/site-packages/airflow/example_dags/subdags/subdag.py took 0.032 seconds
[2021-04-23 11:15:15,602] {scheduler_job.py:182} INFO - Started process (PID=92141) to work on /Users/wschrep/FreelanceWork/VIAA/IIIF_newproject/python_env/lib/python3.8/site-packages/airflow/example_dags/subdags/subdag.py
[2021-04-23 11:15:15,602] {scheduler_job.py:629} INFO - Processing file /Users/wschrep/FreelanceWork/VIAA/IIIF_newproject/python_env/lib/python3.8/site-packages/airflow/example_dags/subdags/subdag.py for tasks to queue
[2021-04-23 11:15:15,602] {logging_mixin.py:104} INFO - [2021-04-23 11:15:15,602] {dagbag.py:451} INFO - Filling up the DagBag from /Users/wschrep/FreelanceWork/VIAA/IIIF_newproject/python_env/lib/python3.8/site-packages/airflow/example_dags/subdags/subdag.py
[2021-04-23 11:15:15,604] {scheduler_job.py:641} WARNING - No viable dags retrieved from /Users/wschrep/FreelanceWork/VIAA/IIIF_newproject/python_env/lib/python3.8/site-packages/airflow/example_dags/subdags/subdag.py
[2021-04-23 11:15:15,628] {scheduler_job.py:190} INFO - Processing /Users/wschrep/FreelanceWork/VIAA/IIIF_newproject/python_env/lib/python3.8/site-packages/airflow/example_dags/subdags/subdag.py took 0.027 seconds
[2021-04-23 11:16:24,753] {scheduler_job.py:182} INFO - Started process (PID=92505) to work on /Users/wschrep/FreelanceWork/VIAA/IIIF_newproject/python_env/lib/python3.8/site-packages/airflow/example_dags/subdags/subdag.py
[2021-04-23 11:16:24,754] {scheduler_job.py:629} INFO - Processing file /Users/wschrep/FreelanceWork/VIAA/IIIF_newproject/python_env/lib/python3.8/site-packages/airflow/example_dags/subdags/subdag.py for tasks to queue
[2021-04-23 11:16:24,755] {logging_mixin.py:104} INFO - [2021-04-23 11:16:24,755] {dagbag.py:451} INFO - Filling up the DagBag from /Users/wschrep/FreelanceWork/VIAA/IIIF_newproject/python_env/lib/python3.8/site-packages/airflow/example_dags/subdags/subdag.py
[2021-04-23 11:16:24,758] {scheduler_job.py:641} WARNING - No viable dags retrieved from /Users/wschrep/FreelanceWork/VIAA/IIIF_newproject/python_env/lib/python3.8/site-packages/airflow/example_dags/subdags/subdag.py
[2021-04-23 11:16:24,784] {scheduler_job.py:190} INFO - Processing /Users/wschrep/FreelanceWork/VIAA/IIIF_newproject/python_env/lib/python3.8/site-packages/airflow/example_dags/subdags/subdag.py took 0.032 seconds
[2021-04-23 11:17:30,990] {scheduler_job.py:182} INFO - Started process (PID=92985) to work on /Users/wschrep/FreelanceWork/VIAA/IIIF_newproject/python_env/lib/python3.8/site-packages/airflow/example_dags/subdags/subdag.py
[2021-04-23 11:17:30,991] {scheduler_job.py:629} INFO - Processing file /Users/wschrep/FreelanceWork/VIAA/IIIF_newproject/python_env/lib/python3.8/site-packages/airflow/example_dags/subdags/subdag.py for tasks to queue
[2021-04-23 11:17:30,991] {logging_mixin.py:104} INFO - [2021-04-23 11:17:30,991] {dagbag.py:451} INFO - Filling up the DagBag from /Users/wschrep/FreelanceWork/VIAA/IIIF_newproject/python_env/lib/python3.8/site-packages/airflow/example_dags/subdags/subdag.py
[2021-04-23 11:17:30,994] {scheduler_job.py:641} WARNING - No viable dags retrieved from /Users/wschrep/FreelanceWork/VIAA/IIIF_newproject/python_env/lib/python3.8/site-packages/airflow/example_dags/subdags/subdag.py
[2021-04-23 11:17:31,023] {scheduler_job.py:190} INFO - Processing /Users/wschrep/FreelanceWork/VIAA/IIIF_newproject/python_env/lib/python3.8/site-packages/airflow/example_dags/subdags/subdag.py took 0.034 seconds
[2021-04-23 11:18:36,959] {scheduler_job.py:182} INFO - Started process (PID=93362) to work on /Users/wschrep/FreelanceWork/VIAA/IIIF_newproject/python_env/lib/python3.8/site-packages/airflow/example_dags/subdags/subdag.py
[2021-04-23 11:18:36,959] {scheduler_job.py:629} INFO - Processing file /Users/wschrep/FreelanceWork/VIAA/IIIF_newproject/python_env/lib/python3.8/site-packages/airflow/example_dags/subdags/subdag.py for tasks to queue
[2021-04-23 11:18:36,960] {logging_mixin.py:104} INFO - [2021-04-23 11:18:36,960] {dagbag.py:451} INFO - Filling up the DagBag from /Users/wschrep/FreelanceWork/VIAA/IIIF_newproject/python_env/lib/python3.8/site-packages/airflow/example_dags/subdags/subdag.py
[2021-04-23 11:18:36,961] {scheduler_job.py:641} WARNING - No viable dags retrieved from /Users/wschrep/FreelanceWork/VIAA/IIIF_newproject/python_env/lib/python3.8/site-packages/airflow/example_dags/subdags/subdag.py
[2021-04-23 11:18:36,987] {scheduler_job.py:190} INFO - Processing /Users/wschrep/FreelanceWork/VIAA/IIIF_newproject/python_env/lib/python3.8/site-packages/airflow/example_dags/subdags/subdag.py took 0.029 seconds
[2021-04-23 11:19:42,977] {scheduler_job.py:182} INFO - Started process (PID=93776) to work on /Users/wschrep/FreelanceWork/VIAA/IIIF_newproject/python_env/lib/python3.8/site-packages/airflow/example_dags/subdags/subdag.py
[2021-04-23 11:19:42,978] {scheduler_job.py:629} INFO - Processing file /Users/wschrep/FreelanceWork/VIAA/IIIF_newproject/python_env/lib/python3.8/site-packages/airflow/example_dags/subdags/subdag.py for tasks to queue
[2021-04-23 11:19:42,979] {logging_mixin.py:104} INFO - [2021-04-23 11:19:42,978] {dagbag.py:451} INFO - Filling up the DagBag from /Users/wschrep/FreelanceWork/VIAA/IIIF_newproject/python_env/lib/python3.8/site-packages/airflow/example_dags/subdags/subdag.py
[2021-04-23 11:19:42,981] {scheduler_job.py:641} WARNING - No viable dags retrieved from /Users/wschrep/FreelanceWork/VIAA/IIIF_newproject/python_env/lib/python3.8/site-packages/airflow/example_dags/subdags/subdag.py
[2021-04-23 11:19:43,008] {scheduler_job.py:190} INFO - Processing /Users/wschrep/FreelanceWork/VIAA/IIIF_newproject/python_env/lib/python3.8/site-packages/airflow/example_dags/subdags/subdag.py took 0.032 seconds
[2021-04-23 11:20:48,859] {scheduler_job.py:182} INFO - Started process (PID=94151) to work on /Users/wschrep/FreelanceWork/VIAA/IIIF_newproject/python_env/lib/python3.8/site-packages/airflow/example_dags/subdags/subdag.py
[2021-04-23 11:20:48,859] {scheduler_job.py:629} INFO - Processing file /Users/wschrep/FreelanceWork/VIAA/IIIF_newproject/python_env/lib/python3.8/site-packages/airflow/example_dags/subdags/subdag.py for tasks to queue
[2021-04-23 11:20:48,859] {logging_mixin.py:104} INFO - [2021-04-23 11:20:48,859] {dagbag.py:451} INFO - Filling up the DagBag from /Users/wschrep/FreelanceWork/VIAA/IIIF_newproject/python_env/lib/python3.8/site-packages/airflow/example_dags/subdags/subdag.py
[2021-04-23 11:20:48,861] {scheduler_job.py:641} WARNING - No viable dags retrieved from /Users/wschrep/FreelanceWork/VIAA/IIIF_newproject/python_env/lib/python3.8/site-packages/airflow/example_dags/subdags/subdag.py
[2021-04-23 11:20:48,885] {scheduler_job.py:190} INFO - Processing /Users/wschrep/FreelanceWork/VIAA/IIIF_newproject/python_env/lib/python3.8/site-packages/airflow/example_dags/subdags/subdag.py took 0.027 seconds
[2021-04-23 11:21:54,996] {scheduler_job.py:182} INFO - Started process (PID=94519) to work on /Users/wschrep/FreelanceWork/VIAA/IIIF_newproject/python_env/lib/python3.8/site-packages/airflow/example_dags/subdags/subdag.py
[2021-04-23 11:21:54,997] {scheduler_job.py:629} INFO - Processing file /Users/wschrep/FreelanceWork/VIAA/IIIF_newproject/python_env/lib/python3.8/site-packages/airflow/example_dags/subdags/subdag.py for tasks to queue
[2021-04-23 11:21:54,997] {logging_mixin.py:104} INFO - [2021-04-23 11:21:54,997] {dagbag.py:451} INFO - Filling up the DagBag from /Users/wschrep/FreelanceWork/VIAA/IIIF_newproject/python_env/lib/python3.8/site-packages/airflow/example_dags/subdags/subdag.py
[2021-04-23 11:21:55,000] {scheduler_job.py:641} WARNING - No viable dags retrieved from /Users/wschrep/FreelanceWork/VIAA/IIIF_newproject/python_env/lib/python3.8/site-packages/airflow/example_dags/subdags/subdag.py
[2021-04-23 11:21:55,028] {scheduler_job.py:190} INFO - Processing /Users/wschrep/FreelanceWork/VIAA/IIIF_newproject/python_env/lib/python3.8/site-packages/airflow/example_dags/subdags/subdag.py took 0.032 seconds
[2021-04-23 11:23:01,275] {scheduler_job.py:182} INFO - Started process (PID=94875) to work on /Users/wschrep/FreelanceWork/VIAA/IIIF_newproject/python_env/lib/python3.8/site-packages/airflow/example_dags/subdags/subdag.py
[2021-04-23 11:23:01,276] {scheduler_job.py:629} INFO - Processing file /Users/wschrep/FreelanceWork/VIAA/IIIF_newproject/python_env/lib/python3.8/site-packages/airflow/example_dags/subdags/subdag.py for tasks to queue
[2021-04-23 11:23:01,276] {logging_mixin.py:104} INFO - [2021-04-23 11:23:01,276] {dagbag.py:451} INFO - Filling up the DagBag from /Users/wschrep/FreelanceWork/VIAA/IIIF_newproject/python_env/lib/python3.8/site-packages/airflow/example_dags/subdags/subdag.py
[2021-04-23 11:23:01,277] {scheduler_job.py:641} WARNING - No viable dags retrieved from /Users/wschrep/FreelanceWork/VIAA/IIIF_newproject/python_env/lib/python3.8/site-packages/airflow/example_dags/subdags/subdag.py
[2021-04-23 11:23:01,302] {scheduler_job.py:190} INFO - Processing /Users/wschrep/FreelanceWork/VIAA/IIIF_newproject/python_env/lib/python3.8/site-packages/airflow/example_dags/subdags/subdag.py took 0.027 seconds
[2021-04-23 11:24:07,502] {scheduler_job.py:182} INFO - Started process (PID=95241) to work on /Users/wschrep/FreelanceWork/VIAA/IIIF_newproject/python_env/lib/python3.8/site-packages/airflow/example_dags/subdags/subdag.py
[2021-04-23 11:24:07,502] {scheduler_job.py:629} INFO - Processing file /Users/wschrep/FreelanceWork/VIAA/IIIF_newproject/python_env/lib/python3.8/site-packages/airflow/example_dags/subdags/subdag.py for tasks to queue
[2021-04-23 11:24:07,502] {logging_mixin.py:104} INFO - [2021-04-23 11:24:07,502] {dagbag.py:451} INFO - Filling up the DagBag from /Users/wschrep/FreelanceWork/VIAA/IIIF_newproject/python_env/lib/python3.8/site-packages/airflow/example_dags/subdags/subdag.py
[2021-04-23 11:24:07,505] {scheduler_job.py:641} WARNING - No viable dags retrieved from /Users/wschrep/FreelanceWork/VIAA/IIIF_newproject/python_env/lib/python3.8/site-packages/airflow/example_dags/subdags/subdag.py
[2021-04-23 11:24:07,542] {scheduler_job.py:190} INFO - Processing /Users/wschrep/FreelanceWork/VIAA/IIIF_newproject/python_env/lib/python3.8/site-packages/airflow/example_dags/subdags/subdag.py took 0.041 seconds
[2021-04-23 11:25:13,617] {scheduler_job.py:182} INFO - Started process (PID=95626) to work on /Users/wschrep/FreelanceWork/VIAA/IIIF_newproject/python_env/lib/python3.8/site-packages/airflow/example_dags/subdags/subdag.py
[2021-04-23 11:25:13,618] {scheduler_job.py:629} INFO - Processing file /Users/wschrep/FreelanceWork/VIAA/IIIF_newproject/python_env/lib/python3.8/site-packages/airflow/example_dags/subdags/subdag.py for tasks to queue
[2021-04-23 11:25:13,618] {logging_mixin.py:104} INFO - [2021-04-23 11:25:13,618] {dagbag.py:451} INFO - Filling up the DagBag from /Users/wschrep/FreelanceWork/VIAA/IIIF_newproject/python_env/lib/python3.8/site-packages/airflow/example_dags/subdags/subdag.py
[2021-04-23 11:25:13,620] {scheduler_job.py:641} WARNING - No viable dags retrieved from /Users/wschrep/FreelanceWork/VIAA/IIIF_newproject/python_env/lib/python3.8/site-packages/airflow/example_dags/subdags/subdag.py
[2021-04-23 11:25:13,659] {scheduler_job.py:190} INFO - Processing /Users/wschrep/FreelanceWork/VIAA/IIIF_newproject/python_env/lib/python3.8/site-packages/airflow/example_dags/subdags/subdag.py took 0.042 seconds
