[2021-04-22 02:00:07,784] {taskinstance.py:877} INFO - Dependencies all met for <TaskInstance: example_bash_operator.runme_2 2021-04-21T00:00:00+00:00 [queued]>
[2021-04-22 02:00:07,792] {taskinstance.py:877} INFO - Dependencies all met for <TaskInstance: example_bash_operator.runme_2 2021-04-21T00:00:00+00:00 [queued]>
[2021-04-22 02:00:07,792] {taskinstance.py:1068} INFO - 
--------------------------------------------------------------------------------
[2021-04-22 02:00:07,792] {taskinstance.py:1069} INFO - Starting attempt 1 of 1
[2021-04-22 02:00:07,792] {taskinstance.py:1070} INFO - 
--------------------------------------------------------------------------------
[2021-04-22 02:00:07,798] {taskinstance.py:1089} INFO - Executing <Task(BashOperator): runme_2> on 2021-04-21T00:00:00+00:00
[2021-04-22 02:00:07,800] {standard_task_runner.py:52} INFO - Started process 55553 to run task
[2021-04-22 02:00:07,806] {standard_task_runner.py:76} INFO - Running: ['airflow', 'tasks', 'run', 'example_bash_operator', 'runme_2', '2021-04-21T00:00:00+00:00', '--job-id', '15', '--pool', 'default_pool', '--raw', '--subdir', '/Users/wschrep/FreelanceWork/VIAA/IIIF_newproject/python_env/lib/python3.8/site-packages/airflow/example_dags/example_bash_operator.py', '--cfg-path', '/var/folders/68/c_pd8_vj55d9mdvv3mvllkh00000gn/T/tmpfb3nmcqx', '--error-file', '/var/folders/68/c_pd8_vj55d9mdvv3mvllkh00000gn/T/tmpn1l4imcg']
[2021-04-22 02:00:07,808] {standard_task_runner.py:77} INFO - Job 15: Subtask runme_2
[2021-04-22 02:00:07,840] {logging_mixin.py:104} INFO - Running <TaskInstance: example_bash_operator.runme_2 2021-04-21T00:00:00+00:00 [running]> on host 1.0.0.0.0.0.0.0.0.0.0.0.0.0.0.0.0.0.0.0.0.0.0.0.0.0.0.0.0.0.0.0.ip6.arpa
[2021-04-22 02:00:07,866] {taskinstance.py:1281} INFO - Exporting the following env vars:
AIRFLOW_CTX_DAG_OWNER=airflow
AIRFLOW_CTX_DAG_ID=example_bash_operator
AIRFLOW_CTX_TASK_ID=runme_2
AIRFLOW_CTX_EXECUTION_DATE=2021-04-21T00:00:00+00:00
AIRFLOW_CTX_DAG_RUN_ID=scheduled__2021-04-21T00:00:00+00:00
[2021-04-22 02:00:07,867] {bash.py:135} INFO - Tmp dir root location: 
 /var/folders/68/c_pd8_vj55d9mdvv3mvllkh00000gn/T
[2021-04-22 02:00:07,868] {bash.py:158} INFO - Running command: echo "example_bash_operator__runme_2__20210421" && sleep 1
[2021-04-22 02:00:07,873] {bash.py:169} INFO - Output:
[2021-04-22 02:00:07,878] {bash.py:173} INFO - example_bash_operator__runme_2__20210421
[2021-04-22 02:00:08,888] {bash.py:177} INFO - Command exited with return code 0
[2021-04-22 02:00:08,904] {taskinstance.py:1185} INFO - Marking task as SUCCESS. dag_id=example_bash_operator, task_id=runme_2, execution_date=20210421T000000, start_date=20210422T000007, end_date=20210422T000008
[2021-04-22 02:00:08,923] {taskinstance.py:1246} INFO - 1 downstream tasks scheduled from follow-on schedule check
[2021-04-22 02:00:08,934] {local_task_job.py:146} INFO - Task exited with return code 0
